[ 2018-01-16T13:52:52+08:00 ] ::1 /Hospital/index.php/System/Hospital/lst.html
INFO: [ app_init ] --START--
INFO: Run Behavior\BuildLiteBehavior [ RunTime:0.000017s ]
INFO: [ app_init ] --END-- [ RunTime:0.000733s ]
INFO: [ app_begin ] --START--
INFO: Run Behavior\ReadHtmlCacheBehavior [ RunTime:0.000893s ]
INFO: [ app_begin ] --END-- [ RunTime:0.000956s ]
SQL: SHOW COLUMNS FROM `hospital` [ RunTime:0.0032s ]
NOTIC: [8] Undefined index: hos_name D:\XAMPP\xampp\htdocs\Hospital\Application\System\Controller\HospitalController.class.php 第 10 行.
NOTIC: [8] Undefined index: hos_area D:\XAMPP\xampp\htdocs\Hospital\Application\System\Controller\HospitalController.class.php 第 12 行.
NOTIC: [8] Undefined index: hos_area D:\XAMPP\xampp\htdocs\Hospital\Application\System\Controller\HospitalController.class.php 第 15 行.
NOTIC: [8] Undefined index: hos_rank D:\XAMPP\xampp\htdocs\Hospital\Application\System\Controller\HospitalController.class.php 第 15 行.
NOTIC: [8] Undefined index: hos_area D:\XAMPP\xampp\htdocs\Hospital\Application\System\Controller\HospitalController.class.php 第 18 行.
SQL: SELECT COUNT(*) AS tp_count FROM `hospital` LIMIT 1   [ RunTime:0.0002s ]
NOTIC: [8] Undefined index: hos_name D:\XAMPP\xampp\htdocs\Hospital\Application\System\Controller\HospitalController.class.php 第 30 行.
NOTIC: [8] Undefined index: hos_area D:\XAMPP\xampp\htdocs\Hospital\Application\System\Controller\HospitalController.class.php 第 33 行.
NOTIC: [8] Undefined index: hos_area D:\XAMPP\xampp\htdocs\Hospital\Application\System\Controller\HospitalController.class.php 第 36 行.
NOTIC: [8] Undefined index: hos_rank D:\XAMPP\xampp\htdocs\Hospital\Application\System\Controller\HospitalController.class.php 第 36 行.
NOTIC: [8] Undefined index: hos_area D:\XAMPP\xampp\htdocs\Hospital\Application\System\Controller\HospitalController.class.php 第 39 行.
SQL: SELECT * FROM `hospital` LIMIT 0,3   [ RunTime:0.0002s ]
INFO: [ view_parse ] --START--
INFO: [ template_filter ] --START--
INFO: Run Behavior\ContentReplaceBehavior [ RunTime:0.000049s ]
INFO: [ template_filter ] --END-- [ RunTime:0.000084s ]
NOTIC: [8] Undefined variable: empty D:\XAMPP\xampp\htdocs\Hospital\Application\Runtime\Cache\System\0f64576673df4bd871a1373bdc309f99.php 第 79 行.
INFO: Run Behavior\ParseTemplateBehavior [ RunTime:0.006817s ]
INFO: [ view_parse ] --END-- [ RunTime:0.006867s ]
INFO: [ view_filter ] --START--
INFO: Run Behavior\WriteHtmlCacheBehavior [ RunTime:0.000569s ]
INFO: [ view_filter ] --END-- [ RunTime:0.000599s ]
INFO: [ app_end ] --START--
INFO: Run Behavior\ShowPageTraceBehavior [ RunTime:0.000619s ]
INFO: [ app_end ] --END-- [ RunTime:0.000660s ]

[ 2018-01-16T13:52:54+08:00 ] ::1 /Hospital/index.php/System/Black/black.html
INFO: [ app_init ] --START--
INFO: Run Behavior\BuildLiteBehavior [ RunTime:0.000011s ]
INFO: [ app_init ] --END-- [ RunTime:0.000438s ]
INFO: [ app_begin ] --START--
INFO: Run Behavior\ReadHtmlCacheBehavior [ RunTime:0.000694s ]
INFO: [ app_begin ] --END-- [ RunTime:0.000744s ]
SQL: SHOW COLUMNS FROM `black` [ RunTime:0.0028s ]
NOTIC: [8] Undefined index: user_id D:\XAMPP\xampp\htdocs\Hospital\Application\System\Controller\BlackController.class.php 第 8 行.
SQL: SELECT * FROM `black`  [ RunTime:0.0002s ]
INFO: [ view_parse ] --START--
INFO: [ template_filter ] --START--
INFO: Run Behavior\ContentReplaceBehavior [ RunTime:0.000044s ]
INFO: [ template_filter ] --END-- [ RunTime:0.000083s ]
NOTIC: [8] Undefined variable: empty D:\XAMPP\xampp\htdocs\Hospital\Application\Runtime\Cache\System\9dadeffd4a88919ccd2011e470e11f82.php 第 55 行.
NOTIC: [8] Undefined variable: page D:\XAMPP\xampp\htdocs\Hospital\Application\Runtime\Cache\System\9dadeffd4a88919ccd2011e470e11f82.php 第 61 行.
INFO: Run Behavior\ParseTemplateBehavior [ RunTime:0.006966s ]
INFO: [ view_parse ] --END-- [ RunTime:0.007016s ]
INFO: [ view_filter ] --START--
INFO: Run Behavior\WriteHtmlCacheBehavior [ RunTime:0.000551s ]
INFO: [ view_filter ] --END-- [ RunTime:0.000581s ]
INFO: [ app_end ] --START--
INFO: Run Behavior\ShowPageTraceBehavior [ RunTime:0.000709s ]
INFO: [ app_end ] --END-- [ RunTime:0.000748s ]

[ 2018-01-16T13:52:55+08:00 ] ::1 /Hospital/index.php/System/Hospital/lst.html
INFO: [ app_init ] --START--
INFO: Run Behavior\BuildLiteBehavior [ RunTime:0.000034s ]
INFO: [ app_init ] --END-- [ RunTime:0.000656s ]
INFO: [ app_begin ] --START--
INFO: Run Behavior\ReadHtmlCacheBehavior [ RunTime:0.000597s ]
INFO: [ app_begin ] --END-- [ RunTime:0.000639s ]
SQL: SHOW COLUMNS FROM `hospital` [ RunTime:0.0041s ]
NOTIC: [8] Undefined index: hos_name D:\XAMPP\xampp\htdocs\Hospital\Application\System\Controller\HospitalController.class.php 第 10 行.
NOTIC: [8] Undefined index: hos_area D:\XAMPP\xampp\htdocs\Hospital\Application\System\Controller\HospitalController.class.php 第 12 行.
NOTIC: [8] Undefined index: hos_area D:\XAMPP\xampp\htdocs\Hospital\Application\System\Controller\HospitalController.class.php 第 15 行.
NOTIC: [8] Undefined index: hos_rank D:\XAMPP\xampp\htdocs\Hospital\Application\System\Controller\HospitalController.class.php 第 15 行.
NOTIC: [8] Undefined index: hos_area D:\XAMPP\xampp\htdocs\Hospital\Application\System\Controller\HospitalController.class.php 第 18 行.
SQL: SELECT COUNT(*) AS tp_count FROM `hospital` LIMIT 1   [ RunTime:0.0002s ]
NOTIC: [8] Undefined index: hos_name D:\XAMPP\xampp\htdocs\Hospital\Application\System\Controller\HospitalController.class.php 第 30 行.
NOTIC: [8] Undefined index: hos_area D:\XAMPP\xampp\htdocs\Hospital\Application\System\Controller\HospitalController.class.php 第 33 行.
NOTIC: [8] Undefined index: hos_area D:\XAMPP\xampp\htdocs\Hospital\Application\System\Controller\HospitalController.class.php 第 36 行.
NOTIC: [8] Undefined index: hos_rank D:\XAMPP\xampp\htdocs\Hospital\Application\System\Controller\HospitalController.class.php 第 36 行.
NOTIC: [8] Undefined index: hos_area D:\XAMPP\xampp\htdocs\Hospital\Application\System\Controller\HospitalController.class.php 第 39 行.
SQL: SELECT * FROM `hospital` LIMIT 0,3   [ RunTime:0.0002s ]
INFO: [ view_parse ] --START--
INFO: [ template_filter ] --START--
INFO: Run Behavior\ContentReplaceBehavior [ RunTime:0.000049s ]
INFO: [ template_filter ] --END-- [ RunTime:0.000083s ]
NOTIC: [8] Undefined variable: empty D:\XAMPP\xampp\htdocs\Hospital\Application\Runtime\Cache\System\0f64576673df4bd871a1373bdc309f99.php 第 79 行.
INFO: Run Behavior\ParseTemplateBehavior [ RunTime:0.007170s ]
INFO: [ view_parse ] --END-- [ RunTime:0.007213s ]
INFO: [ view_filter ] --START--
INFO: Run Behavior\WriteHtmlCacheBehavior [ RunTime:0.000496s ]
INFO: [ view_filter ] --END-- [ RunTime:0.000527s ]
INFO: [ app_end ] --START--
INFO: Run Behavior\ShowPageTraceBehavior [ RunTime:0.000641s ]
INFO: [ app_end ] --END-- [ RunTime:0.000672s ]

[ 2018-01-16T13:52:57+08:00 ] ::1 /Hospital/index.php/System/Hospital/add
INFO: [ app_init ] --START--
INFO: Run Behavior\BuildLiteBehavior [ RunTime:0.000012s ]
INFO: [ app_init ] --END-- [ RunTime:0.000454s ]
INFO: [ app_begin ] --START--
INFO: Run Behavior\ReadHtmlCacheBehavior [ RunTime:0.000754s ]
INFO: [ app_begin ] --END-- [ RunTime:0.000816s ]
INFO: [ view_parse ] --START--
INFO: [ template_filter ] --START--
INFO: Run Behavior\ContentReplaceBehavior [ RunTime:0.000041s ]
INFO: [ template_filter ] --END-- [ RunTime:0.000075s ]
INFO: Run Behavior\ParseTemplateBehavior [ RunTime:0.005882s ]
INFO: [ view_parse ] --END-- [ RunTime:0.005925s ]
INFO: [ view_filter ] --START--
INFO: Run Behavior\WriteHtmlCacheBehavior [ RunTime:0.000548s ]
INFO: [ view_filter ] --END-- [ RunTime:0.000589s ]
INFO: [ app_end ] --START--
INFO: Run Behavior\ShowPageTraceBehavior [ RunTime:0.000833s ]
INFO: [ app_end ] --END-- [ RunTime:0.000870s ]

[ 2018-01-16T13:53:08+08:00 ] ::1 /Hospital/index.php/System/Hospital/add
INFO: [ app_init ] --START--
INFO: Run Behavior\BuildLiteBehavior [ RunTime:0.000012s ]
INFO: [ app_init ] --END-- [ RunTime:0.000504s ]
INFO: [ app_begin ] --START--
INFO: Run Behavior\ReadHtmlCacheBehavior [ RunTime:0.000645s ]
INFO: [ app_begin ] --END-- [ RunTime:0.000684s ]
SQL: SHOW COLUMNS FROM `hospital` [ RunTime:0.0179s ]
SQL: SELECT COUNT(*) AS tp_count FROM `hospital` WHERE ( hos_name="青岛医院" ) LIMIT 1   [ RunTime:0.0003s ]
NOTIC: [8] Undefined index: validate D:\XAMPP\xampp\htdocs\Hospital\ThinkPHP\Library\Think\Model.class.php 第 1185 行.
NOTIC: [8] Undefined index: auto D:\XAMPP\xampp\htdocs\Hospital\ThinkPHP\Library\Think\Model.class.php 第 1128 行.
SQL: INSERT INTO `hospital` (`hos_name`,`hos_area`,`hos_rank`) VALUES ('青岛医院','莱西市','三级甲等') [ RunTime:0.0857s ]
INFO: [ view_parse ] --START--
INFO: [ template_filter ] --START--
INFO: Run Behavior\ContentReplaceBehavior [ RunTime:0.000029s ]
INFO: [ template_filter ] --END-- [ RunTime:0.000062s ]
INFO: Run Behavior\ParseTemplateBehavior [ RunTime:0.005251s ]
INFO: [ view_parse ] --END-- [ RunTime:0.005306s ]
INFO: [ view_filter ] --START--
INFO: Run Behavior\WriteHtmlCacheBehavior [ RunTime:0.000555s ]
INFO: [ view_filter ] --END-- [ RunTime:0.000585s ]
INFO: [ app_end ] --START--
INFO: Run Behavior\ShowPageTraceBehavior [ RunTime:0.000794s ]
INFO: [ app_end ] --END-- [ RunTime:0.000825s ]

[ 2018-01-16T13:53:09+08:00 ] ::1 /Hospital/index.php/System/Hospital/add
INFO: [ app_init ] --START--
INFO: Run Behavior\BuildLiteBehavior [ RunTime:0.000013s ]
INFO: [ app_init ] --END-- [ RunTime:0.000553s ]
INFO: [ app_begin ] --START--
INFO: Run Behavior\ReadHtmlCacheBehavior [ RunTime:0.000689s ]
INFO: [ app_begin ] --END-- [ RunTime:0.000728s ]
INFO: [ view_parse ] --START--
INFO: [ template_filter ] --START--
INFO: Run Behavior\ContentReplaceBehavior [ RunTime:0.000043s ]
INFO: [ template_filter ] --END-- [ RunTime:0.000086s ]
INFO: Run Behavior\ParseTemplateBehavior [ RunTime:0.006542s ]
INFO: [ view_parse ] --END-- [ RunTime:0.006588s ]
INFO: [ view_filter ] --START--
INFO: Run Behavior\WriteHtmlCacheBehavior [ RunTime:0.000584s ]
INFO: [ view_filter ] --END-- [ RunTime:0.000630s ]
INFO: [ app_end ] --START--
INFO: Run Behavior\ShowPageTraceBehavior [ RunTime:0.000758s ]
INFO: [ app_end ] --END-- [ RunTime:0.000811s ]

[ 2018-01-16T13:53:44+08:00 ] ::1 /Hospital/index.php/System/Black/black
INFO: [ app_init ] --START--
INFO: Run Behavior\BuildLiteBehavior [ RunTime:0.000011s ]
INFO: [ app_init ] --END-- [ RunTime:0.000494s ]
INFO: [ app_begin ] --START--
INFO: Run Behavior\ReadHtmlCacheBehavior [ RunTime:0.000651s ]
INFO: [ app_begin ] --END-- [ RunTime:0.000688s ]
SQL: SHOW COLUMNS FROM `black` [ RunTime:0.0034s ]
NOTIC: [8] Undefined index: user_id D:\XAMPP\xampp\htdocs\Hospital\Application\System\Controller\BlackController.class.php 第 8 行.
SQL: SELECT * FROM `black`  [ RunTime:0.0002s ]
INFO: [ view_parse ] --START--
INFO: [ template_filter ] --START--
INFO: Run Behavior\ContentReplaceBehavior [ RunTime:0.000043s ]
INFO: [ template_filter ] --END-- [ RunTime:0.000078s ]
NOTIC: [8] Undefined variable: empty D:\XAMPP\xampp\htdocs\Hospital\Application\Runtime\Cache\System\9dadeffd4a88919ccd2011e470e11f82.php 第 55 行.
NOTIC: [8] Undefined variable: page D:\XAMPP\xampp\htdocs\Hospital\Application\Runtime\Cache\System\9dadeffd4a88919ccd2011e470e11f82.php 第 61 行.
INFO: Run Behavior\ParseTemplateBehavior [ RunTime:0.007003s ]
INFO: [ view_parse ] --END-- [ RunTime:0.007039s ]
INFO: [ view_filter ] --START--
INFO: Run Behavior\WriteHtmlCacheBehavior [ RunTime:0.000455s ]
INFO: [ view_filter ] --END-- [ RunTime:0.000484s ]
INFO: [ app_end ] --START--
INFO: Run Behavior\ShowPageTraceBehavior [ RunTime:0.000644s ]
INFO: [ app_end ] --END-- [ RunTime:0.000674s ]

[ 2018-01-16T13:53:45+08:00 ] ::1 /Hospital/index.php/System/Hospital/lst.html
INFO: [ app_init ] --START--
INFO: Run Behavior\BuildLiteBehavior [ RunTime:0.000010s ]
INFO: [ app_init ] --END-- [ RunTime:0.000525s ]
INFO: [ app_begin ] --START--
INFO: Run Behavior\ReadHtmlCacheBehavior [ RunTime:0.000584s ]
INFO: [ app_begin ] --END-- [ RunTime:0.000623s ]
SQL: SHOW COLUMNS FROM `hospital` [ RunTime:0.0273s ]
NOTIC: [8] Undefined index: hos_name D:\XAMPP\xampp\htdocs\Hospital\Application\System\Controller\HospitalController.class.php 第 10 行.
NOTIC: [8] Undefined index: hos_area D:\XAMPP\xampp\htdocs\Hospital\Application\System\Controller\HospitalController.class.php 第 12 行.
NOTIC: [8] Undefined index: hos_area D:\XAMPP\xampp\htdocs\Hospital\Application\System\Controller\HospitalController.class.php 第 15 行.
NOTIC: [8] Undefined index: hos_rank D:\XAMPP\xampp\htdocs\Hospital\Application\System\Controller\HospitalController.class.php 第 15 行.
NOTIC: [8] Undefined index: hos_area D:\XAMPP\xampp\htdocs\Hospital\Application\System\Controller\HospitalController.class.php 第 18 行.
SQL: SELECT COUNT(*) AS tp_count FROM `hospital` LIMIT 1   [ RunTime:0.0003s ]
NOTIC: [8] Undefined index: hos_name D:\XAMPP\xampp\htdocs\Hospital\Application\System\Controller\HospitalController.class.php 第 30 行.
NOTIC: [8] Undefined index: hos_area D:\XAMPP\xampp\htdocs\Hospital\Application\System\Controller\HospitalController.class.php 第 33 行.
NOTIC: [8] Undefined index: hos_area D:\XAMPP\xampp\htdocs\Hospital\Application\System\Controller\HospitalController.class.php 第 36 行.
NOTIC: [8] Undefined index: hos_rank D:\XAMPP\xampp\htdocs\Hospital\Application\System\Controller\HospitalController.class.php 第 36 行.
NOTIC: [8] Undefined index: hos_area D:\XAMPP\xampp\htdocs\Hospital\Application\System\Controller\HospitalController.class.php 第 39 行.
SQL: SELECT * FROM `hospital` LIMIT 0,3   [ RunTime:0.0002s ]
INFO: [ view_parse ] --START--
INFO: [ template_filter ] --START--
INFO: Run Behavior\ContentReplaceBehavior [ RunTime:0.000048s ]
INFO: [ template_filter ] --END-- [ RunTime:0.000089s ]
INFO: Run Behavior\ParseTemplateBehavior [ RunTime:0.008178s ]
INFO: [ view_parse ] --END-- [ RunTime:0.008228s ]
INFO: [ view_filter ] --START--
INFO: Run Behavior\WriteHtmlCacheBehavior [ RunTime:0.000590s ]
INFO: [ view_filter ] --END-- [ RunTime:0.000631s ]
INFO: [ app_end ] --START--
INFO: Run Behavior\ShowPageTraceBehavior [ RunTime:0.000842s ]
INFO: [ app_end ] --END-- [ RunTime:0.000880s ]

[ 2018-01-16T13:53:52+08:00 ] ::1 /Hospital/index.php/System/Hospital/lst.html
INFO: [ app_init ] --START--
INFO: Run Behavior\BuildLiteBehavior [ RunTime:0.000010s ]
INFO: [ app_init ] --END-- [ RunTime:0.000454s ]
INFO: [ app_begin ] --START--
INFO: Run Behavior\ReadHtmlCacheBehavior [ RunTime:0.001559s ]
INFO: [ app_begin ] --END-- [ RunTime:0.001628s ]
SQL: SHOW COLUMNS FROM `hospital` [ RunTime:0.0045s ]
NOTIC: [8] Undefined index: hos_name D:\XAMPP\xampp\htdocs\Hospital\Application\System\Controller\HospitalController.class.php 第 10 行.
NOTIC: [8] Undefined index: hos_area D:\XAMPP\xampp\htdocs\Hospital\Application\System\Controller\HospitalController.class.php 第 12 行.
NOTIC: [8] Undefined index: hos_area D:\XAMPP\xampp\htdocs\Hospital\Application\System\Controller\HospitalController.class.php 第 15 行.
NOTIC: [8] Undefined index: hos_rank D:\XAMPP\xampp\htdocs\Hospital\Application\System\Controller\HospitalController.class.php 第 15 行.
NOTIC: [8] Undefined index: hos_area D:\XAMPP\xampp\htdocs\Hospital\Application\System\Controller\HospitalController.class.php 第 18 行.
SQL: SELECT COUNT(*) AS tp_count FROM `hospital` LIMIT 1   [ RunTime:0.0002s ]
NOTIC: [8] Undefined index: hos_name D:\XAMPP\xampp\htdocs\Hospital\Application\System\Controller\HospitalController.class.php 第 30 行.
NOTIC: [8] Undefined index: hos_area D:\XAMPP\xampp\htdocs\Hospital\Application\System\Controller\HospitalController.class.php 第 33 行.
NOTIC: [8] Undefined index: hos_area D:\XAMPP\xampp\htdocs\Hospital\Application\System\Controller\HospitalController.class.php 第 36 行.
NOTIC: [8] Undefined index: hos_rank D:\XAMPP\xampp\htdocs\Hospital\Application\System\Controller\HospitalController.class.php 第 36 行.
NOTIC: [8] Undefined index: hos_area D:\XAMPP\xampp\htdocs\Hospital\Application\System\Controller\HospitalController.class.php 第 39 行.
SQL: SELECT * FROM `hospital` LIMIT 0,3   [ RunTime:0.0008s ]
INFO: [ view_parse ] --START--
INFO: [ template_filter ] --START--
INFO: Run Behavior\ContentReplaceBehavior [ RunTime:0.000047s ]
INFO: [ template_filter ] --END-- [ RunTime:0.000087s ]
INFO: Run Behavior\ParseTemplateBehavior [ RunTime:0.007267s ]
INFO: [ view_parse ] --END-- [ RunTime:0.007308s ]
INFO: [ view_filter ] --START--
INFO: Run Behavior\WriteHtmlCacheBehavior [ RunTime:0.000518s ]
INFO: [ view_filter ] --END-- [ RunTime:0.000550s ]
INFO: [ app_end ] --START--
INFO: Run Behavior\ShowPageTraceBehavior [ RunTime:0.000609s ]
INFO: [ app_end ] --END-- [ RunTime:0.000642s ]

[ 2018-01-16T13:53:53+08:00 ] ::1 /Hospital/index.php/System/Black/black.html
INFO: [ app_init ] --START--
INFO: Run Behavior\BuildLiteBehavior [ RunTime:0.000017s ]
INFO: [ app_init ] --END-- [ RunTime:0.000625s ]
INFO: [ app_begin ] --START--
INFO: Run Behavior\ReadHtmlCacheBehavior [ RunTime:0.000769s ]
INFO: [ app_begin ] --END-- [ RunTime:0.000839s ]
SQL: SHOW COLUMNS FROM `black` [ RunTime:0.0032s ]
NOTIC: [8] Undefined index: user_id D:\XAMPP\xampp\htdocs\Hospital\Application\System\Controller\BlackController.class.php 第 8 行.
SQL: SELECT * FROM `black`  [ RunTime:0.0003s ]
INFO: [ view_parse ] --START--
INFO: [ template_filter ] --START--
INFO: Run Behavior\ContentReplaceBehavior [ RunTime:0.000076s ]
INFO: [ template_filter ] --END-- [ RunTime:0.000149s ]
NOTIC: [8] Undefined variable: empty D:\XAMPP\xampp\htdocs\Hospital\Application\Runtime\Cache\System\9dadeffd4a88919ccd2011e470e11f82.php 第 55 行.
NOTIC: [8] Undefined variable: page D:\XAMPP\xampp\htdocs\Hospital\Application\Runtime\Cache\System\9dadeffd4a88919ccd2011e470e11f82.php 第 61 行.
INFO: Run Behavior\ParseTemplateBehavior [ RunTime:0.010283s ]
INFO: [ view_parse ] --END-- [ RunTime:0.010338s ]
INFO: [ view_filter ] --START--
INFO: Run Behavior\WriteHtmlCacheBehavior [ RunTime:0.000456s ]
INFO: [ view_filter ] --END-- [ RunTime:0.000489s ]
INFO: [ app_end ] --START--
INFO: Run Behavior\ShowPageTraceBehavior [ RunTime:0.000620s ]
INFO: [ app_end ] --END-- [ RunTime:0.000655s ]

[ 2018-01-16T13:53:54+08:00 ] ::1 /Hospital/index.php/System/Hospital/lst.html
INFO: [ app_init ] --START--
INFO: Run Behavior\BuildLiteBehavior [ RunTime:0.000010s ]
INFO: [ app_init ] --END-- [ RunTime:0.000456s ]
INFO: [ app_begin ] --START--
INFO: Run Behavior\ReadHtmlCacheBehavior [ RunTime:0.000553s ]
INFO: [ app_begin ] --END-- [ RunTime:0.000594s ]
SQL: SHOW COLUMNS FROM `hospital` [ RunTime:0.0033s ]
NOTIC: [8] Undefined index: hos_name D:\XAMPP\xampp\htdocs\Hospital\Application\System\Controller\HospitalController.class.php 第 10 行.
NOTIC: [8] Undefined index: hos_area D:\XAMPP\xampp\htdocs\Hospital\Application\System\Controller\HospitalController.class.php 第 12 行.
NOTIC: [8] Undefined index: hos_area D:\XAMPP\xampp\htdocs\Hospital\Application\System\Controller\HospitalController.class.php 第 15 行.
NOTIC: [8] Undefined index: hos_rank D:\XAMPP\xampp\htdocs\Hospital\Application\System\Controller\HospitalController.class.php 第 15 行.
NOTIC: [8] Undefined index: hos_area D:\XAMPP\xampp\htdocs\Hospital\Application\System\Controller\HospitalController.class.php 第 18 行.
SQL: SELECT COUNT(*) AS tp_count FROM `hospital` LIMIT 1   [ RunTime:0.0003s ]
NOTIC: [8] Undefined index: hos_name D:\XAMPP\xampp\htdocs\Hospital\Application\System\Controller\HospitalController.class.php 第 30 行.
NOTIC: [8] Undefined index: hos_area D:\XAMPP\xampp\htdocs\Hospital\Application\System\Controller\HospitalController.class.php 第 33 行.
NOTIC: [8] Undefined index: hos_area D:\XAMPP\xampp\htdocs\Hospital\Application\System\Controller\HospitalController.class.php 第 36 行.
NOTIC: [8] Undefined index: hos_rank D:\XAMPP\xampp\htdocs\Hospital\Application\System\Controller\HospitalController.class.php 第 36 行.
NOTIC: [8] Undefined index: hos_area D:\XAMPP\xampp\htdocs\Hospital\Application\System\Controller\HospitalController.class.php 第 39 行.
SQL: SELECT * FROM `hospital` LIMIT 0,3   [ RunTime:0.0003s ]
INFO: [ view_parse ] --START--
INFO: [ template_filter ] --START--
INFO: Run Behavior\ContentReplaceBehavior [ RunTime:0.000073s ]
INFO: [ template_filter ] --END-- [ RunTime:0.000112s ]
INFO: Run Behavior\ParseTemplateBehavior [ RunTime:0.008188s ]
INFO: [ view_parse ] --END-- [ RunTime:0.008334s ]
INFO: [ view_filter ] --START--
INFO: Run Behavior\WriteHtmlCacheBehavior [ RunTime:0.000474s ]
INFO: [ view_filter ] --END-- [ RunTime:0.000503s ]
INFO: [ app_end ] --START--
INFO: Run Behavior\ShowPageTraceBehavior [ RunTime:0.000645s ]
INFO: [ app_end ] --END-- [ RunTime:0.000684s ]

