[ 2018-02-01T10:27:27+08:00 ] ::1 /Hospital/index.php/System/Hospital/lst.html
INFO: [ app_init ] --START--
INFO: Run Behavior\BuildLiteBehavior [ RunTime:0.000010s ]
INFO: [ app_init ] --END-- [ RunTime:0.000444s ]
INFO: [ app_begin ] --START--
INFO: Run Behavior\ReadHtmlCacheBehavior [ RunTime:0.000528s ]
INFO: [ app_begin ] --END-- [ RunTime:0.000580s ]
SQL: SHOW COLUMNS FROM `hospital` [ RunTime:0.0029s ]
NOTIC: [8] Undefined index: hos_name D:\XAMPP\xampp\htdocs\Hospital\Application\System\Controller\HospitalController.class.php 第 10 行.
NOTIC: [8] Undefined index: hos_area D:\XAMPP\xampp\htdocs\Hospital\Application\System\Controller\HospitalController.class.php 第 12 行.
NOTIC: [8] Undefined index: hos_area D:\XAMPP\xampp\htdocs\Hospital\Application\System\Controller\HospitalController.class.php 第 15 行.
NOTIC: [8] Undefined index: hos_rank D:\XAMPP\xampp\htdocs\Hospital\Application\System\Controller\HospitalController.class.php 第 15 行.
NOTIC: [8] Undefined index: hos_area D:\XAMPP\xampp\htdocs\Hospital\Application\System\Controller\HospitalController.class.php 第 18 行.
SQL: SELECT COUNT(*) AS tp_count FROM `hospital` LIMIT 1   [ RunTime:0.0002s ]
NOTIC: [8] Undefined index: hos_name D:\XAMPP\xampp\htdocs\Hospital\Application\System\Controller\HospitalController.class.php 第 30 行.
NOTIC: [8] Undefined index: hos_area D:\XAMPP\xampp\htdocs\Hospital\Application\System\Controller\HospitalController.class.php 第 33 行.
NOTIC: [8] Undefined index: hos_area D:\XAMPP\xampp\htdocs\Hospital\Application\System\Controller\HospitalController.class.php 第 36 行.
NOTIC: [8] Undefined index: hos_rank D:\XAMPP\xampp\htdocs\Hospital\Application\System\Controller\HospitalController.class.php 第 36 行.
NOTIC: [8] Undefined index: hos_area D:\XAMPP\xampp\htdocs\Hospital\Application\System\Controller\HospitalController.class.php 第 39 行.
SQL: SELECT * FROM `hospital` LIMIT 0,3   [ RunTime:0.0003s ]
INFO: [ view_parse ] --START--
INFO: [ template_filter ] --START--
INFO: Run Behavior\ContentReplaceBehavior [ RunTime:0.000058s ]
INFO: [ template_filter ] --END-- [ RunTime:0.000099s ]
INFO: Run Behavior\ParseTemplateBehavior [ RunTime:0.057846s ]
INFO: [ view_parse ] --END-- [ RunTime:0.057965s ]
INFO: [ view_filter ] --START--
INFO: Run Behavior\WriteHtmlCacheBehavior [ RunTime:0.000911s ]
INFO: [ view_filter ] --END-- [ RunTime:0.001008s ]
INFO: [ app_end ] --START--
INFO: Run Behavior\ShowPageTraceBehavior [ RunTime:0.001629s ]
INFO: [ app_end ] --END-- [ RunTime:0.001729s ]

