[ 2018-01-24T16:08:36+08:00 ] ::1 /Hospital/index.php/User/Use/index
INFO: [ app_init ] --START--
INFO: Run Behavior\BuildLiteBehavior [ RunTime:0.000014s ]
INFO: [ app_init ] --END-- [ RunTime:0.014440s ]
INFO: [ app_begin ] --START--
INFO: Run Behavior\ReadHtmlCacheBehavior [ RunTime:0.011563s ]
INFO: [ app_begin ] --END-- [ RunTime:0.011647s ]
SQL: SHOW COLUMNS FROM `hospital` [ RunTime:0.1860s ]
NOTIC: [8] Undefined variable: page D:\XAMPP\xampp\htdocs\Hospital\Application\User\Controller\UseController.class.php 第 24 行.
NOTIC: [8] Trying to get property of non-object D:\XAMPP\xampp\htdocs\Hospital\Application\User\Controller\UseController.class.php 第 24 行.
NOTIC: [8] Undefined variable: page D:\XAMPP\xampp\htdocs\Hospital\Application\User\Controller\UseController.class.php 第 24 行.
NOTIC: [8] Trying to get property of non-object D:\XAMPP\xampp\htdocs\Hospital\Application\User\Controller\UseController.class.php 第 24 行.
SQL: SELECT COUNT(*) AS tp_count FROM `hospital` LIMIT 1   [ RunTime:0.0478s ]
SQL: SELECT * FROM `hospital` LIMIT 0,3   [ RunTime:0.0004s ]
INFO: [ view_parse ] --START--
INFO: [ template_filter ] --START--
INFO: Run Behavior\ContentReplaceBehavior [ RunTime:0.024246s ]
INFO: [ template_filter ] --END-- [ RunTime:0.024311s ]
INFO: Run Behavior\ParseTemplateBehavior [ RunTime:0.231669s ]
INFO: [ view_parse ] --END-- [ RunTime:0.231742s ]
INFO: [ view_filter ] --START--
INFO: Run Behavior\WriteHtmlCacheBehavior [ RunTime:0.012398s ]
INFO: [ view_filter ] --END-- [ RunTime:0.012467s ]
INFO: [ app_end ] --START--
INFO: Run Behavior\ShowPageTraceBehavior [ RunTime:0.009204s ]
INFO: [ app_end ] --END-- [ RunTime:0.009277s ]

[ 2018-01-24T16:08:43+08:00 ] ::1 /Hospital/index.php/User/Use/department/hos_name/%E9%9D%92%E5%B2%9B%E5%8C%BB%E9%99%A2
INFO: [ app_init ] --START--
INFO: Run Behavior\BuildLiteBehavior [ RunTime:0.000010s ]
INFO: [ app_init ] --END-- [ RunTime:0.000369s ]
INFO: [ app_begin ] --START--
INFO: Run Behavior\ReadHtmlCacheBehavior [ RunTime:0.000572s ]
INFO: [ app_begin ] --END-- [ RunTime:0.000674s ]
SQL: SHOW COLUMNS FROM `hospital` [ RunTime:0.0194s ]
SQL: SELECT * FROM `hospital` WHERE ( hos_name="青岛医院" ) LIMIT 1   [ RunTime:0.0173s ]
SQL: SHOW COLUMNS FROM `department` [ RunTime:0.0328s ]
SQL: SELECT * FROM `department` WHERE ( hos_code="13" and department_sort='内科' )  [ RunTime:0.0003s ]
SQL: SELECT * FROM `department` WHERE ( hos_code="13" and department_sort='外科' )  [ RunTime:0.0002s ]
SQL: SELECT * FROM `department` WHERE ( hos_code="13" and department_sort='急诊科' )  [ RunTime:0.0002s ]
SQL: SELECT * FROM `department` WHERE ( hos_code="13" and department_sort='中医科' )  [ RunTime:0.0002s ]
SQL: SELECT * FROM `department` WHERE ( hos_code="13" and department_sort='妇产科' )  [ RunTime:0.0002s ]
INFO: [ view_parse ] --START--
INFO: [ template_filter ] --START--
INFO: Run Behavior\ContentReplaceBehavior [ RunTime:0.000116s ]
INFO: [ template_filter ] --END-- [ RunTime:0.000186s ]
INFO: Run Behavior\ParseTemplateBehavior [ RunTime:0.021088s ]
INFO: [ view_parse ] --END-- [ RunTime:0.021152s ]
INFO: [ view_filter ] --START--
INFO: Run Behavior\WriteHtmlCacheBehavior [ RunTime:0.000315s ]
INFO: [ view_filter ] --END-- [ RunTime:0.000346s ]
INFO: [ app_end ] --START--
INFO: Run Behavior\ShowPageTraceBehavior [ RunTime:0.000426s ]
INFO: [ app_end ] --END-- [ RunTime:0.000458s ]

[ 2018-01-24T16:08:45+08:00 ] ::1 /Hospital/index.php/User/Use/expert/hos_code/13/department_name/%E6%B6%88%E5%8C%96
INFO: [ app_init ] --START--
INFO: Run Behavior\BuildLiteBehavior [ RunTime:0.000014s ]
INFO: [ app_init ] --END-- [ RunTime:0.000358s ]
INFO: [ app_begin ] --START--
INFO: Run Behavior\ReadHtmlCacheBehavior [ RunTime:0.000723s ]
INFO: [ app_begin ] --END-- [ RunTime:0.000813s ]
SQL: SHOW COLUMNS FROM `arrange` [ RunTime:0.0194s ]
SQL: SELECT * FROM `arrange` WHERE ( hos_code="13" and department_name="消化" )  [ RunTime:0.0004s ]
SQL: SHOW COLUMNS FROM `appointment` [ RunTime:0.0227s ]
NOTIC: [8] Array to string conversion D:\XAMPP\xampp\htdocs\Hospital\Application\User\Controller\UseController.class.php 第 118 行.
SQL: SELECT COUNT(*) AS tp_count FROM `appointment` WHERE ( expert_code="10000" and appointment_date="2018-01-29" and info="monday" ) LIMIT 1   [ RunTime:0.0605s ]
NOTIC: [8] Array to string conversion D:\XAMPP\xampp\htdocs\Hospital\Application\User\Controller\UseController.class.php 第 132 行.
NOTIC: [8] Array to string conversion D:\XAMPP\xampp\htdocs\Hospital\Application\User\Controller\UseController.class.php 第 137 行.
NOTIC: [8] Array to string conversion D:\XAMPP\xampp\htdocs\Hospital\Application\User\Controller\UseController.class.php 第 118 行.
SQL: SELECT COUNT(*) AS tp_count FROM `appointment` WHERE ( expert_code="10000" and appointment_date="2018-01-31" and info="wednesday" ) LIMIT 1   [ RunTime:0.0004s ]
NOTIC: [8] Array to string conversion D:\XAMPP\xampp\htdocs\Hospital\Application\User\Controller\UseController.class.php 第 132 行.
NOTIC: [8] Array to string conversion D:\XAMPP\xampp\htdocs\Hospital\Application\User\Controller\UseController.class.php 第 137 行.
NOTIC: [8] Array to string conversion D:\XAMPP\xampp\htdocs\Hospital\Application\User\Controller\UseController.class.php 第 118 行.
SQL: SELECT COUNT(*) AS tp_count FROM `appointment` WHERE ( expert_code="10000" and appointment_date="2018-01-26" and info="friday" ) LIMIT 1   [ RunTime:0.0002s ]
NOTIC: [8] Array to string conversion D:\XAMPP\xampp\htdocs\Hospital\Application\User\Controller\UseController.class.php 第 132 行.
NOTIC: [8] Array to string conversion D:\XAMPP\xampp\htdocs\Hospital\Application\User\Controller\UseController.class.php 第 118 行.
SQL: SELECT COUNT(*) AS tp_count FROM `appointment` WHERE ( expert_code="10000" and appointment_date="2018-01-27" and info="saturday" ) LIMIT 1   [ RunTime:0.0002s ]
NOTIC: [8] Array to string conversion D:\XAMPP\xampp\htdocs\Hospital\Application\User\Controller\UseController.class.php 第 132 行.
NOTIC: [8] Array to string conversion D:\XAMPP\xampp\htdocs\Hospital\Application\User\Controller\UseController.class.php 第 137 行.
NOTIC: [8] Array to string conversion D:\XAMPP\xampp\htdocs\Hospital\Application\User\Controller\UseController.class.php 第 137 行.
NOTIC: [8] Array to string conversion D:\XAMPP\xampp\htdocs\Hospital\Application\User\Controller\UseController.class.php 第 137 行.
NOTIC: [8] Array to string conversion D:\XAMPP\xampp\htdocs\Hospital\Application\User\Controller\UseController.class.php 第 137 行.
NOTIC: [8] Array to string conversion D:\XAMPP\xampp\htdocs\Hospital\Application\User\Controller\UseController.class.php 第 137 行.
NOTIC: [8] Array to string conversion D:\XAMPP\xampp\htdocs\Hospital\Application\User\Controller\UseController.class.php 第 137 行.
NOTIC: [8] Array to string conversion D:\XAMPP\xampp\htdocs\Hospital\Application\User\Controller\UseController.class.php 第 118 行.
SQL: SELECT COUNT(*) AS tp_count FROM `appointment` WHERE ( expert_code="10000" and appointment_date="2018-01-27" and info="saturday2" ) LIMIT 1   [ RunTime:0.0002s ]
NOTIC: [8] Array to string conversion D:\XAMPP\xampp\htdocs\Hospital\Application\User\Controller\UseController.class.php 第 132 行.
NOTIC: [8] Array to string conversion D:\XAMPP\xampp\htdocs\Hospital\Application\User\Controller\UseController.class.php 第 137 行.
INFO: [ view_parse ] --START--
INFO: [ template_filter ] --START--
INFO: Run Behavior\ContentReplaceBehavior [ RunTime:0.000045s ]
INFO: [ template_filter ] --END-- [ RunTime:0.000091s ]
NOTIC: [8] Undefined variable: department_describe D:\XAMPP\xampp\htdocs\Hospital\Application\Runtime\Cache\User\7cebcb81099af8776907c48ee4d59eac.php 第 34 行.
INFO: Run Behavior\ParseTemplateBehavior [ RunTime:0.027707s ]
INFO: [ view_parse ] --END-- [ RunTime:0.027758s ]
INFO: [ view_filter ] --START--
INFO: Run Behavior\WriteHtmlCacheBehavior [ RunTime:0.000284s ]
INFO: [ view_filter ] --END-- [ RunTime:0.000322s ]
INFO: [ app_end ] --START--
INFO: Run Behavior\ShowPageTraceBehavior [ RunTime:0.000441s ]
INFO: [ app_end ] --END-- [ RunTime:0.000476s ]

[ 2018-01-24T16:08:56+08:00 ] ::1 /Hospital/index.php/User/Use/appointment/expert_code/10000/info/saturday
INFO: [ app_init ] --START--
INFO: Run Behavior\BuildLiteBehavior [ RunTime:0.000010s ]
INFO: [ app_init ] --END-- [ RunTime:0.000358s ]
INFO: [ app_begin ] --START--
INFO: Run Behavior\ReadHtmlCacheBehavior [ RunTime:0.000447s ]
INFO: [ app_begin ] --END-- [ RunTime:0.000487s ]
SQL: SHOW COLUMNS FROM `expert` [ RunTime:0.0878s ]
SQL: SHOW COLUMNS FROM `hospital` [ RunTime:0.0026s ]
SQL: SELECT * FROM `expert` WHERE ( expert_code="10000" ) LIMIT 1   [ RunTime:0.0003s ]
SQL: SELECT * FROM `hospital` WHERE ( hos_code="13" ) LIMIT 1   [ RunTime:0.0003s ]
SQL: SHOW COLUMNS FROM `appointment` [ RunTime:0.0062s ]
SQL: SELECT COUNT(*) AS tp_count FROM `appointment` WHERE ( expert_code="10000" and appointment_date="2018-01-27" and info="saturday" ) LIMIT 1   [ RunTime:0.0009s ]
SQL: SELECT * FROM `appointment` WHERE ( expert_code="10000" and appointment_date="2018-01-27" and info="saturday" )  [ RunTime:0.0004s ]
INFO: [ view_parse ] --START--
INFO: [ template_filter ] --START--
INFO: Run Behavior\ContentReplaceBehavior [ RunTime:0.000091s ]
INFO: [ template_filter ] --END-- [ RunTime:0.000171s ]
INFO: Run Behavior\ParseTemplateBehavior [ RunTime:0.045397s ]
INFO: [ view_parse ] --END-- [ RunTime:0.045467s ]
INFO: [ view_filter ] --START--
INFO: Run Behavior\WriteHtmlCacheBehavior [ RunTime:0.000299s ]
INFO: [ view_filter ] --END-- [ RunTime:0.000335s ]
INFO: [ app_end ] --START--
INFO: Run Behavior\ShowPageTraceBehavior [ RunTime:0.000457s ]
INFO: [ app_end ] --END-- [ RunTime:0.000491s ]

[ 2018-01-24T16:09:05+08:00 ] ::1 /Hospital/index.php/User/Use/appointment
INFO: [ app_init ] --START--
INFO: Run Behavior\BuildLiteBehavior [ RunTime:0.000012s ]
INFO: [ app_init ] --END-- [ RunTime:0.000373s ]
INFO: [ app_begin ] --START--
INFO: Run Behavior\ReadHtmlCacheBehavior [ RunTime:0.000553s ]
INFO: [ app_begin ] --END-- [ RunTime:0.000593s ]
INFO: [ view_parse ] --START--
INFO: [ template_filter ] --START--
INFO: Run Behavior\ContentReplaceBehavior [ RunTime:0.000057s ]
INFO: [ template_filter ] --END-- [ RunTime:0.000368s ]
INFO: Run Behavior\ParseTemplateBehavior [ RunTime:0.034504s ]
INFO: [ view_parse ] --END-- [ RunTime:0.034569s ]
INFO: [ view_filter ] --START--
INFO: Run Behavior\WriteHtmlCacheBehavior [ RunTime:0.000351s ]
INFO: [ view_filter ] --END-- [ RunTime:0.000382s ]

[ 2018-01-24T16:09:27+08:00 ] ::1 /Hospital/index.php/User/Use/index.html
INFO: [ app_init ] --START--
INFO: Run Behavior\BuildLiteBehavior [ RunTime:0.000011s ]
INFO: [ app_init ] --END-- [ RunTime:0.000359s ]
INFO: [ app_begin ] --START--
INFO: Run Behavior\ReadHtmlCacheBehavior [ RunTime:0.000459s ]
INFO: [ app_begin ] --END-- [ RunTime:0.000503s ]
SQL: SHOW COLUMNS FROM `hospital` [ RunTime:0.0031s ]
NOTIC: [8] Undefined variable: page D:\XAMPP\xampp\htdocs\Hospital\Application\User\Controller\UseController.class.php 第 24 行.
NOTIC: [8] Trying to get property of non-object D:\XAMPP\xampp\htdocs\Hospital\Application\User\Controller\UseController.class.php 第 24 行.
NOTIC: [8] Undefined variable: page D:\XAMPP\xampp\htdocs\Hospital\Application\User\Controller\UseController.class.php 第 24 行.
NOTIC: [8] Trying to get property of non-object D:\XAMPP\xampp\htdocs\Hospital\Application\User\Controller\UseController.class.php 第 24 行.
SQL: SELECT COUNT(*) AS tp_count FROM `hospital` LIMIT 1   [ RunTime:0.0002s ]
SQL: SELECT * FROM `hospital` LIMIT 0,3   [ RunTime:0.0003s ]
INFO: [ view_parse ] --START--
INFO: [ template_filter ] --START--
INFO: Run Behavior\ContentReplaceBehavior [ RunTime:0.000054s ]
INFO: [ template_filter ] --END-- [ RunTime:0.000094s ]
INFO: Run Behavior\ParseTemplateBehavior [ RunTime:0.006322s ]
INFO: [ view_parse ] --END-- [ RunTime:0.006373s ]
INFO: [ view_filter ] --START--
INFO: Run Behavior\WriteHtmlCacheBehavior [ RunTime:0.000269s ]
INFO: [ view_filter ] --END-- [ RunTime:0.000298s ]
INFO: [ app_end ] --START--
INFO: Run Behavior\ShowPageTraceBehavior [ RunTime:0.000613s ]
INFO: [ app_end ] --END-- [ RunTime:0.000653s ]

[ 2018-01-24T16:09:29+08:00 ] ::1 /Hospital/index.php/User/Use/department/hos_name/%E9%9D%92%E5%B2%9B%E5%8C%BB%E9%99%A2
INFO: [ app_init ] --START--
INFO: Run Behavior\BuildLiteBehavior [ RunTime:0.000015s ]
INFO: [ app_init ] --END-- [ RunTime:0.000360s ]
INFO: [ app_begin ] --START--
INFO: Run Behavior\ReadHtmlCacheBehavior [ RunTime:0.000439s ]
INFO: [ app_begin ] --END-- [ RunTime:0.000479s ]
SQL: SHOW COLUMNS FROM `hospital` [ RunTime:0.0028s ]
SQL: SELECT * FROM `hospital` WHERE ( hos_name="青岛医院" ) LIMIT 1   [ RunTime:0.0003s ]
SQL: SHOW COLUMNS FROM `department` [ RunTime:0.0030s ]
SQL: SELECT * FROM `department` WHERE ( hos_code="13" and department_sort='内科' )  [ RunTime:0.0004s ]
SQL: SELECT * FROM `department` WHERE ( hos_code="13" and department_sort='外科' )  [ RunTime:0.0009s ]
SQL: SELECT * FROM `department` WHERE ( hos_code="13" and department_sort='急诊科' )  [ RunTime:0.0002s ]
SQL: SELECT * FROM `department` WHERE ( hos_code="13" and department_sort='中医科' )  [ RunTime:0.0002s ]
SQL: SELECT * FROM `department` WHERE ( hos_code="13" and department_sort='妇产科' )  [ RunTime:0.0002s ]
INFO: [ view_parse ] --START--
INFO: [ template_filter ] --START--
INFO: Run Behavior\ContentReplaceBehavior [ RunTime:0.000073s ]
INFO: [ template_filter ] --END-- [ RunTime:0.000118s ]
INFO: Run Behavior\ParseTemplateBehavior [ RunTime:0.008772s ]
INFO: [ view_parse ] --END-- [ RunTime:0.008827s ]
INFO: [ view_filter ] --START--
INFO: Run Behavior\WriteHtmlCacheBehavior [ RunTime:0.000266s ]
INFO: [ view_filter ] --END-- [ RunTime:0.000296s ]
INFO: [ app_end ] --START--
INFO: Run Behavior\ShowPageTraceBehavior [ RunTime:0.000419s ]
INFO: [ app_end ] --END-- [ RunTime:0.000450s ]

[ 2018-01-24T16:09:31+08:00 ] ::1 /Hospital/index.php/User/Use/expert/hos_code/13/department_name/%E6%B6%88%E5%8C%96
INFO: [ app_init ] --START--
INFO: Run Behavior\BuildLiteBehavior [ RunTime:0.000011s ]
INFO: [ app_init ] --END-- [ RunTime:0.000358s ]
INFO: [ app_begin ] --START--
INFO: Run Behavior\ReadHtmlCacheBehavior [ RunTime:0.000441s ]
INFO: [ app_begin ] --END-- [ RunTime:0.000482s ]
SQL: SHOW COLUMNS FROM `arrange` [ RunTime:0.0037s ]
SQL: SELECT * FROM `arrange` WHERE ( hos_code="13" and department_name="消化" )  [ RunTime:0.0004s ]
SQL: SHOW COLUMNS FROM `appointment` [ RunTime:0.0031s ]
NOTIC: [8] Array to string conversion D:\XAMPP\xampp\htdocs\Hospital\Application\User\Controller\UseController.class.php 第 118 行.
SQL: SELECT COUNT(*) AS tp_count FROM `appointment` WHERE ( expert_code="10000" and appointment_date="2018-01-29" and info="monday" ) LIMIT 1   [ RunTime:0.0003s ]
NOTIC: [8] Array to string conversion D:\XAMPP\xampp\htdocs\Hospital\Application\User\Controller\UseController.class.php 第 132 行.
NOTIC: [8] Array to string conversion D:\XAMPP\xampp\htdocs\Hospital\Application\User\Controller\UseController.class.php 第 137 行.
NOTIC: [8] Array to string conversion D:\XAMPP\xampp\htdocs\Hospital\Application\User\Controller\UseController.class.php 第 118 行.
SQL: SELECT COUNT(*) AS tp_count FROM `appointment` WHERE ( expert_code="10000" and appointment_date="2018-01-31" and info="wednesday" ) LIMIT 1   [ RunTime:0.0002s ]
NOTIC: [8] Array to string conversion D:\XAMPP\xampp\htdocs\Hospital\Application\User\Controller\UseController.class.php 第 132 行.
NOTIC: [8] Array to string conversion D:\XAMPP\xampp\htdocs\Hospital\Application\User\Controller\UseController.class.php 第 137 行.
NOTIC: [8] Array to string conversion D:\XAMPP\xampp\htdocs\Hospital\Application\User\Controller\UseController.class.php 第 118 行.
SQL: SELECT COUNT(*) AS tp_count FROM `appointment` WHERE ( expert_code="10000" and appointment_date="2018-01-26" and info="friday" ) LIMIT 1   [ RunTime:0.0003s ]
NOTIC: [8] Array to string conversion D:\XAMPP\xampp\htdocs\Hospital\Application\User\Controller\UseController.class.php 第 132 行.
NOTIC: [8] Array to string conversion D:\XAMPP\xampp\htdocs\Hospital\Application\User\Controller\UseController.class.php 第 118 行.
SQL: SELECT COUNT(*) AS tp_count FROM `appointment` WHERE ( expert_code="10000" and appointment_date="2018-01-27" and info="saturday" ) LIMIT 1   [ RunTime:0.0002s ]
NOTIC: [8] Array to string conversion D:\XAMPP\xampp\htdocs\Hospital\Application\User\Controller\UseController.class.php 第 132 行.
NOTIC: [8] Array to string conversion D:\XAMPP\xampp\htdocs\Hospital\Application\User\Controller\UseController.class.php 第 137 行.
NOTIC: [8] Array to string conversion D:\XAMPP\xampp\htdocs\Hospital\Application\User\Controller\UseController.class.php 第 137 行.
NOTIC: [8] Array to string conversion D:\XAMPP\xampp\htdocs\Hospital\Application\User\Controller\UseController.class.php 第 137 行.
NOTIC: [8] Array to string conversion D:\XAMPP\xampp\htdocs\Hospital\Application\User\Controller\UseController.class.php 第 137 行.
NOTIC: [8] Array to string conversion D:\XAMPP\xampp\htdocs\Hospital\Application\User\Controller\UseController.class.php 第 137 行.
NOTIC: [8] Array to string conversion D:\XAMPP\xampp\htdocs\Hospital\Application\User\Controller\UseController.class.php 第 137 行.
NOTIC: [8] Array to string conversion D:\XAMPP\xampp\htdocs\Hospital\Application\User\Controller\UseController.class.php 第 118 行.
SQL: SELECT COUNT(*) AS tp_count FROM `appointment` WHERE ( expert_code="10000" and appointment_date="2018-01-27" and info="saturday2" ) LIMIT 1   [ RunTime:0.0002s ]
NOTIC: [8] Array to string conversion D:\XAMPP\xampp\htdocs\Hospital\Application\User\Controller\UseController.class.php 第 132 行.
NOTIC: [8] Array to string conversion D:\XAMPP\xampp\htdocs\Hospital\Application\User\Controller\UseController.class.php 第 137 行.
INFO: [ view_parse ] --START--
INFO: [ template_filter ] --START--
INFO: Run Behavior\ContentReplaceBehavior [ RunTime:0.000049s ]
INFO: [ template_filter ] --END-- [ RunTime:0.000094s ]
NOTIC: [8] Undefined variable: department_describe D:\XAMPP\xampp\htdocs\Hospital\Application\Runtime\Cache\User\7cebcb81099af8776907c48ee4d59eac.php 第 34 行.
INFO: Run Behavior\ParseTemplateBehavior [ RunTime:0.010670s ]
INFO: [ view_parse ] --END-- [ RunTime:0.010749s ]
INFO: [ view_filter ] --START--
INFO: Run Behavior\WriteHtmlCacheBehavior [ RunTime:0.001213s ]
INFO: [ view_filter ] --END-- [ RunTime:0.001292s ]
INFO: [ app_end ] --START--
INFO: Run Behavior\ShowPageTraceBehavior [ RunTime:0.000799s ]
INFO: [ app_end ] --END-- [ RunTime:0.000861s ]

[ 2018-01-24T16:09:33+08:00 ] ::1 /Hospital/index.php/User/Use/appointment/expert_code/10000/info/saturday
INFO: [ app_init ] --START--
INFO: Run Behavior\BuildLiteBehavior [ RunTime:0.000011s ]
INFO: [ app_init ] --END-- [ RunTime:0.000357s ]
INFO: [ app_begin ] --START--
INFO: Run Behavior\ReadHtmlCacheBehavior [ RunTime:0.000451s ]
INFO: [ app_begin ] --END-- [ RunTime:0.000489s ]
SQL: SHOW COLUMNS FROM `expert` [ RunTime:0.0042s ]
SQL: SHOW COLUMNS FROM `hospital` [ RunTime:0.0026s ]
SQL: SELECT * FROM `expert` WHERE ( expert_code="10000" ) LIMIT 1   [ RunTime:0.0003s ]
SQL: SELECT * FROM `hospital` WHERE ( hos_code="13" ) LIMIT 1   [ RunTime:0.0002s ]
SQL: SHOW COLUMNS FROM `appointment` [ RunTime:0.0097s ]
SQL: SELECT COUNT(*) AS tp_count FROM `appointment` WHERE ( expert_code="10000" and appointment_date="2018-01-27" and info="saturday" ) LIMIT 1   [ RunTime:0.0003s ]
SQL: SELECT * FROM `appointment` WHERE ( expert_code="10000" and appointment_date="2018-01-27" and info="saturday" )  [ RunTime:0.0003s ]
INFO: [ view_parse ] --START--
INFO: [ template_filter ] --START--
INFO: Run Behavior\ContentReplaceBehavior [ RunTime:0.000058s ]
INFO: [ template_filter ] --END-- [ RunTime:0.000099s ]
INFO: Run Behavior\ParseTemplateBehavior [ RunTime:0.006305s ]
INFO: [ view_parse ] --END-- [ RunTime:0.006351s ]
INFO: [ view_filter ] --START--
INFO: Run Behavior\WriteHtmlCacheBehavior [ RunTime:0.000262s ]
INFO: [ view_filter ] --END-- [ RunTime:0.000293s ]
INFO: [ app_end ] --START--
INFO: Run Behavior\ShowPageTraceBehavior [ RunTime:0.000450s ]
INFO: [ app_end ] --END-- [ RunTime:0.000482s ]

[ 2018-01-24T16:09:37+08:00 ] ::1 /Hospital/index.php/User/Use/appointment
INFO: [ app_init ] --START--
INFO: Run Behavior\BuildLiteBehavior [ RunTime:0.000017s ]
INFO: [ app_init ] --END-- [ RunTime:0.000697s ]
INFO: [ app_begin ] --START--
INFO: Run Behavior\ReadHtmlCacheBehavior [ RunTime:0.000618s ]
INFO: [ app_begin ] --END-- [ RunTime:0.000676s ]
SQL: SHOW COLUMNS FROM `user` [ RunTime:0.0085s ]
SQL: SELECT * FROM `user` WHERE ( user_id="370902199603253314" ) LIMIT 1   [ RunTime:0.0004s ]
SQL: SHOW COLUMNS FROM `black` [ RunTime:0.0407s ]
SQL: SELECT COUNT(*) AS tp_count FROM `black` WHERE ( user_id="370902199603253314" ) LIMIT 1   [ RunTime:0.0002s ]
SQL: SHOW COLUMNS FROM `appointment` [ RunTime:0.0040s ]
SQL: SELECT COUNT(*) AS tp_count FROM `appointment` WHERE ( user_id="370902199603253314" and expert_code="10000" and appointment_date="2018-01-27" ) LIMIT 1   [ RunTime:0.0252s ]
SQL: SELECT COUNT(*) AS tp_count FROM `appointment` WHERE ( user_id="370902199603253314"  and appointment_date > curdate()  ) LIMIT 1   [ RunTime:0.0379s ]
NOTIC: [8] Undefined index: validate D:\XAMPP\xampp\htdocs\Hospital\ThinkPHP\Library\Think\Model.class.php 第 1185 行.
NOTIC: [8] Undefined index: auto D:\XAMPP\xampp\htdocs\Hospital\ThinkPHP\Library\Think\Model.class.php 第 1128 行.
SQL: INSERT INTO `appointment` (`user_id`,`user_name`,`hos_code`,`hos_name`,`expert_code`,`expert_name`,`department_name`,`appointment_date`,`time`,`info`) VALUES ('370902199603253314','看看','13','青岛医院','10000','石金升','消化','2018-01-27','11:00:00','saturday') [ RunTime:0.1460s ]
INFO: [ view_parse ] --START--
INFO: [ template_filter ] --START--
INFO: Run Behavior\ContentReplaceBehavior [ RunTime:0.000068s ]
INFO: [ template_filter ] --END-- [ RunTime:0.000157s ]
INFO: Run Behavior\ParseTemplateBehavior [ RunTime:0.006430s ]
INFO: [ view_parse ] --END-- [ RunTime:0.006498s ]
INFO: [ view_filter ] --START--
INFO: Run Behavior\WriteHtmlCacheBehavior [ RunTime:0.000352s ]
INFO: [ view_filter ] --END-- [ RunTime:0.000394s ]
INFO: [ app_end ] --START--
INFO: Run Behavior\ShowPageTraceBehavior [ RunTime:0.000456s ]
INFO: [ app_end ] --END-- [ RunTime:0.000491s ]

[ 2018-01-24T16:09:38+08:00 ] ::1 /Hospital/index.php/User/Appointment/lst
INFO: [ app_init ] --START--
INFO: Run Behavior\BuildLiteBehavior [ RunTime:0.000011s ]
INFO: [ app_init ] --END-- [ RunTime:0.000373s ]
INFO: [ app_begin ] --START--
INFO: Run Behavior\ReadHtmlCacheBehavior [ RunTime:0.000438s ]
INFO: [ app_begin ] --END-- [ RunTime:0.000486s ]
SQL: SHOW COLUMNS FROM `appointment` [ RunTime:0.0755s ]
SQL: SELECT * FROM `appointment` WHERE ( user_id="370902199603253314" and appointment_date > curdate()  )  [ RunTime:0.0300s ]
INFO: [ view_parse ] --START--
INFO: [ template_filter ] --START--
INFO: Run Behavior\ContentReplaceBehavior [ RunTime:0.000067s ]
INFO: [ template_filter ] --END-- [ RunTime:0.000127s ]
INFO: Run Behavior\ParseTemplateBehavior [ RunTime:0.018365s ]
INFO: [ view_parse ] --END-- [ RunTime:0.018436s ]
INFO: [ view_filter ] --START--
INFO: Run Behavior\WriteHtmlCacheBehavior [ RunTime:0.000280s ]
INFO: [ view_filter ] --END-- [ RunTime:0.000314s ]
INFO: [ app_end ] --START--
INFO: Run Behavior\ShowPageTraceBehavior [ RunTime:0.000429s ]
INFO: [ app_end ] --END-- [ RunTime:0.000464s ]

[ 2018-01-24T16:09:43+08:00 ] ::1 /Hospital/index.php/User/User/update.html
INFO: [ app_init ] --START--
INFO: Run Behavior\BuildLiteBehavior [ RunTime:0.000015s ]
INFO: [ app_init ] --END-- [ RunTime:0.000424s ]
INFO: [ app_begin ] --START--
INFO: Run Behavior\ReadHtmlCacheBehavior [ RunTime:0.000990s ]
INFO: [ app_begin ] --END-- [ RunTime:0.001191s ]
SQL: SHOW COLUMNS FROM `user` [ RunTime:0.0050s ]
SQL: SELECT * FROM `user` WHERE ( user_id="370902199603253314" ) LIMIT 1   [ RunTime:0.0004s ]
INFO: [ view_parse ] --START--
INFO: [ template_filter ] --START--
INFO: Run Behavior\ContentReplaceBehavior [ RunTime:0.000072s ]
INFO: [ template_filter ] --END-- [ RunTime:0.000152s ]
INFO: Run Behavior\ParseTemplateBehavior [ RunTime:0.024457s ]
INFO: [ view_parse ] --END-- [ RunTime:0.024524s ]
INFO: [ view_filter ] --START--
INFO: Run Behavior\WriteHtmlCacheBehavior [ RunTime:0.000295s ]
INFO: [ view_filter ] --END-- [ RunTime:0.000329s ]
INFO: [ app_end ] --START--
INFO: Run Behavior\ShowPageTraceBehavior [ RunTime:0.000533s ]
INFO: [ app_end ] --END-- [ RunTime:0.000611s ]

[ 2018-01-24T16:09:44+08:00 ] ::1 /Hospital/index.php/User/Appointment/lst.html
INFO: [ app_init ] --START--
INFO: Run Behavior\BuildLiteBehavior [ RunTime:0.000011s ]
INFO: [ app_init ] --END-- [ RunTime:0.000384s ]
INFO: [ app_begin ] --START--
INFO: Run Behavior\ReadHtmlCacheBehavior [ RunTime:0.000588s ]
INFO: [ app_begin ] --END-- [ RunTime:0.000638s ]
SQL: SHOW COLUMNS FROM `appointment` [ RunTime:0.0052s ]
SQL: SELECT * FROM `appointment` WHERE ( user_id="370902199603253314" and appointment_date > curdate()  )  [ RunTime:0.0003s ]
INFO: [ view_parse ] --START--
INFO: [ template_filter ] --START--
INFO: Run Behavior\ContentReplaceBehavior [ RunTime:0.000048s ]
INFO: [ template_filter ] --END-- [ RunTime:0.000086s ]
INFO: Run Behavior\ParseTemplateBehavior [ RunTime:0.006461s ]
INFO: [ view_parse ] --END-- [ RunTime:0.006515s ]
INFO: [ view_filter ] --START--
INFO: Run Behavior\WriteHtmlCacheBehavior [ RunTime:0.000333s ]
INFO: [ view_filter ] --END-- [ RunTime:0.000373s ]
INFO: [ app_end ] --START--
INFO: Run Behavior\ShowPageTraceBehavior [ RunTime:0.000555s ]
INFO: [ app_end ] --END-- [ RunTime:0.000598s ]

[ 2018-01-24T16:10:01+08:00 ] ::1 /Hospital/index.php/User/Use/index.html
INFO: [ app_init ] --START--
INFO: Run Behavior\BuildLiteBehavior [ RunTime:0.000016s ]
INFO: [ app_init ] --END-- [ RunTime:0.000483s ]
INFO: [ app_begin ] --START--
INFO: Run Behavior\ReadHtmlCacheBehavior [ RunTime:0.000916s ]
INFO: [ app_begin ] --END-- [ RunTime:0.001041s ]
SQL: SHOW COLUMNS FROM `hospital` [ RunTime:0.0042s ]
NOTIC: [8] Undefined variable: page D:\XAMPP\xampp\htdocs\Hospital\Application\User\Controller\UseController.class.php 第 24 行.
NOTIC: [8] Trying to get property of non-object D:\XAMPP\xampp\htdocs\Hospital\Application\User\Controller\UseController.class.php 第 24 行.
NOTIC: [8] Undefined variable: page D:\XAMPP\xampp\htdocs\Hospital\Application\User\Controller\UseController.class.php 第 24 行.
NOTIC: [8] Trying to get property of non-object D:\XAMPP\xampp\htdocs\Hospital\Application\User\Controller\UseController.class.php 第 24 行.
SQL: SELECT COUNT(*) AS tp_count FROM `hospital` LIMIT 1   [ RunTime:0.0002s ]
SQL: SELECT * FROM `hospital` LIMIT 0,3   [ RunTime:0.0002s ]
INFO: [ view_parse ] --START--
INFO: [ template_filter ] --START--
INFO: Run Behavior\ContentReplaceBehavior [ RunTime:0.000060s ]
INFO: [ template_filter ] --END-- [ RunTime:0.000114s ]
INFO: Run Behavior\ParseTemplateBehavior [ RunTime:0.008845s ]
INFO: [ view_parse ] --END-- [ RunTime:0.008891s ]
INFO: [ view_filter ] --START--
INFO: Run Behavior\WriteHtmlCacheBehavior [ RunTime:0.000290s ]
INFO: [ view_filter ] --END-- [ RunTime:0.000321s ]
INFO: [ app_end ] --START--
INFO: Run Behavior\ShowPageTraceBehavior [ RunTime:0.000460s ]
INFO: [ app_end ] --END-- [ RunTime:0.000521s ]

