[ 2018-01-22T16:23:40+08:00 ] ::1 /Hospital/index.php/User/Use/index
INFO: [ app_init ] --START--
INFO: Run Behavior\BuildLiteBehavior [ RunTime:0.000014s ]
INFO: [ app_init ] --END-- [ RunTime:0.000586s ]
INFO: [ app_begin ] --START--
INFO: Run Behavior\ReadHtmlCacheBehavior [ RunTime:0.000690s ]
INFO: [ app_begin ] --END-- [ RunTime:0.000734s ]
SQL: SHOW COLUMNS FROM `hospital` [ RunTime:0.0209s ]
NOTIC: [8] Undefined variable: page D:\XAMPP\xampp\htdocs\Hospital\Application\User\Controller\UseController.class.php 第 24 行.
NOTIC: [8] Trying to get property of non-object D:\XAMPP\xampp\htdocs\Hospital\Application\User\Controller\UseController.class.php 第 24 行.
NOTIC: [8] Undefined variable: page D:\XAMPP\xampp\htdocs\Hospital\Application\User\Controller\UseController.class.php 第 24 行.
NOTIC: [8] Trying to get property of non-object D:\XAMPP\xampp\htdocs\Hospital\Application\User\Controller\UseController.class.php 第 24 行.
SQL: SELECT COUNT(*) AS tp_count FROM `hospital` LIMIT 1   [ RunTime:0.0002s ]
SQL: SELECT * FROM `hospital` LIMIT 0,3   [ RunTime:0.0002s ]
INFO: [ view_parse ] --START--
INFO: [ template_filter ] --START--
INFO: Run Behavior\ContentReplaceBehavior [ RunTime:0.000074s ]
INFO: [ template_filter ] --END-- [ RunTime:0.000130s ]
INFO: Run Behavior\ParseTemplateBehavior [ RunTime:0.009169s ]
INFO: [ view_parse ] --END-- [ RunTime:0.009233s ]
INFO: [ view_filter ] --START--
INFO: Run Behavior\WriteHtmlCacheBehavior [ RunTime:0.000622s ]
INFO: [ view_filter ] --END-- [ RunTime:0.000653s ]
INFO: [ app_end ] --START--
INFO: Run Behavior\ShowPageTraceBehavior [ RunTime:0.000755s ]
INFO: [ app_end ] --END-- [ RunTime:0.000787s ]

[ 2018-01-22T16:23:42+08:00 ] ::1 /Hospital/index.php/User/Appointment/lst
INFO: [ app_init ] --START--
INFO: Run Behavior\BuildLiteBehavior [ RunTime:0.000019s ]
INFO: [ app_init ] --END-- [ RunTime:0.000673s ]
INFO: [ app_begin ] --START--
INFO: Run Behavior\ReadHtmlCacheBehavior [ RunTime:0.001016s ]
INFO: [ app_begin ] --END-- [ RunTime:0.001106s ]
SQL: SHOW COLUMNS FROM `appointment` [ RunTime:0.0033s ]
SQL: SELECT * FROM `appointment` WHERE ( user_id="10000" and appointment_date > curdate()  )  [ RunTime:0.0230s ]
INFO: [ view_parse ] --START--
INFO: [ template_filter ] --START--
INFO: Run Behavior\ContentReplaceBehavior [ RunTime:0.000052s ]
INFO: [ template_filter ] --END-- [ RunTime:0.000097s ]
NOTIC: [8] Undefined variable: empty D:\XAMPP\xampp\htdocs\Hospital\Application\Runtime\Cache\User\798403262b35425bba62378eb2d37321.php 第 51 行.
INFO: Run Behavior\ParseTemplateBehavior [ RunTime:0.007638s ]
INFO: [ view_parse ] --END-- [ RunTime:0.007703s ]
INFO: [ view_filter ] --START--
INFO: Run Behavior\WriteHtmlCacheBehavior [ RunTime:0.000727s ]
INFO: [ view_filter ] --END-- [ RunTime:0.000783s ]
INFO: [ app_end ] --START--
INFO: Run Behavior\ShowPageTraceBehavior [ RunTime:0.001487s ]
INFO: [ app_end ] --END-- [ RunTime:0.001533s ]

[ 2018-01-22T16:23:43+08:00 ] ::1 /Hospital/index.php/User/Use/index
INFO: [ app_init ] --START--
INFO: Run Behavior\BuildLiteBehavior [ RunTime:0.000013s ]
INFO: [ app_init ] --END-- [ RunTime:0.000469s ]
INFO: [ app_begin ] --START--
INFO: Run Behavior\ReadHtmlCacheBehavior [ RunTime:0.000605s ]
INFO: [ app_begin ] --END-- [ RunTime:0.000650s ]
SQL: SHOW COLUMNS FROM `hospital` [ RunTime:0.0070s ]
NOTIC: [8] Undefined variable: page D:\XAMPP\xampp\htdocs\Hospital\Application\User\Controller\UseController.class.php 第 24 行.
NOTIC: [8] Trying to get property of non-object D:\XAMPP\xampp\htdocs\Hospital\Application\User\Controller\UseController.class.php 第 24 行.
NOTIC: [8] Undefined variable: page D:\XAMPP\xampp\htdocs\Hospital\Application\User\Controller\UseController.class.php 第 24 行.
NOTIC: [8] Trying to get property of non-object D:\XAMPP\xampp\htdocs\Hospital\Application\User\Controller\UseController.class.php 第 24 行.
SQL: SELECT COUNT(*) AS tp_count FROM `hospital` LIMIT 1   [ RunTime:0.0003s ]
SQL: SELECT * FROM `hospital` LIMIT 0,3   [ RunTime:0.0003s ]
INFO: [ view_parse ] --START--
INFO: [ template_filter ] --START--
INFO: Run Behavior\ContentReplaceBehavior [ RunTime:0.000299s ]
INFO: [ template_filter ] --END-- [ RunTime:0.000434s ]
INFO: Run Behavior\ParseTemplateBehavior [ RunTime:0.008912s ]
INFO: [ view_parse ] --END-- [ RunTime:0.008961s ]
INFO: [ view_filter ] --START--
INFO: Run Behavior\WriteHtmlCacheBehavior [ RunTime:0.000453s ]
INFO: [ view_filter ] --END-- [ RunTime:0.000486s ]
INFO: [ app_end ] --START--
INFO: Run Behavior\ShowPageTraceBehavior [ RunTime:0.000607s ]
INFO: [ app_end ] --END-- [ RunTime:0.000642s ]

[ 2018-01-22T16:23:46+08:00 ] ::1 /Hospital/index.php/User/Appointment/lst
INFO: [ app_init ] --START--
INFO: Run Behavior\BuildLiteBehavior [ RunTime:0.000016s ]
INFO: [ app_init ] --END-- [ RunTime:0.001224s ]
INFO: [ app_begin ] --START--
INFO: Run Behavior\ReadHtmlCacheBehavior [ RunTime:0.000704s ]
INFO: [ app_begin ] --END-- [ RunTime:0.000750s ]
SQL: SHOW COLUMNS FROM `appointment` [ RunTime:0.0036s ]
SQL: SELECT * FROM `appointment` WHERE ( user_id="10000" and appointment_date > curdate()  )  [ RunTime:0.0006s ]
INFO: [ view_parse ] --START--
INFO: [ template_filter ] --START--
INFO: Run Behavior\ContentReplaceBehavior [ RunTime:0.000055s ]
INFO: [ template_filter ] --END-- [ RunTime:0.000109s ]
NOTIC: [8] Undefined variable: empty D:\XAMPP\xampp\htdocs\Hospital\Application\Runtime\Cache\User\798403262b35425bba62378eb2d37321.php 第 51 行.
INFO: Run Behavior\ParseTemplateBehavior [ RunTime:0.007819s ]
INFO: [ view_parse ] --END-- [ RunTime:0.007861s ]
INFO: [ view_filter ] --START--
INFO: Run Behavior\WriteHtmlCacheBehavior [ RunTime:0.000517s ]
INFO: [ view_filter ] --END-- [ RunTime:0.000552s ]
INFO: [ app_end ] --START--
INFO: Run Behavior\ShowPageTraceBehavior [ RunTime:0.000698s ]
INFO: [ app_end ] --END-- [ RunTime:0.000735s ]

[ 2018-01-22T16:24:27+08:00 ] ::1 /Hospital/index.php/User/Use/index
INFO: [ app_init ] --START--
INFO: Run Behavior\BuildLiteBehavior [ RunTime:0.000012s ]
INFO: [ app_init ] --END-- [ RunTime:0.000502s ]
INFO: [ app_begin ] --START--
INFO: Run Behavior\ReadHtmlCacheBehavior [ RunTime:0.000700s ]
INFO: [ app_begin ] --END-- [ RunTime:0.000737s ]
SQL: SHOW COLUMNS FROM `hospital` [ RunTime:0.0052s ]
NOTIC: [8] Undefined variable: page D:\XAMPP\xampp\htdocs\Hospital\Application\User\Controller\UseController.class.php 第 24 行.
NOTIC: [8] Trying to get property of non-object D:\XAMPP\xampp\htdocs\Hospital\Application\User\Controller\UseController.class.php 第 24 行.
NOTIC: [8] Undefined variable: page D:\XAMPP\xampp\htdocs\Hospital\Application\User\Controller\UseController.class.php 第 24 行.
NOTIC: [8] Trying to get property of non-object D:\XAMPP\xampp\htdocs\Hospital\Application\User\Controller\UseController.class.php 第 24 行.
SQL: SELECT COUNT(*) AS tp_count FROM `hospital` LIMIT 1   [ RunTime:0.0005s ]
SQL: SELECT * FROM `hospital` LIMIT 0,3   [ RunTime:0.0003s ]
INFO: [ view_parse ] --START--
INFO: [ template_filter ] --START--
INFO: Run Behavior\ContentReplaceBehavior [ RunTime:0.000049s ]
INFO: [ template_filter ] --END-- [ RunTime:0.000085s ]
INFO: Run Behavior\ParseTemplateBehavior [ RunTime:0.006841s ]
INFO: [ view_parse ] --END-- [ RunTime:0.006889s ]
INFO: [ view_filter ] --START--
INFO: Run Behavior\WriteHtmlCacheBehavior [ RunTime:0.000503s ]
INFO: [ view_filter ] --END-- [ RunTime:0.000537s ]
INFO: [ app_end ] --START--
INFO: Run Behavior\ShowPageTraceBehavior [ RunTime:0.001157s ]
INFO: [ app_end ] --END-- [ RunTime:0.001250s ]

[ 2018-01-22T16:24:38+08:00 ] ::1 /Hospital/index.php/User/Use/index.html
INFO: [ app_init ] --START--
INFO: Run Behavior\BuildLiteBehavior [ RunTime:0.000019s ]
INFO: [ app_init ] --END-- [ RunTime:0.000694s ]
INFO: [ app_begin ] --START--
INFO: Run Behavior\ReadHtmlCacheBehavior [ RunTime:0.000645s ]
INFO: [ app_begin ] --END-- [ RunTime:0.000689s ]
SQL: SHOW COLUMNS FROM `hospital` [ RunTime:0.0029s ]
NOTIC: [8] Undefined variable: page D:\XAMPP\xampp\htdocs\Hospital\Application\User\Controller\UseController.class.php 第 24 行.
NOTIC: [8] Trying to get property of non-object D:\XAMPP\xampp\htdocs\Hospital\Application\User\Controller\UseController.class.php 第 24 行.
NOTIC: [8] Undefined variable: page D:\XAMPP\xampp\htdocs\Hospital\Application\User\Controller\UseController.class.php 第 24 行.
NOTIC: [8] Trying to get property of non-object D:\XAMPP\xampp\htdocs\Hospital\Application\User\Controller\UseController.class.php 第 24 行.
SQL: SELECT COUNT(*) AS tp_count FROM `hospital` LIMIT 1   [ RunTime:0.0003s ]
SQL: SELECT * FROM `hospital` LIMIT 0,3   [ RunTime:0.0004s ]
INFO: [ view_parse ] --START--
INFO: [ template_filter ] --START--
INFO: Run Behavior\ContentReplaceBehavior [ RunTime:0.000058s ]
INFO: [ template_filter ] --END-- [ RunTime:0.000105s ]
INFO: Run Behavior\ParseTemplateBehavior [ RunTime:0.007298s ]
INFO: [ view_parse ] --END-- [ RunTime:0.007355s ]
INFO: [ view_filter ] --START--
INFO: Run Behavior\WriteHtmlCacheBehavior [ RunTime:0.000588s ]
INFO: [ view_filter ] --END-- [ RunTime:0.000626s ]
INFO: [ app_end ] --START--
INFO: Run Behavior\ShowPageTraceBehavior [ RunTime:0.000699s ]
INFO: [ app_end ] --END-- [ RunTime:0.000736s ]

[ 2018-01-22T16:24:40+08:00 ] ::1 /Hospital/index.php/User/Use/department/hos_name/%E9%9D%92%E5%B2%9B%E5%8C%BB%E9%99%A2
INFO: [ app_init ] --START--
INFO: Run Behavior\BuildLiteBehavior [ RunTime:0.000011s ]
INFO: [ app_init ] --END-- [ RunTime:0.000464s ]
INFO: [ app_begin ] --START--
INFO: Run Behavior\ReadHtmlCacheBehavior [ RunTime:0.003440s ]
INFO: [ app_begin ] --END-- [ RunTime:0.003561s ]
SQL: SHOW COLUMNS FROM `hospital` [ RunTime:0.0049s ]
SQL: SELECT * FROM `hospital` WHERE ( hos_name="青岛医院" ) LIMIT 1   [ RunTime:0.0005s ]
SQL: SHOW COLUMNS FROM `department` [ RunTime:0.0047s ]
SQL: SELECT * FROM `department` WHERE ( hos_code="13" and department_sort='内科' )  [ RunTime:0.0136s ]
SQL: SELECT * FROM `department` WHERE ( hos_code="13" and department_sort='外科' )  [ RunTime:0.0009s ]
SQL: SELECT * FROM `department` WHERE ( hos_code="13" and department_sort='急诊科' )  [ RunTime:0.0004s ]
SQL: SELECT * FROM `department` WHERE ( hos_code="13" and department_sort='中医科' )  [ RunTime:0.0003s ]
SQL: SELECT * FROM `department` WHERE ( hos_code="13" and department_sort='妇产科' )  [ RunTime:0.0003s ]
INFO: [ view_parse ] --START--
INFO: [ template_filter ] --START--
INFO: Run Behavior\ContentReplaceBehavior [ RunTime:0.000115s ]
INFO: [ template_filter ] --END-- [ RunTime:0.000194s ]
INFO: Run Behavior\ParseTemplateBehavior [ RunTime:0.010905s ]
INFO: [ view_parse ] --END-- [ RunTime:0.010975s ]
INFO: [ view_filter ] --START--
INFO: Run Behavior\WriteHtmlCacheBehavior [ RunTime:0.001346s ]
INFO: [ view_filter ] --END-- [ RunTime:0.001414s ]
INFO: [ app_end ] --START--
INFO: Run Behavior\ShowPageTraceBehavior [ RunTime:0.001169s ]
INFO: [ app_end ] --END-- [ RunTime:0.001237s ]

[ 2018-01-22T16:24:43+08:00 ] ::1 /Hospital/index.php/User/Appointment/lst
INFO: [ app_init ] --START--
INFO: Run Behavior\BuildLiteBehavior [ RunTime:0.000013s ]
INFO: [ app_init ] --END-- [ RunTime:0.000398s ]
INFO: [ app_begin ] --START--
INFO: Run Behavior\ReadHtmlCacheBehavior [ RunTime:0.000805s ]
INFO: [ app_begin ] --END-- [ RunTime:0.000859s ]
SQL: SHOW COLUMNS FROM `appointment` [ RunTime:0.0036s ]
SQL: SELECT * FROM `appointment` WHERE ( user_id="370902199603253311" and appointment_date > curdate()  )  [ RunTime:0.0004s ]
INFO: [ view_parse ] --START--
INFO: [ template_filter ] --START--
INFO: Run Behavior\ContentReplaceBehavior [ RunTime:0.000053s ]
INFO: [ template_filter ] --END-- [ RunTime:0.000099s ]
NOTIC: [8] Undefined variable: empty D:\XAMPP\xampp\htdocs\Hospital\Application\Runtime\Cache\User\798403262b35425bba62378eb2d37321.php 第 51 行.
INFO: Run Behavior\ParseTemplateBehavior [ RunTime:0.007878s ]
INFO: [ view_parse ] --END-- [ RunTime:0.007932s ]
INFO: [ view_filter ] --START--
INFO: Run Behavior\WriteHtmlCacheBehavior [ RunTime:0.000640s ]
INFO: [ view_filter ] --END-- [ RunTime:0.000682s ]
INFO: [ app_end ] --START--
INFO: Run Behavior\ShowPageTraceBehavior [ RunTime:0.000647s ]
INFO: [ app_end ] --END-- [ RunTime:0.000681s ]

[ 2018-01-22T16:24:44+08:00 ] ::1 /Hospital/index.php/User/Use/index
INFO: [ app_init ] --START--
INFO: Run Behavior\BuildLiteBehavior [ RunTime:0.000012s ]
INFO: [ app_init ] --END-- [ RunTime:0.000495s ]
INFO: [ app_begin ] --START--
INFO: Run Behavior\ReadHtmlCacheBehavior [ RunTime:0.000620s ]
INFO: [ app_begin ] --END-- [ RunTime:0.000659s ]
SQL: SHOW COLUMNS FROM `hospital` [ RunTime:0.0049s ]
NOTIC: [8] Undefined variable: page D:\XAMPP\xampp\htdocs\Hospital\Application\User\Controller\UseController.class.php 第 24 行.
NOTIC: [8] Trying to get property of non-object D:\XAMPP\xampp\htdocs\Hospital\Application\User\Controller\UseController.class.php 第 24 行.
NOTIC: [8] Undefined variable: page D:\XAMPP\xampp\htdocs\Hospital\Application\User\Controller\UseController.class.php 第 24 行.
NOTIC: [8] Trying to get property of non-object D:\XAMPP\xampp\htdocs\Hospital\Application\User\Controller\UseController.class.php 第 24 行.
SQL: SELECT COUNT(*) AS tp_count FROM `hospital` LIMIT 1   [ RunTime:0.0002s ]
SQL: SELECT * FROM `hospital` LIMIT 0,3   [ RunTime:0.0003s ]
INFO: [ view_parse ] --START--
INFO: [ template_filter ] --START--
INFO: Run Behavior\ContentReplaceBehavior [ RunTime:0.000083s ]
INFO: [ template_filter ] --END-- [ RunTime:0.000153s ]
INFO: Run Behavior\ParseTemplateBehavior [ RunTime:0.010317s ]
INFO: [ view_parse ] --END-- [ RunTime:0.010373s ]
INFO: [ view_filter ] --START--
INFO: Run Behavior\WriteHtmlCacheBehavior [ RunTime:0.000514s ]
INFO: [ view_filter ] --END-- [ RunTime:0.000545s ]
INFO: [ app_end ] --START--
INFO: Run Behavior\ShowPageTraceBehavior [ RunTime:0.000654s ]
INFO: [ app_end ] --END-- [ RunTime:0.000695s ]

[ 2018-01-22T16:24:46+08:00 ] ::1 /Hospital/index.php/User/Use/department/hos_name/%E9%9D%92%E5%B2%9B%E5%8C%BB%E9%99%A2
INFO: [ app_init ] --START--
INFO: Run Behavior\BuildLiteBehavior [ RunTime:0.000012s ]
INFO: [ app_init ] --END-- [ RunTime:0.000501s ]
INFO: [ app_begin ] --START--
INFO: Run Behavior\ReadHtmlCacheBehavior [ RunTime:0.000695s ]
INFO: [ app_begin ] --END-- [ RunTime:0.000742s ]
SQL: SHOW COLUMNS FROM `hospital` [ RunTime:0.0045s ]
SQL: SELECT * FROM `hospital` WHERE ( hos_name="青岛医院" ) LIMIT 1   [ RunTime:0.0003s ]
SQL: SHOW COLUMNS FROM `department` [ RunTime:0.0035s ]
SQL: SELECT * FROM `department` WHERE ( hos_code="13" and department_sort='内科' )  [ RunTime:0.0003s ]
SQL: SELECT * FROM `department` WHERE ( hos_code="13" and department_sort='外科' )  [ RunTime:0.0003s ]
SQL: SELECT * FROM `department` WHERE ( hos_code="13" and department_sort='急诊科' )  [ RunTime:0.0002s ]
SQL: SELECT * FROM `department` WHERE ( hos_code="13" and department_sort='中医科' )  [ RunTime:0.0003s ]
SQL: SELECT * FROM `department` WHERE ( hos_code="13" and department_sort='妇产科' )  [ RunTime:0.0003s ]
INFO: [ view_parse ] --START--
INFO: [ template_filter ] --START--
INFO: Run Behavior\ContentReplaceBehavior [ RunTime:0.000085s ]
INFO: [ template_filter ] --END-- [ RunTime:0.000146s ]
INFO: Run Behavior\ParseTemplateBehavior [ RunTime:0.010313s ]
INFO: [ view_parse ] --END-- [ RunTime:0.010394s ]
INFO: [ view_filter ] --START--
INFO: Run Behavior\WriteHtmlCacheBehavior [ RunTime:0.000498s ]
INFO: [ view_filter ] --END-- [ RunTime:0.000535s ]
INFO: [ app_end ] --START--
INFO: Run Behavior\ShowPageTraceBehavior [ RunTime:0.000722s ]
INFO: [ app_end ] --END-- [ RunTime:0.000760s ]

[ 2018-01-22T16:24:51+08:00 ] ::1 /Hospital/index.php/User/Appointment/lst
INFO: [ app_init ] --START--
INFO: Run Behavior\BuildLiteBehavior [ RunTime:0.000015s ]
INFO: [ app_init ] --END-- [ RunTime:0.000521s ]
INFO: [ app_begin ] --START--
INFO: Run Behavior\ReadHtmlCacheBehavior [ RunTime:0.000709s ]
INFO: [ app_begin ] --END-- [ RunTime:0.000763s ]
SQL: SHOW COLUMNS FROM `appointment` [ RunTime:0.0033s ]
SQL: SELECT * FROM `appointment` WHERE ( user_id="370902199603253311" and appointment_date > curdate()  )  [ RunTime:0.0004s ]
INFO: [ view_parse ] --START--
INFO: [ template_filter ] --START--
INFO: Run Behavior\ContentReplaceBehavior [ RunTime:0.000325s ]
INFO: [ template_filter ] --END-- [ RunTime:0.000551s ]
NOTIC: [8] Undefined variable: empty D:\XAMPP\xampp\htdocs\Hospital\Application\Runtime\Cache\User\798403262b35425bba62378eb2d37321.php 第 51 行.
INFO: Run Behavior\ParseTemplateBehavior [ RunTime:0.008032s ]
INFO: [ view_parse ] --END-- [ RunTime:0.008077s ]
INFO: [ view_filter ] --START--
INFO: Run Behavior\WriteHtmlCacheBehavior [ RunTime:0.000596s ]
INFO: [ view_filter ] --END-- [ RunTime:0.000632s ]
INFO: [ app_end ] --START--
INFO: Run Behavior\ShowPageTraceBehavior [ RunTime:0.000718s ]
INFO: [ app_end ] --END-- [ RunTime:0.000752s ]

[ 2018-01-22T16:24:52+08:00 ] ::1 /Hospital/index.php/User/Use/index
INFO: [ app_init ] --START--
INFO: Run Behavior\BuildLiteBehavior [ RunTime:0.000012s ]
INFO: [ app_init ] --END-- [ RunTime:0.000454s ]
INFO: [ app_begin ] --START--
INFO: Run Behavior\ReadHtmlCacheBehavior [ RunTime:0.000625s ]
INFO: [ app_begin ] --END-- [ RunTime:0.000667s ]
SQL: SHOW COLUMNS FROM `hospital` [ RunTime:0.0055s ]
NOTIC: [8] Undefined variable: page D:\XAMPP\xampp\htdocs\Hospital\Application\User\Controller\UseController.class.php 第 24 行.
NOTIC: [8] Trying to get property of non-object D:\XAMPP\xampp\htdocs\Hospital\Application\User\Controller\UseController.class.php 第 24 行.
NOTIC: [8] Undefined variable: page D:\XAMPP\xampp\htdocs\Hospital\Application\User\Controller\UseController.class.php 第 24 行.
NOTIC: [8] Trying to get property of non-object D:\XAMPP\xampp\htdocs\Hospital\Application\User\Controller\UseController.class.php 第 24 行.
SQL: SELECT COUNT(*) AS tp_count FROM `hospital` LIMIT 1   [ RunTime:0.0002s ]
SQL: SELECT * FROM `hospital` LIMIT 0,3   [ RunTime:0.0003s ]
INFO: [ view_parse ] --START--
INFO: [ template_filter ] --START--
INFO: Run Behavior\ContentReplaceBehavior [ RunTime:0.000057s ]
INFO: [ template_filter ] --END-- [ RunTime:0.000098s ]
INFO: Run Behavior\ParseTemplateBehavior [ RunTime:0.007085s ]
INFO: [ view_parse ] --END-- [ RunTime:0.007147s ]
INFO: [ view_filter ] --START--
INFO: Run Behavior\WriteHtmlCacheBehavior [ RunTime:0.000502s ]
INFO: [ view_filter ] --END-- [ RunTime:0.000535s ]
INFO: [ app_end ] --START--
INFO: Run Behavior\ShowPageTraceBehavior [ RunTime:0.000629s ]
INFO: [ app_end ] --END-- [ RunTime:0.000662s ]

[ 2018-01-22T16:24:53+08:00 ] ::1 /Hospital/index.php/User/Use/department/hos_name/%E9%9D%92%E5%B2%9B%E5%8C%BB%E9%99%A2
INFO: [ app_init ] --START--
INFO: Run Behavior\BuildLiteBehavior [ RunTime:0.000011s ]
INFO: [ app_init ] --END-- [ RunTime:0.000438s ]
INFO: [ app_begin ] --START--
INFO: Run Behavior\ReadHtmlCacheBehavior [ RunTime:0.000716s ]
INFO: [ app_begin ] --END-- [ RunTime:0.000789s ]
SQL: SHOW COLUMNS FROM `hospital` [ RunTime:0.0030s ]
SQL: SELECT * FROM `hospital` WHERE ( hos_name="青岛医院" ) LIMIT 1   [ RunTime:0.0003s ]
SQL: SHOW COLUMNS FROM `department` [ RunTime:0.0052s ]
SQL: SELECT * FROM `department` WHERE ( hos_code="13" and department_sort='内科' )  [ RunTime:0.0015s ]
SQL: SELECT * FROM `department` WHERE ( hos_code="13" and department_sort='外科' )  [ RunTime:0.0003s ]
SQL: SELECT * FROM `department` WHERE ( hos_code="13" and department_sort='急诊科' )  [ RunTime:0.0003s ]
SQL: SELECT * FROM `department` WHERE ( hos_code="13" and department_sort='中医科' )  [ RunTime:0.0002s ]
SQL: SELECT * FROM `department` WHERE ( hos_code="13" and department_sort='妇产科' )  [ RunTime:0.0002s ]
INFO: [ view_parse ] --START--
INFO: [ template_filter ] --START--
INFO: Run Behavior\ContentReplaceBehavior [ RunTime:0.000067s ]
INFO: [ template_filter ] --END-- [ RunTime:0.000106s ]
INFO: Run Behavior\ParseTemplateBehavior [ RunTime:0.009580s ]
INFO: [ view_parse ] --END-- [ RunTime:0.009625s ]
INFO: [ view_filter ] --START--
INFO: Run Behavior\WriteHtmlCacheBehavior [ RunTime:0.000530s ]
INFO: [ view_filter ] --END-- [ RunTime:0.000562s ]
INFO: [ app_end ] --START--
INFO: Run Behavior\ShowPageTraceBehavior [ RunTime:0.000729s ]
INFO: [ app_end ] --END-- [ RunTime:0.000765s ]

[ 2018-01-22T16:24:55+08:00 ] ::1 /Hospital/index.php/User/Use/expert/hos_code/13/department_name/%E6%B6%88%E5%8C%96
INFO: [ app_init ] --START--
INFO: Run Behavior\BuildLiteBehavior [ RunTime:0.000016s ]
INFO: [ app_init ] --END-- [ RunTime:0.000578s ]
INFO: [ app_begin ] --START--
INFO: Run Behavior\ReadHtmlCacheBehavior [ RunTime:0.001284s ]
INFO: [ app_begin ] --END-- [ RunTime:0.001396s ]
SQL: SHOW COLUMNS FROM `arrange` [ RunTime:0.0045s ]
SQL: SELECT * FROM `arrange` WHERE ( hos_code="13" and department_name="消化" )  [ RunTime:0.0008s ]
SQL: SHOW COLUMNS FROM `appointment` [ RunTime:0.0047s ]
NOTIC: [8] Array to string conversion D:\XAMPP\xampp\htdocs\Hospital\Application\User\Controller\UseController.class.php 第 118 行.
SQL: SELECT COUNT(*) AS tp_count FROM `appointment` WHERE ( expert_code="10000" and appointment_date="2018-01-29" and info="monday" ) LIMIT 1   [ RunTime:0.0004s ]
NOTIC: [8] Array to string conversion D:\XAMPP\xampp\htdocs\Hospital\Application\User\Controller\UseController.class.php 第 132 行.
NOTIC: [8] Array to string conversion D:\XAMPP\xampp\htdocs\Hospital\Application\User\Controller\UseController.class.php 第 137 行.
NOTIC: [8] Array to string conversion D:\XAMPP\xampp\htdocs\Hospital\Application\User\Controller\UseController.class.php 第 137 行.
NOTIC: [8] Array to string conversion D:\XAMPP\xampp\htdocs\Hospital\Application\User\Controller\UseController.class.php 第 137 行.
NOTIC: [8] Array to string conversion D:\XAMPP\xampp\htdocs\Hospital\Application\User\Controller\UseController.class.php 第 118 行.
SQL: SELECT COUNT(*) AS tp_count FROM `appointment` WHERE ( expert_code="10000" and appointment_date="2018-01-26" and info="friday" ) LIMIT 1   [ RunTime:0.0003s ]
NOTIC: [8] Array to string conversion D:\XAMPP\xampp\htdocs\Hospital\Application\User\Controller\UseController.class.php 第 132 行.
NOTIC: [8] Array to string conversion D:\XAMPP\xampp\htdocs\Hospital\Application\User\Controller\UseController.class.php 第 118 行.
SQL: SELECT COUNT(*) AS tp_count FROM `appointment` WHERE ( expert_code="10000" and appointment_date="2018-01-27" and info="saturday" ) LIMIT 1   [ RunTime:0.0003s ]
NOTIC: [8] Array to string conversion D:\XAMPP\xampp\htdocs\Hospital\Application\User\Controller\UseController.class.php 第 132 行.
NOTIC: [8] Array to string conversion D:\XAMPP\xampp\htdocs\Hospital\Application\User\Controller\UseController.class.php 第 137 行.
NOTIC: [8] Array to string conversion D:\XAMPP\xampp\htdocs\Hospital\Application\User\Controller\UseController.class.php 第 137 行.
NOTIC: [8] Array to string conversion D:\XAMPP\xampp\htdocs\Hospital\Application\User\Controller\UseController.class.php 第 137 行.
NOTIC: [8] Array to string conversion D:\XAMPP\xampp\htdocs\Hospital\Application\User\Controller\UseController.class.php 第 137 行.
NOTIC: [8] Array to string conversion D:\XAMPP\xampp\htdocs\Hospital\Application\User\Controller\UseController.class.php 第 137 行.
NOTIC: [8] Array to string conversion D:\XAMPP\xampp\htdocs\Hospital\Application\User\Controller\UseController.class.php 第 137 行.
NOTIC: [8] Array to string conversion D:\XAMPP\xampp\htdocs\Hospital\Application\User\Controller\UseController.class.php 第 118 行.
SQL: SELECT COUNT(*) AS tp_count FROM `appointment` WHERE ( expert_code="10000" and appointment_date="2018-01-27" and info="saturday2" ) LIMIT 1   [ RunTime:0.0002s ]
NOTIC: [8] Array to string conversion D:\XAMPP\xampp\htdocs\Hospital\Application\User\Controller\UseController.class.php 第 132 行.
NOTIC: [8] Array to string conversion D:\XAMPP\xampp\htdocs\Hospital\Application\User\Controller\UseController.class.php 第 137 行.
INFO: [ view_parse ] --START--
INFO: [ template_filter ] --START--
INFO: Run Behavior\ContentReplaceBehavior [ RunTime:0.000088s ]
INFO: [ template_filter ] --END-- [ RunTime:0.000179s ]
NOTIC: [8] Undefined variable: department_describe D:\XAMPP\xampp\htdocs\Hospital\Application\Runtime\Cache\User\7cebcb81099af8776907c48ee4d59eac.php 第 34 行.
INFO: Run Behavior\ParseTemplateBehavior [ RunTime:0.011420s ]
INFO: [ view_parse ] --END-- [ RunTime:0.011477s ]
INFO: [ view_filter ] --START--
INFO: Run Behavior\WriteHtmlCacheBehavior [ RunTime:0.001097s ]
INFO: [ view_filter ] --END-- [ RunTime:0.001186s ]
INFO: [ app_end ] --START--
INFO: Run Behavior\ShowPageTraceBehavior [ RunTime:0.001569s ]
INFO: [ app_end ] --END-- [ RunTime:0.001644s ]

[ 2018-01-22T16:24:58+08:00 ] ::1 /Hospital/index.php/User/Use/appointment/expert_code/10000/info/friday
INFO: [ app_init ] --START--
INFO: Run Behavior\BuildLiteBehavior [ RunTime:0.000012s ]
INFO: [ app_init ] --END-- [ RunTime:0.000505s ]
INFO: [ app_begin ] --START--
INFO: Run Behavior\ReadHtmlCacheBehavior [ RunTime:0.000616s ]
INFO: [ app_begin ] --END-- [ RunTime:0.000653s ]
SQL: SHOW COLUMNS FROM `expert` [ RunTime:0.0028s ]
SQL: SHOW COLUMNS FROM `hospital` [ RunTime:0.0027s ]
SQL: SELECT * FROM `expert` WHERE ( expert_code="10000" ) LIMIT 1   [ RunTime:0.0003s ]
SQL: SELECT * FROM `hospital` WHERE ( hos_code="13" ) LIMIT 1   [ RunTime:0.0002s ]
SQL: SHOW COLUMNS FROM `appointment` [ RunTime:0.0047s ]
SQL: SELECT COUNT(*) AS tp_count FROM `appointment` WHERE ( expert_code="10000" and appointment_date="2018-01-26" and info="friday" ) LIMIT 1   [ RunTime:0.0003s ]
SQL: SELECT * FROM `appointment` WHERE ( expert_code="10000" and appointment_date="2018-01-26" and info="friday" )  [ RunTime:0.0003s ]
INFO: [ view_parse ] --START--
INFO: [ template_filter ] --START--
INFO: Run Behavior\ContentReplaceBehavior [ RunTime:0.000052s ]
INFO: [ template_filter ] --END-- [ RunTime:0.000094s ]
INFO: Run Behavior\ParseTemplateBehavior [ RunTime:0.007335s ]
INFO: [ view_parse ] --END-- [ RunTime:0.007422s ]
INFO: [ view_filter ] --START--
INFO: Run Behavior\WriteHtmlCacheBehavior [ RunTime:0.000550s ]
INFO: [ view_filter ] --END-- [ RunTime:0.000582s ]
INFO: [ app_end ] --START--
INFO: Run Behavior\ShowPageTraceBehavior [ RunTime:0.000730s ]
INFO: [ app_end ] --END-- [ RunTime:0.000771s ]

[ 2018-01-22T16:24:59+08:00 ] ::1 /Hospital/index.php/User/Use/appointment
INFO: [ app_init ] --START--
INFO: Run Behavior\BuildLiteBehavior [ RunTime:0.000012s ]
INFO: [ app_init ] --END-- [ RunTime:0.000531s ]
INFO: [ app_begin ] --START--
INFO: Run Behavior\ReadHtmlCacheBehavior [ RunTime:0.000681s ]
INFO: [ app_begin ] --END-- [ RunTime:0.000723s ]
SQL: SHOW COLUMNS FROM `user` [ RunTime:0.0033s ]
SQL: SELECT * FROM `user` WHERE ( user_id="370902199603253311" ) LIMIT 1   [ RunTime:0.0003s ]
SQL: SHOW COLUMNS FROM `black` [ RunTime:0.0043s ]
SQL: SELECT COUNT(*) AS tp_count FROM `black` WHERE ( user_id="370902199603253311" ) LIMIT 1   [ RunTime:0.0003s ]
INFO: [ view_parse ] --START--
INFO: [ template_filter ] --START--
INFO: Run Behavior\ContentReplaceBehavior [ RunTime:0.000043s ]
INFO: [ template_filter ] --END-- [ RunTime:0.000098s ]
INFO: Run Behavior\ParseTemplateBehavior [ RunTime:0.007771s ]
INFO: [ view_parse ] --END-- [ RunTime:0.007816s ]
INFO: [ view_filter ] --START--
INFO: Run Behavior\WriteHtmlCacheBehavior [ RunTime:0.000479s ]
INFO: [ view_filter ] --END-- [ RunTime:0.000513s ]

[ 2018-01-22T10:42:51+08:00 ] ::1 /Hospital/index.php/User/Use/index
INFO: [ app_init ] --START--
INFO: Run Behavior\BuildLiteBehavior [ RunTime:0.000011s ]
INFO: [ app_init ] --END-- [ RunTime:0.000377s ]
INFO: [ app_begin ] --START--
INFO: Run Behavior\ReadHtmlCacheBehavior [ RunTime:0.000445s ]
INFO: [ app_begin ] --END-- [ RunTime:0.000491s ]
SQL: SHOW COLUMNS FROM `hospital` [ RunTime:0.0966s ]
NOTIC: [8] Undefined variable: page D:\XAMPP\xampp\htdocs\Hospital\Application\User\Controller\UseController.class.php 第 24 行.
NOTIC: [8] Trying to get property of non-object D:\XAMPP\xampp\htdocs\Hospital\Application\User\Controller\UseController.class.php 第 24 行.
NOTIC: [8] Undefined variable: page D:\XAMPP\xampp\htdocs\Hospital\Application\User\Controller\UseController.class.php 第 24 行.
NOTIC: [8] Trying to get property of non-object D:\XAMPP\xampp\htdocs\Hospital\Application\User\Controller\UseController.class.php 第 24 行.
SQL: SELECT COUNT(*) AS tp_count FROM `hospital` LIMIT 1   [ RunTime:0.0002s ]
SQL: SELECT * FROM `hospital` LIMIT 0,3   [ RunTime:0.0004s ]
INFO: [ view_parse ] --START--
INFO: [ template_filter ] --START--
INFO: Run Behavior\ContentReplaceBehavior [ RunTime:0.000055s ]
INFO: [ template_filter ] --END-- [ RunTime:0.000101s ]
INFO: Run Behavior\ParseTemplateBehavior [ RunTime:0.065263s ]
INFO: [ view_parse ] --END-- [ RunTime:0.065310s ]
INFO: [ view_filter ] --START--
INFO: Run Behavior\WriteHtmlCacheBehavior [ RunTime:0.000295s ]
INFO: [ view_filter ] --END-- [ RunTime:0.000324s ]
INFO: [ app_end ] --START--
INFO: Run Behavior\ShowPageTraceBehavior [ RunTime:0.000420s ]
INFO: [ app_end ] --END-- [ RunTime:0.000452s ]

[ 2018-01-22T10:42:56+08:00 ] ::1 /Hospital/index.php/User/Use/department/hos_name/%E5%8F%B0%E5%AE%89%E5%8C%BB%E9%99%A2
INFO: [ app_init ] --START--
INFO: Run Behavior\BuildLiteBehavior [ RunTime:0.000012s ]
INFO: [ app_init ] --END-- [ RunTime:0.000525s ]
INFO: [ app_begin ] --START--
INFO: Run Behavior\ReadHtmlCacheBehavior [ RunTime:0.000778s ]
INFO: [ app_begin ] --END-- [ RunTime:0.000854s ]
SQL: SHOW COLUMNS FROM `hospital` [ RunTime:0.0369s ]
SQL: SELECT * FROM `hospital` WHERE ( hos_name="台安医院" ) LIMIT 1   [ RunTime:0.0003s ]
SQL: SHOW COLUMNS FROM `department` [ RunTime:0.0936s ]
SQL: SELECT * FROM `department` WHERE ( hos_code="14" and department_sort='内科' )  [ RunTime:0.0003s ]
SQL: SELECT * FROM `department` WHERE ( hos_code="14" and department_sort='外科' )  [ RunTime:0.0003s ]
SQL: SELECT * FROM `department` WHERE ( hos_code="14" and department_sort='急诊科' )  [ RunTime:0.0003s ]
SQL: SELECT * FROM `department` WHERE ( hos_code="14" and department_sort='中医科' )  [ RunTime:0.0003s ]
SQL: SELECT * FROM `department` WHERE ( hos_code="14" and department_sort='妇产科' )  [ RunTime:0.0003s ]
INFO: [ view_parse ] --START--
INFO: [ template_filter ] --START--
INFO: Run Behavior\ContentReplaceBehavior [ RunTime:0.000069s ]
INFO: [ template_filter ] --END-- [ RunTime:0.000114s ]
INFO: Run Behavior\ParseTemplateBehavior [ RunTime:0.048128s ]
INFO: [ view_parse ] --END-- [ RunTime:0.048185s ]
INFO: [ view_filter ] --START--
INFO: Run Behavior\WriteHtmlCacheBehavior [ RunTime:0.000424s ]
INFO: [ view_filter ] --END-- [ RunTime:0.000453s ]
INFO: [ app_end ] --START--
INFO: Run Behavior\ShowPageTraceBehavior [ RunTime:0.000555s ]
INFO: [ app_end ] --END-- [ RunTime:0.000599s ]

[ 2018-01-22T10:43:01+08:00 ] ::1 /Hospital/index.php/User/Use/index.html
INFO: [ app_init ] --START--
INFO: Run Behavior\BuildLiteBehavior [ RunTime:0.000010s ]
INFO: [ app_init ] --END-- [ RunTime:0.000488s ]
INFO: [ app_begin ] --START--
INFO: Run Behavior\ReadHtmlCacheBehavior [ RunTime:0.000479s ]
INFO: [ app_begin ] --END-- [ RunTime:0.000521s ]
SQL: SHOW COLUMNS FROM `hospital` [ RunTime:0.0769s ]
NOTIC: [8] Undefined variable: page D:\XAMPP\xampp\htdocs\Hospital\Application\User\Controller\UseController.class.php 第 24 行.
NOTIC: [8] Trying to get property of non-object D:\XAMPP\xampp\htdocs\Hospital\Application\User\Controller\UseController.class.php 第 24 行.
NOTIC: [8] Undefined variable: page D:\XAMPP\xampp\htdocs\Hospital\Application\User\Controller\UseController.class.php 第 24 行.
NOTIC: [8] Trying to get property of non-object D:\XAMPP\xampp\htdocs\Hospital\Application\User\Controller\UseController.class.php 第 24 行.
SQL: SELECT COUNT(*) AS tp_count FROM `hospital` LIMIT 1   [ RunTime:0.0003s ]
SQL: SELECT * FROM `hospital` LIMIT 0,3   [ RunTime:0.0004s ]
INFO: [ view_parse ] --START--
INFO: [ template_filter ] --START--
INFO: Run Behavior\ContentReplaceBehavior [ RunTime:0.000049s ]
INFO: [ template_filter ] --END-- [ RunTime:0.000089s ]
INFO: Run Behavior\ParseTemplateBehavior [ RunTime:0.007288s ]
INFO: [ view_parse ] --END-- [ RunTime:0.007340s ]
INFO: [ view_filter ] --START--
INFO: Run Behavior\WriteHtmlCacheBehavior [ RunTime:0.000323s ]
INFO: [ view_filter ] --END-- [ RunTime:0.000352s ]
INFO: [ app_end ] --START--
INFO: Run Behavior\ShowPageTraceBehavior [ RunTime:0.000533s ]
INFO: [ app_end ] --END-- [ RunTime:0.000588s ]

[ 2018-01-22T10:43:06+08:00 ] ::1 /Hospital/index.php/User/Use/index.html
INFO: [ app_init ] --START--
INFO: Run Behavior\BuildLiteBehavior [ RunTime:0.000010s ]
INFO: [ app_init ] --END-- [ RunTime:0.000410s ]
INFO: [ app_begin ] --START--
INFO: Run Behavior\ReadHtmlCacheBehavior [ RunTime:0.000580s ]
INFO: [ app_begin ] --END-- [ RunTime:0.000627s ]
SQL: SHOW COLUMNS FROM `hospital` [ RunTime:0.0029s ]
NOTIC: [8] Undefined variable: page D:\XAMPP\xampp\htdocs\Hospital\Application\User\Controller\UseController.class.php 第 24 行.
NOTIC: [8] Trying to get property of non-object D:\XAMPP\xampp\htdocs\Hospital\Application\User\Controller\UseController.class.php 第 24 行.
NOTIC: [8] Undefined variable: page D:\XAMPP\xampp\htdocs\Hospital\Application\User\Controller\UseController.class.php 第 24 行.
NOTIC: [8] Trying to get property of non-object D:\XAMPP\xampp\htdocs\Hospital\Application\User\Controller\UseController.class.php 第 24 行.
SQL: SELECT COUNT(*) AS tp_count FROM `hospital` LIMIT 1   [ RunTime:0.0002s ]
SQL: SELECT * FROM `hospital` LIMIT 0,3   [ RunTime:0.0003s ]
INFO: [ view_parse ] --START--
INFO: [ template_filter ] --START--
INFO: Run Behavior\ContentReplaceBehavior [ RunTime:0.000050s ]
INFO: [ template_filter ] --END-- [ RunTime:0.000103s ]
INFO: Run Behavior\ParseTemplateBehavior [ RunTime:0.008507s ]
INFO: [ view_parse ] --END-- [ RunTime:0.008553s ]
INFO: [ view_filter ] --START--
INFO: Run Behavior\WriteHtmlCacheBehavior [ RunTime:0.000404s ]
INFO: [ view_filter ] --END-- [ RunTime:0.000437s ]
INFO: [ app_end ] --START--
INFO: Run Behavior\ShowPageTraceBehavior [ RunTime:0.000433s ]
INFO: [ app_end ] --END-- [ RunTime:0.000464s ]

[ 2018-01-22T10:45:07+08:00 ] ::1 /Hospital/index.php/User/Use/index
INFO: [ app_init ] --START--
INFO: Run Behavior\BuildLiteBehavior [ RunTime:0.000017s ]
INFO: [ app_init ] --END-- [ RunTime:0.000584s ]
INFO: [ app_begin ] --START--
INFO: Run Behavior\ReadHtmlCacheBehavior [ RunTime:0.000708s ]
INFO: [ app_begin ] --END-- [ RunTime:0.000790s ]
SQL: SHOW COLUMNS FROM `hospital` [ RunTime:0.0509s ]
NOTIC: [8] Undefined variable: page D:\XAMPP\xampp\htdocs\Hospital\Application\User\Controller\UseController.class.php 第 24 行.
NOTIC: [8] Trying to get property of non-object D:\XAMPP\xampp\htdocs\Hospital\Application\User\Controller\UseController.class.php 第 24 行.
NOTIC: [8] Undefined variable: page D:\XAMPP\xampp\htdocs\Hospital\Application\User\Controller\UseController.class.php 第 24 行.
NOTIC: [8] Trying to get property of non-object D:\XAMPP\xampp\htdocs\Hospital\Application\User\Controller\UseController.class.php 第 24 行.
SQL: SELECT COUNT(*) AS tp_count FROM `hospital` LIMIT 1   [ RunTime:0.0014s ]
SQL: SELECT * FROM `hospital` LIMIT 0,3   [ RunTime:0.0012s ]
INFO: [ view_parse ] --START--
INFO: [ template_filter ] --START--
INFO: Run Behavior\ContentReplaceBehavior [ RunTime:0.000048s ]
INFO: [ template_filter ] --END-- [ RunTime:0.000087s ]
INFO: Run Behavior\ParseTemplateBehavior [ RunTime:0.006502s ]
INFO: [ view_parse ] --END-- [ RunTime:0.006558s ]
INFO: [ view_filter ] --START--
INFO: Run Behavior\WriteHtmlCacheBehavior [ RunTime:0.000374s ]
INFO: [ view_filter ] --END-- [ RunTime:0.000413s ]
INFO: [ app_end ] --START--
INFO: Run Behavior\ShowPageTraceBehavior [ RunTime:0.000536s ]
INFO: [ app_end ] --END-- [ RunTime:0.000571s ]

[ 2018-01-22T10:45:09+08:00 ] ::1 /Hospital/index.php/User/Use/department/hos_name/%E5%8F%B0%E5%AE%89%E5%8C%BB%E9%99%A2
INFO: [ app_init ] --START--
INFO: Run Behavior\BuildLiteBehavior [ RunTime:0.000021s ]
INFO: [ app_init ] --END-- [ RunTime:0.000644s ]
INFO: [ app_begin ] --START--
INFO: Run Behavior\ReadHtmlCacheBehavior [ RunTime:0.000931s ]
INFO: [ app_begin ] --END-- [ RunTime:0.001035s ]
SQL: SHOW COLUMNS FROM `hospital` [ RunTime:0.0398s ]
SQL: SELECT * FROM `hospital` WHERE ( hos_name="台安医院" ) LIMIT 1   [ RunTime:0.0003s ]
SQL: SHOW COLUMNS FROM `department` [ RunTime:0.1393s ]
SQL: SELECT * FROM `department` WHERE ( hos_code="14" and department_sort='内科' )  [ RunTime:0.0003s ]
SQL: SELECT * FROM `department` WHERE ( hos_code="14" and department_sort='外科' )  [ RunTime:0.0002s ]
SQL: SELECT * FROM `department` WHERE ( hos_code="14" and department_sort='急诊科' )  [ RunTime:0.0003s ]
SQL: SELECT * FROM `department` WHERE ( hos_code="14" and department_sort='中医科' )  [ RunTime:0.0002s ]
SQL: SELECT * FROM `department` WHERE ( hos_code="14" and department_sort='妇产科' )  [ RunTime:0.0002s ]
INFO: [ view_parse ] --START--
INFO: [ template_filter ] --START--
INFO: Run Behavior\ContentReplaceBehavior [ RunTime:0.000142s ]
INFO: [ template_filter ] --END-- [ RunTime:0.000246s ]
INFO: Run Behavior\ParseTemplateBehavior [ RunTime:0.010637s ]
INFO: [ view_parse ] --END-- [ RunTime:0.010713s ]
INFO: [ view_filter ] --START--
INFO: Run Behavior\WriteHtmlCacheBehavior [ RunTime:0.000502s ]
INFO: [ view_filter ] --END-- [ RunTime:0.000550s ]
INFO: [ app_end ] --START--
INFO: Run Behavior\ShowPageTraceBehavior [ RunTime:0.000867s ]
INFO: [ app_end ] --END-- [ RunTime:0.000941s ]

[ 2018-01-22T10:45:11+08:00 ] ::1 /Hospital/index.php/User/Use/expert/hos_code/14/department_name/%E6%B6%88%E5%8C%96%E7%A7%91
INFO: [ app_init ] --START--
INFO: Run Behavior\BuildLiteBehavior [ RunTime:0.000011s ]
INFO: [ app_init ] --END-- [ RunTime:0.000472s ]
INFO: [ app_begin ] --START--
INFO: Run Behavior\ReadHtmlCacheBehavior [ RunTime:0.000519s ]
INFO: [ app_begin ] --END-- [ RunTime:0.000560s ]
SQL: SHOW COLUMNS FROM `arrange` [ RunTime:0.0391s ]
SQL: SELECT * FROM `arrange` WHERE ( hos_code="14" and department_name="消化科" )  [ RunTime:0.0004s ]
SQL: SHOW COLUMNS FROM `appointment` [ RunTime:0.0557s ]
NOTIC: [8] Array to string conversion D:\XAMPP\xampp\htdocs\Hospital\Application\User\Controller\UseController.class.php 第 118 行.
SQL: SELECT COUNT(*) AS tp_count FROM `appointment` WHERE ( expert_code="10002" and appointment_date="2018-01-29" and info="monday" ) LIMIT 1   [ RunTime:0.0003s ]
NOTIC: [8] Array to string conversion D:\XAMPP\xampp\htdocs\Hospital\Application\User\Controller\UseController.class.php 第 132 行.
NOTIC: [8] Array to string conversion D:\XAMPP\xampp\htdocs\Hospital\Application\User\Controller\UseController.class.php 第 118 行.
SQL: SELECT COUNT(*) AS tp_count FROM `appointment` WHERE ( expert_code="10002" and appointment_date="2018-01-23" and info="tuesday" ) LIMIT 1   [ RunTime:0.0002s ]
NOTIC: [8] Array to string conversion D:\XAMPP\xampp\htdocs\Hospital\Application\User\Controller\UseController.class.php 第 132 行.
NOTIC: [8] Array to string conversion D:\XAMPP\xampp\htdocs\Hospital\Application\User\Controller\UseController.class.php 第 118 行.
SQL: SELECT COUNT(*) AS tp_count FROM `appointment` WHERE ( expert_code="10002" and appointment_date="2018-01-24" and info="wednesday" ) LIMIT 1   [ RunTime:0.0002s ]
NOTIC: [8] Array to string conversion D:\XAMPP\xampp\htdocs\Hospital\Application\User\Controller\UseController.class.php 第 132 行.
NOTIC: [8] Array to string conversion D:\XAMPP\xampp\htdocs\Hospital\Application\User\Controller\UseController.class.php 第 118 行.
SQL: SELECT COUNT(*) AS tp_count FROM `appointment` WHERE ( expert_code="10002" and appointment_date="2018-01-25" and info="thursday" ) LIMIT 1   [ RunTime:0.0003s ]
NOTIC: [8] Array to string conversion D:\XAMPP\xampp\htdocs\Hospital\Application\User\Controller\UseController.class.php 第 132 行.
NOTIC: [8] Array to string conversion D:\XAMPP\xampp\htdocs\Hospital\Application\User\Controller\UseController.class.php 第 118 行.
SQL: SELECT COUNT(*) AS tp_count FROM `appointment` WHERE ( expert_code="10002" and appointment_date="2018-01-26" and info="friday" ) LIMIT 1   [ RunTime:0.0002s ]
NOTIC: [8] Array to string conversion D:\XAMPP\xampp\htdocs\Hospital\Application\User\Controller\UseController.class.php 第 132 行.
NOTIC: [8] Array to string conversion D:\XAMPP\xampp\htdocs\Hospital\Application\User\Controller\UseController.class.php 第 118 行.
SQL: SELECT COUNT(*) AS tp_count FROM `appointment` WHERE ( expert_code="10002" and appointment_date="2018-01-27" and info="saturday" ) LIMIT 1   [ RunTime:0.0003s ]
NOTIC: [8] Array to string conversion D:\XAMPP\xampp\htdocs\Hospital\Application\User\Controller\UseController.class.php 第 132 行.
NOTIC: [8] Array to string conversion D:\XAMPP\xampp\htdocs\Hospital\Application\User\Controller\UseController.class.php 第 118 行.
SQL: SELECT COUNT(*) AS tp_count FROM `appointment` WHERE ( expert_code="10002" and appointment_date="2018-01-28" and info="sunday" ) LIMIT 1   [ RunTime:0.0005s ]
NOTIC: [8] Array to string conversion D:\XAMPP\xampp\htdocs\Hospital\Application\User\Controller\UseController.class.php 第 132 行.
NOTIC: [8] Array to string conversion D:\XAMPP\xampp\htdocs\Hospital\Application\User\Controller\UseController.class.php 第 137 行.
NOTIC: [8] Array to string conversion D:\XAMPP\xampp\htdocs\Hospital\Application\User\Controller\UseController.class.php 第 137 行.
NOTIC: [8] Array to string conversion D:\XAMPP\xampp\htdocs\Hospital\Application\User\Controller\UseController.class.php 第 137 行.
NOTIC: [8] Array to string conversion D:\XAMPP\xampp\htdocs\Hospital\Application\User\Controller\UseController.class.php 第 137 行.
NOTIC: [8] Array to string conversion D:\XAMPP\xampp\htdocs\Hospital\Application\User\Controller\UseController.class.php 第 137 行.
NOTIC: [8] Array to string conversion D:\XAMPP\xampp\htdocs\Hospital\Application\User\Controller\UseController.class.php 第 137 行.
NOTIC: [8] Array to string conversion D:\XAMPP\xampp\htdocs\Hospital\Application\User\Controller\UseController.class.php 第 137 行.
INFO: [ view_parse ] --START--
INFO: [ template_filter ] --START--
INFO: Run Behavior\ContentReplaceBehavior [ RunTime:0.000042s ]
INFO: [ template_filter ] --END-- [ RunTime:0.000083s ]
NOTIC: [8] Undefined variable: department_describe D:\XAMPP\xampp\htdocs\Hospital\Application\Runtime\Cache\User\7cebcb81099af8776907c48ee4d59eac.php 第 34 行.
INFO: Run Behavior\ParseTemplateBehavior [ RunTime:0.046272s ]
INFO: [ view_parse ] --END-- [ RunTime:0.046343s ]
INFO: [ view_filter ] --START--
INFO: Run Behavior\WriteHtmlCacheBehavior [ RunTime:0.000437s ]
INFO: [ view_filter ] --END-- [ RunTime:0.000486s ]
INFO: [ app_end ] --START--
INFO: Run Behavior\ShowPageTraceBehavior [ RunTime:0.000650s ]
INFO: [ app_end ] --END-- [ RunTime:0.000700s ]

[ 2018-01-22T10:45:14+08:00 ] ::1 /Hospital/index.php/User/Use/appointment/expert_code/10002/info/tuesday
INFO: [ app_init ] --START--
INFO: Run Behavior\BuildLiteBehavior [ RunTime:0.000020s ]
INFO: [ app_init ] --END-- [ RunTime:0.000621s ]
INFO: [ app_begin ] --START--
INFO: Run Behavior\ReadHtmlCacheBehavior [ RunTime:0.000661s ]
INFO: [ app_begin ] --END-- [ RunTime:0.000731s ]
SQL: SHOW COLUMNS FROM `expert` [ RunTime:0.0169s ]
SQL: SHOW COLUMNS FROM `hospital` [ RunTime:0.0732s ]
SQL: SELECT * FROM `expert` WHERE ( expert_code="10002" ) LIMIT 1   [ RunTime:0.0005s ]
SQL: SELECT * FROM `hospital` WHERE ( hos_code="14" ) LIMIT 1   [ RunTime:0.0010s ]
SQL: SHOW COLUMNS FROM `appointment` [ RunTime:0.0182s ]
SQL: SELECT COUNT(*) AS tp_count FROM `appointment` WHERE ( expert_code="10002" and appointment_date="2018-01-23" and info="tuesday" ) LIMIT 1   [ RunTime:0.0003s ]
SQL: SELECT * FROM `appointment` WHERE ( expert_code="10002" and appointment_date="2018-01-23" and info="tuesday" )  [ RunTime:0.0003s ]
INFO: [ view_parse ] --START--
INFO: [ template_filter ] --START--
INFO: Run Behavior\ContentReplaceBehavior [ RunTime:0.000067s ]
INFO: [ template_filter ] --END-- [ RunTime:0.000107s ]
INFO: Run Behavior\ParseTemplateBehavior [ RunTime:0.047913s ]
INFO: [ view_parse ] --END-- [ RunTime:0.047958s ]
INFO: [ view_filter ] --START--
INFO: Run Behavior\WriteHtmlCacheBehavior [ RunTime:0.000295s ]
INFO: [ view_filter ] --END-- [ RunTime:0.000341s ]
INFO: [ app_end ] --START--
INFO: Run Behavior\ShowPageTraceBehavior [ RunTime:0.000429s ]
INFO: [ app_end ] --END-- [ RunTime:0.000459s ]

[ 2018-01-22T10:45:17+08:00 ] ::1 /Hospital/index.php/User/Use/appointment
INFO: [ app_init ] --START--
INFO: Run Behavior\BuildLiteBehavior [ RunTime:0.000012s ]
INFO: [ app_init ] --END-- [ RunTime:0.000378s ]
INFO: [ app_begin ] --START--
INFO: Run Behavior\ReadHtmlCacheBehavior [ RunTime:0.001408s ]
INFO: [ app_begin ] --END-- [ RunTime:0.001556s ]
INFO: [ view_parse ] --START--
INFO: [ template_filter ] --START--
INFO: Run Behavior\ContentReplaceBehavior [ RunTime:0.000035s ]
INFO: [ template_filter ] --END-- [ RunTime:0.000090s ]
INFO: Run Behavior\ParseTemplateBehavior [ RunTime:0.005582s ]
INFO: [ view_parse ] --END-- [ RunTime:0.005687s ]
INFO: [ view_filter ] --START--
INFO: Run Behavior\WriteHtmlCacheBehavior [ RunTime:0.000379s ]
INFO: [ view_filter ] --END-- [ RunTime:0.000411s ]

[ 2018-01-22T10:45:35+08:00 ] ::1 /Hospital/index.php/User/Use/index.html
INFO: [ app_init ] --START--
INFO: Run Behavior\BuildLiteBehavior [ RunTime:0.000015s ]
INFO: [ app_init ] --END-- [ RunTime:0.000502s ]
INFO: [ app_begin ] --START--
INFO: Run Behavior\ReadHtmlCacheBehavior [ RunTime:0.000566s ]
INFO: [ app_begin ] --END-- [ RunTime:0.000620s ]
SQL: SHOW COLUMNS FROM `hospital` [ RunTime:0.1246s ]
NOTIC: [8] Undefined variable: page D:\XAMPP\xampp\htdocs\Hospital\Application\User\Controller\UseController.class.php 第 24 行.
NOTIC: [8] Trying to get property of non-object D:\XAMPP\xampp\htdocs\Hospital\Application\User\Controller\UseController.class.php 第 24 行.
NOTIC: [8] Undefined variable: page D:\XAMPP\xampp\htdocs\Hospital\Application\User\Controller\UseController.class.php 第 24 行.
NOTIC: [8] Trying to get property of non-object D:\XAMPP\xampp\htdocs\Hospital\Application\User\Controller\UseController.class.php 第 24 行.
SQL: SELECT COUNT(*) AS tp_count FROM `hospital` LIMIT 1   [ RunTime:0.0004s ]
SQL: SELECT * FROM `hospital` LIMIT 0,3   [ RunTime:0.0005s ]
INFO: [ view_parse ] --START--
INFO: [ template_filter ] --START--
INFO: Run Behavior\ContentReplaceBehavior [ RunTime:0.000085s ]
INFO: [ template_filter ] --END-- [ RunTime:0.000156s ]
INFO: Run Behavior\ParseTemplateBehavior [ RunTime:0.007385s ]
INFO: [ view_parse ] --END-- [ RunTime:0.007466s ]
INFO: [ view_filter ] --START--
INFO: Run Behavior\WriteHtmlCacheBehavior [ RunTime:0.000414s ]
INFO: [ view_filter ] --END-- [ RunTime:0.000460s ]
INFO: [ app_end ] --START--
INFO: Run Behavior\ShowPageTraceBehavior [ RunTime:0.000459s ]
INFO: [ app_end ] --END-- [ RunTime:0.000493s ]

[ 2018-01-22T10:45:40+08:00 ] ::1 /Hospital/index.php/User/Use/index
INFO: [ app_init ] --START--
INFO: Run Behavior\BuildLiteBehavior [ RunTime:0.000020s ]
INFO: [ app_init ] --END-- [ RunTime:0.000574s ]
INFO: [ app_begin ] --START--
INFO: Run Behavior\ReadHtmlCacheBehavior [ RunTime:0.001825s ]
INFO: [ app_begin ] --END-- [ RunTime:0.001917s ]
SQL: SHOW COLUMNS FROM `hospital` [ RunTime:0.0711s ]
NOTIC: [8] Undefined variable: page D:\XAMPP\xampp\htdocs\Hospital\Application\User\Controller\UseController.class.php 第 12 行.
NOTIC: [8] Trying to get property of non-object D:\XAMPP\xampp\htdocs\Hospital\Application\User\Controller\UseController.class.php 第 12 行.
NOTIC: [8] Undefined variable: page D:\XAMPP\xampp\htdocs\Hospital\Application\User\Controller\UseController.class.php 第 12 行.
NOTIC: [8] Trying to get property of non-object D:\XAMPP\xampp\htdocs\Hospital\Application\User\Controller\UseController.class.php 第 12 行.
SQL: SELECT COUNT(*) AS tp_count FROM `hospital` WHERE ( hos_rank="三级甲等" ) LIMIT 1   [ RunTime:0.0003s ]
SQL: SELECT * FROM `hospital` WHERE ( hos_rank="三级甲等" ) LIMIT 0,3   [ RunTime:0.0002s ]
INFO: [ view_parse ] --START--
INFO: [ template_filter ] --START--
INFO: Run Behavior\ContentReplaceBehavior [ RunTime:0.000054s ]
INFO: [ template_filter ] --END-- [ RunTime:0.000098s ]
INFO: Run Behavior\ParseTemplateBehavior [ RunTime:0.006835s ]
INFO: [ view_parse ] --END-- [ RunTime:0.006889s ]
INFO: [ view_filter ] --START--
INFO: Run Behavior\WriteHtmlCacheBehavior [ RunTime:0.000391s ]
INFO: [ view_filter ] --END-- [ RunTime:0.000441s ]
INFO: [ app_end ] --START--
INFO: Run Behavior\ShowPageTraceBehavior [ RunTime:0.000835s ]
INFO: [ app_end ] --END-- [ RunTime:0.000875s ]

[ 2018-01-22T10:45:44+08:00 ] ::1 /Hospital/index.php/User/Use/index
INFO: [ app_init ] --START--
INFO: Run Behavior\BuildLiteBehavior [ RunTime:0.000019s ]
INFO: [ app_init ] --END-- [ RunTime:0.000607s ]
INFO: [ app_begin ] --START--
INFO: Run Behavior\ReadHtmlCacheBehavior [ RunTime:0.000645s ]
INFO: [ app_begin ] --END-- [ RunTime:0.000708s ]
SQL: SHOW COLUMNS FROM `hospital` [ RunTime:0.0197s ]
NOTIC: [8] Undefined variable: page D:\XAMPP\xampp\htdocs\Hospital\Application\User\Controller\UseController.class.php 第 12 行.
NOTIC: [8] Trying to get property of non-object D:\XAMPP\xampp\htdocs\Hospital\Application\User\Controller\UseController.class.php 第 12 行.
NOTIC: [8] Undefined variable: page D:\XAMPP\xampp\htdocs\Hospital\Application\User\Controller\UseController.class.php 第 12 行.
NOTIC: [8] Trying to get property of non-object D:\XAMPP\xampp\htdocs\Hospital\Application\User\Controller\UseController.class.php 第 12 行.
SQL: SELECT COUNT(*) AS tp_count FROM `hospital` WHERE ( hos_rank="三级甲等" ) LIMIT 1   [ RunTime:0.0005s ]
SQL: SELECT * FROM `hospital` WHERE ( hos_rank="三级甲等" ) LIMIT 0,3   [ RunTime:0.0005s ]
INFO: [ view_parse ] --START--
INFO: [ template_filter ] --START--
INFO: Run Behavior\ContentReplaceBehavior [ RunTime:0.000056s ]
INFO: [ template_filter ] --END-- [ RunTime:0.000100s ]
INFO: Run Behavior\ParseTemplateBehavior [ RunTime:0.007788s ]
INFO: [ view_parse ] --END-- [ RunTime:0.007851s ]
INFO: [ view_filter ] --START--
INFO: Run Behavior\WriteHtmlCacheBehavior [ RunTime:0.000303s ]
INFO: [ view_filter ] --END-- [ RunTime:0.000343s ]
INFO: [ app_end ] --START--
INFO: Run Behavior\ShowPageTraceBehavior [ RunTime:0.000488s ]
INFO: [ app_end ] --END-- [ RunTime:0.000521s ]

[ 2018-01-22T10:45:50+08:00 ] ::1 /Hospital/index.php/User/Use/index
INFO: [ app_init ] --START--
INFO: Run Behavior\BuildLiteBehavior [ RunTime:0.000023s ]
INFO: [ app_init ] --END-- [ RunTime:0.000592s ]
INFO: [ app_begin ] --START--
INFO: Run Behavior\ReadHtmlCacheBehavior [ RunTime:0.000439s ]
INFO: [ app_begin ] --END-- [ RunTime:0.000481s ]
SQL: SHOW COLUMNS FROM `hospital` [ RunTime:0.0496s ]
NOTIC: [8] Undefined variable: page D:\XAMPP\xampp\htdocs\Hospital\Application\User\Controller\UseController.class.php 第 15 行.
NOTIC: [8] Trying to get property of non-object D:\XAMPP\xampp\htdocs\Hospital\Application\User\Controller\UseController.class.php 第 15 行.
NOTIC: [8] Undefined variable: page D:\XAMPP\xampp\htdocs\Hospital\Application\User\Controller\UseController.class.php 第 15 行.
NOTIC: [8] Trying to get property of non-object D:\XAMPP\xampp\htdocs\Hospital\Application\User\Controller\UseController.class.php 第 15 行.
SQL: SELECT COUNT(*) AS tp_count FROM `hospital` WHERE ( hos_area="市南区" ) LIMIT 1   [ RunTime:0.0006s ]
SQL: SELECT * FROM `hospital` WHERE ( hos_area="市南区" ) LIMIT 0,3   [ RunTime:0.0005s ]
INFO: [ view_parse ] --START--
INFO: [ template_filter ] --START--
INFO: Run Behavior\ContentReplaceBehavior [ RunTime:0.000088s ]
INFO: [ template_filter ] --END-- [ RunTime:0.000217s ]
NOTIC: [8] Undefined variable: empty D:\XAMPP\xampp\htdocs\Hospital\Application\Runtime\Cache\User\2d714809272da098cadfae4d122032de.php 第 75 行.
INFO: Run Behavior\ParseTemplateBehavior [ RunTime:0.010562s ]
INFO: [ view_parse ] --END-- [ RunTime:0.010620s ]
INFO: [ view_filter ] --START--
INFO: Run Behavior\WriteHtmlCacheBehavior [ RunTime:0.000287s ]
INFO: [ view_filter ] --END-- [ RunTime:0.000325s ]
INFO: [ app_end ] --START--
INFO: Run Behavior\ShowPageTraceBehavior [ RunTime:0.000608s ]
INFO: [ app_end ] --END-- [ RunTime:0.000659s ]

[ 2018-01-22T10:45:56+08:00 ] ::1 /Hospital/index.php/User/Use/index
INFO: [ app_init ] --START--
INFO: Run Behavior\BuildLiteBehavior [ RunTime:0.000013s ]
INFO: [ app_init ] --END-- [ RunTime:0.000414s ]
INFO: [ app_begin ] --START--
INFO: Run Behavior\ReadHtmlCacheBehavior [ RunTime:0.000478s ]
INFO: [ app_begin ] --END-- [ RunTime:0.000518s ]
SQL: SHOW COLUMNS FROM `hospital` [ RunTime:0.0437s ]
NOTIC: [8] Undefined variable: page D:\XAMPP\xampp\htdocs\Hospital\Application\User\Controller\UseController.class.php 第 15 行.
NOTIC: [8] Trying to get property of non-object D:\XAMPP\xampp\htdocs\Hospital\Application\User\Controller\UseController.class.php 第 15 行.
NOTIC: [8] Undefined variable: page D:\XAMPP\xampp\htdocs\Hospital\Application\User\Controller\UseController.class.php 第 15 行.
NOTIC: [8] Trying to get property of non-object D:\XAMPP\xampp\htdocs\Hospital\Application\User\Controller\UseController.class.php 第 15 行.
SQL: SELECT COUNT(*) AS tp_count FROM `hospital` WHERE ( hos_area="崂山区" ) LIMIT 1   [ RunTime:0.0003s ]
SQL: SELECT * FROM `hospital` WHERE ( hos_area="崂山区" ) LIMIT 0,3   [ RunTime:0.0003s ]
INFO: [ view_parse ] --START--
INFO: [ template_filter ] --START--
INFO: Run Behavior\ContentReplaceBehavior [ RunTime:0.000101s ]
INFO: [ template_filter ] --END-- [ RunTime:0.000193s ]
NOTIC: [8] Undefined variable: empty D:\XAMPP\xampp\htdocs\Hospital\Application\Runtime\Cache\User\2d714809272da098cadfae4d122032de.php 第 75 行.
INFO: Run Behavior\ParseTemplateBehavior [ RunTime:0.011258s ]
INFO: [ view_parse ] --END-- [ RunTime:0.011332s ]
INFO: [ view_filter ] --START--
INFO: Run Behavior\WriteHtmlCacheBehavior [ RunTime:0.000487s ]
INFO: [ view_filter ] --END-- [ RunTime:0.000546s ]
INFO: [ app_end ] --START--
INFO: Run Behavior\ShowPageTraceBehavior [ RunTime:0.000750s ]
INFO: [ app_end ] --END-- [ RunTime:0.000833s ]

[ 2018-01-22T10:46:00+08:00 ] ::1 /Hospital/index.php/User/Use/index
INFO: [ app_init ] --START--
INFO: Run Behavior\BuildLiteBehavior [ RunTime:0.000013s ]
INFO: [ app_init ] --END-- [ RunTime:0.000456s ]
INFO: [ app_begin ] --START--
INFO: Run Behavior\ReadHtmlCacheBehavior [ RunTime:0.000544s ]
INFO: [ app_begin ] --END-- [ RunTime:0.000590s ]
SQL: SHOW COLUMNS FROM `hospital` [ RunTime:0.0104s ]
NOTIC: [8] Undefined variable: page D:\XAMPP\xampp\htdocs\Hospital\Application\User\Controller\UseController.class.php 第 15 行.
NOTIC: [8] Trying to get property of non-object D:\XAMPP\xampp\htdocs\Hospital\Application\User\Controller\UseController.class.php 第 15 行.
NOTIC: [8] Undefined variable: page D:\XAMPP\xampp\htdocs\Hospital\Application\User\Controller\UseController.class.php 第 15 行.
NOTIC: [8] Trying to get property of non-object D:\XAMPP\xampp\htdocs\Hospital\Application\User\Controller\UseController.class.php 第 15 行.
SQL: SELECT COUNT(*) AS tp_count FROM `hospital` WHERE ( hos_area="莱西市" ) LIMIT 1   [ RunTime:0.0013s ]
SQL: SELECT * FROM `hospital` WHERE ( hos_area="莱西市" ) LIMIT 0,3   [ RunTime:0.0005s ]
INFO: [ view_parse ] --START--
INFO: [ template_filter ] --START--
INFO: Run Behavior\ContentReplaceBehavior [ RunTime:0.000117s ]
INFO: [ template_filter ] --END-- [ RunTime:0.000278s ]
INFO: Run Behavior\ParseTemplateBehavior [ RunTime:0.010317s ]
INFO: [ view_parse ] --END-- [ RunTime:0.010402s ]
INFO: [ view_filter ] --START--
INFO: Run Behavior\WriteHtmlCacheBehavior [ RunTime:0.000324s ]
INFO: [ view_filter ] --END-- [ RunTime:0.000360s ]
INFO: [ app_end ] --START--
INFO: Run Behavior\ShowPageTraceBehavior [ RunTime:0.000531s ]
INFO: [ app_end ] --END-- [ RunTime:0.000563s ]

[ 2018-01-22T10:46:03+08:00 ] ::1 /Hospital/index.php/User/Use/department/hos_name/%E9%9D%92%E5%B2%9B%E5%8C%BB%E9%99%A2
INFO: [ app_init ] --START--
INFO: Run Behavior\BuildLiteBehavior [ RunTime:0.000011s ]
INFO: [ app_init ] --END-- [ RunTime:0.000385s ]
INFO: [ app_begin ] --START--
INFO: Run Behavior\ReadHtmlCacheBehavior [ RunTime:0.000509s ]
INFO: [ app_begin ] --END-- [ RunTime:0.000547s ]
SQL: SHOW COLUMNS FROM `hospital` [ RunTime:0.0363s ]
SQL: SELECT * FROM `hospital` WHERE ( hos_name="青岛医院" ) LIMIT 1   [ RunTime:0.0003s ]
SQL: SHOW COLUMNS FROM `department` [ RunTime:0.0421s ]
SQL: SELECT * FROM `department` WHERE ( hos_code="13" and department_sort='内科' )  [ RunTime:0.0003s ]
SQL: SELECT * FROM `department` WHERE ( hos_code="13" and department_sort='外科' )  [ RunTime:0.0002s ]
SQL: SELECT * FROM `department` WHERE ( hos_code="13" and department_sort='急诊科' )  [ RunTime:0.0002s ]
SQL: SELECT * FROM `department` WHERE ( hos_code="13" and department_sort='中医科' )  [ RunTime:0.0002s ]
SQL: SELECT * FROM `department` WHERE ( hos_code="13" and department_sort='妇产科' )  [ RunTime:0.0002s ]
INFO: [ view_parse ] --START--
INFO: [ template_filter ] --START--
INFO: Run Behavior\ContentReplaceBehavior [ RunTime:0.000066s ]
INFO: [ template_filter ] --END-- [ RunTime:0.000104s ]
INFO: Run Behavior\ParseTemplateBehavior [ RunTime:0.010038s ]
INFO: [ view_parse ] --END-- [ RunTime:0.010121s ]
INFO: [ view_filter ] --START--
INFO: Run Behavior\WriteHtmlCacheBehavior [ RunTime:0.000691s ]
INFO: [ view_filter ] --END-- [ RunTime:0.000755s ]
INFO: [ app_end ] --START--
INFO: Run Behavior\ShowPageTraceBehavior [ RunTime:0.000815s ]
INFO: [ app_end ] --END-- [ RunTime:0.000884s ]

[ 2018-01-22T10:46:15+08:00 ] ::1 /Hospital/index.php/User/Use/index
INFO: [ app_init ] --START--
INFO: Run Behavior\BuildLiteBehavior [ RunTime:0.000017s ]
INFO: [ app_init ] --END-- [ RunTime:0.000657s ]
INFO: [ app_begin ] --START--
INFO: Run Behavior\ReadHtmlCacheBehavior [ RunTime:0.000713s ]
INFO: [ app_begin ] --END-- [ RunTime:0.000838s ]
SQL: SHOW COLUMNS FROM `hospital` [ RunTime:0.0030s ]
NOTIC: [8] Undefined variable: page D:\XAMPP\xampp\htdocs\Hospital\Application\User\Controller\UseController.class.php 第 12 行.
NOTIC: [8] Trying to get property of non-object D:\XAMPP\xampp\htdocs\Hospital\Application\User\Controller\UseController.class.php 第 12 行.
NOTIC: [8] Undefined variable: page D:\XAMPP\xampp\htdocs\Hospital\Application\User\Controller\UseController.class.php 第 12 行.
NOTIC: [8] Trying to get property of non-object D:\XAMPP\xampp\htdocs\Hospital\Application\User\Controller\UseController.class.php 第 12 行.
SQL: SELECT COUNT(*) AS tp_count FROM `hospital` WHERE ( hos_rank="三级甲等" ) LIMIT 1   [ RunTime:0.0003s ]
SQL: SELECT * FROM `hospital` WHERE ( hos_rank="三级甲等" ) LIMIT 0,3   [ RunTime:0.0003s ]
INFO: [ view_parse ] --START--
INFO: [ template_filter ] --START--
INFO: Run Behavior\ContentReplaceBehavior [ RunTime:0.000069s ]
INFO: [ template_filter ] --END-- [ RunTime:0.000141s ]
INFO: Run Behavior\ParseTemplateBehavior [ RunTime:0.009877s ]
INFO: [ view_parse ] --END-- [ RunTime:0.009943s ]
INFO: [ view_filter ] --START--
INFO: Run Behavior\WriteHtmlCacheBehavior [ RunTime:0.000323s ]
INFO: [ view_filter ] --END-- [ RunTime:0.000355s ]
INFO: [ app_end ] --START--
INFO: Run Behavior\ShowPageTraceBehavior [ RunTime:0.000501s ]
INFO: [ app_end ] --END-- [ RunTime:0.000534s ]

[ 2018-01-22T10:46:20+08:00 ] ::1 /Hospital/index.php/User/Use/index
INFO: [ app_init ] --START--
INFO: Run Behavior\BuildLiteBehavior [ RunTime:0.000013s ]
INFO: [ app_init ] --END-- [ RunTime:0.000379s ]
INFO: [ app_begin ] --START--
INFO: Run Behavior\ReadHtmlCacheBehavior [ RunTime:0.000587s ]
INFO: [ app_begin ] --END-- [ RunTime:0.000638s ]
SQL: SHOW COLUMNS FROM `hospital` [ RunTime:0.0309s ]
NOTIC: [8] Undefined variable: page D:\XAMPP\xampp\htdocs\Hospital\Application\User\Controller\UseController.class.php 第 12 行.
NOTIC: [8] Trying to get property of non-object D:\XAMPP\xampp\htdocs\Hospital\Application\User\Controller\UseController.class.php 第 12 行.
NOTIC: [8] Undefined variable: page D:\XAMPP\xampp\htdocs\Hospital\Application\User\Controller\UseController.class.php 第 12 行.
NOTIC: [8] Trying to get property of non-object D:\XAMPP\xampp\htdocs\Hospital\Application\User\Controller\UseController.class.php 第 12 行.
SQL: SELECT COUNT(*) AS tp_count FROM `hospital` WHERE ( hos_rank="三级甲等" ) LIMIT 1   [ RunTime:0.0002s ]
SQL: SELECT * FROM `hospital` WHERE ( hos_rank="三级甲等" ) LIMIT 0,3   [ RunTime:0.0005s ]
INFO: [ view_parse ] --START--
INFO: [ template_filter ] --START--
INFO: Run Behavior\ContentReplaceBehavior [ RunTime:0.000093s ]
INFO: [ template_filter ] --END-- [ RunTime:0.000165s ]
INFO: Run Behavior\ParseTemplateBehavior [ RunTime:0.011113s ]
INFO: [ view_parse ] --END-- [ RunTime:0.011188s ]
INFO: [ view_filter ] --START--
INFO: Run Behavior\WriteHtmlCacheBehavior [ RunTime:0.000272s ]
INFO: [ view_filter ] --END-- [ RunTime:0.000304s ]
INFO: [ app_end ] --START--
INFO: Run Behavior\ShowPageTraceBehavior [ RunTime:0.000436s ]
INFO: [ app_end ] --END-- [ RunTime:0.000467s ]

[ 2018-01-22T10:46:25+08:00 ] ::1 /Hospital/index.php/User/Use/index
INFO: [ app_init ] --START--
INFO: Run Behavior\BuildLiteBehavior [ RunTime:0.000024s ]
INFO: [ app_init ] --END-- [ RunTime:0.000756s ]
INFO: [ app_begin ] --START--
INFO: Run Behavior\ReadHtmlCacheBehavior [ RunTime:0.000677s ]
INFO: [ app_begin ] --END-- [ RunTime:0.000756s ]
SQL: SHOW COLUMNS FROM `hospital` [ RunTime:0.0060s ]
NOTIC: [8] Undefined variable: page D:\XAMPP\xampp\htdocs\Hospital\Application\User\Controller\UseController.class.php 第 12 行.
NOTIC: [8] Trying to get property of non-object D:\XAMPP\xampp\htdocs\Hospital\Application\User\Controller\UseController.class.php 第 12 行.
NOTIC: [8] Undefined variable: page D:\XAMPP\xampp\htdocs\Hospital\Application\User\Controller\UseController.class.php 第 12 行.
NOTIC: [8] Trying to get property of non-object D:\XAMPP\xampp\htdocs\Hospital\Application\User\Controller\UseController.class.php 第 12 行.
SQL: SELECT COUNT(*) AS tp_count FROM `hospital` WHERE ( hos_rank="三级甲等" ) LIMIT 1   [ RunTime:0.0003s ]
SQL: SELECT * FROM `hospital` WHERE ( hos_rank="三级甲等" ) LIMIT 0,3   [ RunTime:0.0004s ]
INFO: [ view_parse ] --START--
INFO: [ template_filter ] --START--
INFO: Run Behavior\ContentReplaceBehavior [ RunTime:0.000104s ]
INFO: [ template_filter ] --END-- [ RunTime:0.000209s ]
INFO: Run Behavior\ParseTemplateBehavior [ RunTime:0.009901s ]
INFO: [ view_parse ] --END-- [ RunTime:0.009974s ]
INFO: [ view_filter ] --START--
INFO: Run Behavior\WriteHtmlCacheBehavior [ RunTime:0.000279s ]
INFO: [ view_filter ] --END-- [ RunTime:0.000311s ]
INFO: [ app_end ] --START--
INFO: Run Behavior\ShowPageTraceBehavior [ RunTime:0.000524s ]
INFO: [ app_end ] --END-- [ RunTime:0.000569s ]

[ 2018-01-22T10:46:29+08:00 ] ::1 /Hospital/index.php/User/Use/index
INFO: [ app_init ] --START--
INFO: Run Behavior\BuildLiteBehavior [ RunTime:0.000012s ]
INFO: [ app_init ] --END-- [ RunTime:0.000448s ]
INFO: [ app_begin ] --START--
INFO: Run Behavior\ReadHtmlCacheBehavior [ RunTime:0.000554s ]
INFO: [ app_begin ] --END-- [ RunTime:0.000606s ]
SQL: SHOW COLUMNS FROM `hospital` [ RunTime:0.0270s ]
NOTIC: [8] Undefined variable: page D:\XAMPP\xampp\htdocs\Hospital\Application\User\Controller\UseController.class.php 第 12 行.
NOTIC: [8] Trying to get property of non-object D:\XAMPP\xampp\htdocs\Hospital\Application\User\Controller\UseController.class.php 第 12 行.
NOTIC: [8] Undefined variable: page D:\XAMPP\xampp\htdocs\Hospital\Application\User\Controller\UseController.class.php 第 12 行.
NOTIC: [8] Trying to get property of non-object D:\XAMPP\xampp\htdocs\Hospital\Application\User\Controller\UseController.class.php 第 12 行.
SQL: SELECT COUNT(*) AS tp_count FROM `hospital` WHERE ( hos_rank="三级乙等" ) LIMIT 1   [ RunTime:0.0003s ]
SQL: SELECT * FROM `hospital` WHERE ( hos_rank="三级乙等" ) LIMIT 0,3   [ RunTime:0.0002s ]
INFO: [ view_parse ] --START--
INFO: [ template_filter ] --START--
INFO: Run Behavior\ContentReplaceBehavior [ RunTime:0.000054s ]
INFO: [ template_filter ] --END-- [ RunTime:0.000094s ]
NOTIC: [8] Undefined variable: empty D:\XAMPP\xampp\htdocs\Hospital\Application\Runtime\Cache\User\2d714809272da098cadfae4d122032de.php 第 75 行.
INFO: Run Behavior\ParseTemplateBehavior [ RunTime:0.006148s ]
INFO: [ view_parse ] --END-- [ RunTime:0.006189s ]
INFO: [ view_filter ] --START--
INFO: Run Behavior\WriteHtmlCacheBehavior [ RunTime:0.000263s ]
INFO: [ view_filter ] --END-- [ RunTime:0.000294s ]
INFO: [ app_end ] --START--
INFO: Run Behavior\ShowPageTraceBehavior [ RunTime:0.000418s ]
INFO: [ app_end ] --END-- [ RunTime:0.000453s ]

[ 2018-01-22T10:46:33+08:00 ] ::1 /Hospital/index.php/User/Use/index
INFO: [ app_init ] --START--
INFO: Run Behavior\BuildLiteBehavior [ RunTime:0.000025s ]
INFO: [ app_init ] --END-- [ RunTime:0.000851s ]
INFO: [ app_begin ] --START--
INFO: Run Behavior\ReadHtmlCacheBehavior [ RunTime:0.001567s ]
INFO: [ app_begin ] --END-- [ RunTime:0.001698s ]
SQL: SHOW COLUMNS FROM `hospital` [ RunTime:0.0094s ]
NOTIC: [8] Undefined variable: page D:\XAMPP\xampp\htdocs\Hospital\Application\User\Controller\UseController.class.php 第 12 行.
NOTIC: [8] Trying to get property of non-object D:\XAMPP\xampp\htdocs\Hospital\Application\User\Controller\UseController.class.php 第 12 行.
NOTIC: [8] Undefined variable: page D:\XAMPP\xampp\htdocs\Hospital\Application\User\Controller\UseController.class.php 第 12 行.
NOTIC: [8] Trying to get property of non-object D:\XAMPP\xampp\htdocs\Hospital\Application\User\Controller\UseController.class.php 第 12 行.
SQL: SELECT COUNT(*) AS tp_count FROM `hospital` WHERE ( hos_rank="二级甲等" ) LIMIT 1   [ RunTime:0.0008s ]
SQL: SELECT * FROM `hospital` WHERE ( hos_rank="二级甲等" ) LIMIT 0,3   [ RunTime:0.0005s ]
INFO: [ view_parse ] --START--
INFO: [ template_filter ] --START--
INFO: Run Behavior\ContentReplaceBehavior [ RunTime:0.000093s ]
INFO: [ template_filter ] --END-- [ RunTime:0.000175s ]
INFO: Run Behavior\ParseTemplateBehavior [ RunTime:0.011724s ]
INFO: [ view_parse ] --END-- [ RunTime:0.011869s ]
INFO: [ view_filter ] --START--
INFO: Run Behavior\WriteHtmlCacheBehavior [ RunTime:0.000449s ]
INFO: [ view_filter ] --END-- [ RunTime:0.000492s ]
INFO: [ app_end ] --START--
INFO: Run Behavior\ShowPageTraceBehavior [ RunTime:0.000473s ]
INFO: [ app_end ] --END-- [ RunTime:0.000517s ]

[ 2018-01-22T10:46:36+08:00 ] ::1 /Hospital/index.php/User/Use/index
INFO: [ app_init ] --START--
INFO: Run Behavior\BuildLiteBehavior [ RunTime:0.000018s ]
INFO: [ app_init ] --END-- [ RunTime:0.000467s ]
INFO: [ app_begin ] --START--
INFO: Run Behavior\ReadHtmlCacheBehavior [ RunTime:0.000494s ]
INFO: [ app_begin ] --END-- [ RunTime:0.000534s ]
SQL: SHOW COLUMNS FROM `hospital` [ RunTime:0.0043s ]
NOTIC: [8] Undefined variable: page D:\XAMPP\xampp\htdocs\Hospital\Application\User\Controller\UseController.class.php 第 12 行.
NOTIC: [8] Trying to get property of non-object D:\XAMPP\xampp\htdocs\Hospital\Application\User\Controller\UseController.class.php 第 12 行.
NOTIC: [8] Undefined variable: page D:\XAMPP\xampp\htdocs\Hospital\Application\User\Controller\UseController.class.php 第 12 行.
NOTIC: [8] Trying to get property of non-object D:\XAMPP\xampp\htdocs\Hospital\Application\User\Controller\UseController.class.php 第 12 行.
SQL: SELECT COUNT(*) AS tp_count FROM `hospital` WHERE ( hos_rank="二级乙等" ) LIMIT 1   [ RunTime:0.0003s ]
SQL: SELECT * FROM `hospital` WHERE ( hos_rank="二级乙等" ) LIMIT 0,3   [ RunTime:0.0003s ]
INFO: [ view_parse ] --START--
INFO: [ template_filter ] --START--
INFO: Run Behavior\ContentReplaceBehavior [ RunTime:0.000096s ]
INFO: [ template_filter ] --END-- [ RunTime:0.000253s ]
NOTIC: [8] Undefined variable: empty D:\XAMPP\xampp\htdocs\Hospital\Application\Runtime\Cache\User\2d714809272da098cadfae4d122032de.php 第 75 行.
INFO: Run Behavior\ParseTemplateBehavior [ RunTime:0.010868s ]
INFO: [ view_parse ] --END-- [ RunTime:0.010943s ]
INFO: [ view_filter ] --START--
INFO: Run Behavior\WriteHtmlCacheBehavior [ RunTime:0.000458s ]
INFO: [ view_filter ] --END-- [ RunTime:0.000508s ]
INFO: [ app_end ] --START--
INFO: Run Behavior\ShowPageTraceBehavior [ RunTime:0.000978s ]
INFO: [ app_end ] --END-- [ RunTime:0.001047s ]

[ 2018-01-22T10:46:40+08:00 ] ::1 /Hospital/index.php/User/Use/index
INFO: [ app_init ] --START--
INFO: Run Behavior\BuildLiteBehavior [ RunTime:0.000021s ]
INFO: [ app_init ] --END-- [ RunTime:0.000746s ]
INFO: [ app_begin ] --START--
INFO: Run Behavior\ReadHtmlCacheBehavior [ RunTime:0.000787s ]
INFO: [ app_begin ] --END-- [ RunTime:0.000870s ]
SQL: SHOW COLUMNS FROM `hospital` [ RunTime:0.0134s ]
NOTIC: [8] Undefined variable: page D:\XAMPP\xampp\htdocs\Hospital\Application\User\Controller\UseController.class.php 第 12 行.
NOTIC: [8] Trying to get property of non-object D:\XAMPP\xampp\htdocs\Hospital\Application\User\Controller\UseController.class.php 第 12 行.
NOTIC: [8] Undefined variable: page D:\XAMPP\xampp\htdocs\Hospital\Application\User\Controller\UseController.class.php 第 12 行.
NOTIC: [8] Trying to get property of non-object D:\XAMPP\xampp\htdocs\Hospital\Application\User\Controller\UseController.class.php 第 12 行.
SQL: SELECT COUNT(*) AS tp_count FROM `hospital` WHERE ( hos_rank="二级甲等" ) LIMIT 1   [ RunTime:0.0003s ]
SQL: SELECT * FROM `hospital` WHERE ( hos_rank="二级甲等" ) LIMIT 0,3   [ RunTime:0.0004s ]
INFO: [ view_parse ] --START--
INFO: [ template_filter ] --START--
INFO: Run Behavior\ContentReplaceBehavior [ RunTime:0.000068s ]
INFO: [ template_filter ] --END-- [ RunTime:0.000124s ]
INFO: Run Behavior\ParseTemplateBehavior [ RunTime:0.008350s ]
INFO: [ view_parse ] --END-- [ RunTime:0.008403s ]
INFO: [ view_filter ] --START--
INFO: Run Behavior\WriteHtmlCacheBehavior [ RunTime:0.000267s ]
INFO: [ view_filter ] --END-- [ RunTime:0.000298s ]
INFO: [ app_end ] --START--
INFO: Run Behavior\ShowPageTraceBehavior [ RunTime:0.000431s ]
INFO: [ app_end ] --END-- [ RunTime:0.000464s ]

[ 2018-01-22T10:46:48+08:00 ] ::1 /Hospital/index.php/User/Use/index
INFO: [ app_init ] --START--
INFO: Run Behavior\BuildLiteBehavior [ RunTime:0.000022s ]
INFO: [ app_init ] --END-- [ RunTime:0.000651s ]
INFO: [ app_begin ] --START--
INFO: Run Behavior\ReadHtmlCacheBehavior [ RunTime:0.000696s ]
INFO: [ app_begin ] --END-- [ RunTime:0.000769s ]
SQL: SHOW COLUMNS FROM `hospital` [ RunTime:0.0413s ]
NOTIC: [8] Undefined variable: page D:\XAMPP\xampp\htdocs\Hospital\Application\User\Controller\UseController.class.php 第 12 行.
NOTIC: [8] Trying to get property of non-object D:\XAMPP\xampp\htdocs\Hospital\Application\User\Controller\UseController.class.php 第 12 行.
NOTIC: [8] Undefined variable: page D:\XAMPP\xampp\htdocs\Hospital\Application\User\Controller\UseController.class.php 第 12 行.
NOTIC: [8] Trying to get property of non-object D:\XAMPP\xampp\htdocs\Hospital\Application\User\Controller\UseController.class.php 第 12 行.
SQL: SELECT COUNT(*) AS tp_count FROM `hospital` WHERE ( hos_rank="三级甲等" ) LIMIT 1   [ RunTime:0.0004s ]
SQL: SELECT * FROM `hospital` WHERE ( hos_rank="三级甲等" ) LIMIT 0,3   [ RunTime:0.0003s ]
INFO: [ view_parse ] --START--
INFO: [ template_filter ] --START--
INFO: Run Behavior\ContentReplaceBehavior [ RunTime:0.000055s ]
INFO: [ template_filter ] --END-- [ RunTime:0.000102s ]
INFO: Run Behavior\ParseTemplateBehavior [ RunTime:0.007144s ]
INFO: [ view_parse ] --END-- [ RunTime:0.007192s ]
INFO: [ view_filter ] --START--
INFO: Run Behavior\WriteHtmlCacheBehavior [ RunTime:0.000284s ]
INFO: [ view_filter ] --END-- [ RunTime:0.000314s ]
INFO: [ app_end ] --START--
INFO: Run Behavior\ShowPageTraceBehavior [ RunTime:0.000459s ]
INFO: [ app_end ] --END-- [ RunTime:0.000500s ]

