[ 2018-01-20T16:05:09+08:00 ] ::1 /Hospital/index.php/User/Appointment/lst
INFO: [ app_init ] --START--
INFO: Run Behavior\BuildLiteBehavior [ RunTime:0.000018s ]
INFO: [ app_init ] --END-- [ RunTime:0.000634s ]
INFO: [ app_begin ] --START--
INFO: Run Behavior\ReadHtmlCacheBehavior [ RunTime:0.000652s ]
INFO: [ app_begin ] --END-- [ RunTime:0.000709s ]
SQL: SHOW COLUMNS FROM `appointment` [ RunTime:0.0058s ]
SQL: SELECT * FROM `appointment` WHERE ( user_id="370902199603253311" and appointment_date > curdate()  )  [ RunTime:0.0006s ]
INFO: [ view_parse ] --START--
INFO: [ template_filter ] --START--
INFO: Run Behavior\ContentReplaceBehavior [ RunTime:0.000073s ]
INFO: [ template_filter ] --END-- [ RunTime:0.000145s ]
NOTIC: [8] Undefined variable: empty D:\XAMPP\xampp\htdocs\Hospital\Application\Runtime\Cache\User\798403262b35425bba62378eb2d37321.php 第 51 行.
INFO: Run Behavior\ParseTemplateBehavior [ RunTime:0.011956s ]
INFO: [ view_parse ] --END-- [ RunTime:0.012036s ]
INFO: [ view_filter ] --START--
INFO: Run Behavior\WriteHtmlCacheBehavior [ RunTime:0.000639s ]
INFO: [ view_filter ] --END-- [ RunTime:0.000689s ]
INFO: [ app_end ] --START--
INFO: Run Behavior\ShowPageTraceBehavior [ RunTime:0.000820s ]
INFO: [ app_end ] --END-- [ RunTime:0.000868s ]

[ 2018-01-20T16:05:12+08:00 ] ::1 /Hospital/index.php/User/Use/index
INFO: [ app_init ] --START--
INFO: Run Behavior\BuildLiteBehavior [ RunTime:0.000016s ]
INFO: [ app_init ] --END-- [ RunTime:0.000608s ]
INFO: [ app_begin ] --START--
INFO: Run Behavior\ReadHtmlCacheBehavior [ RunTime:0.000737s ]
INFO: [ app_begin ] --END-- [ RunTime:0.000793s ]
SQL: SHOW COLUMNS FROM `hospital` [ RunTime:0.0194s ]
NOTIC: [8] Undefined variable: page D:\XAMPP\xampp\htdocs\Hospital\Application\User\Controller\UseController.class.php 第 24 行.
NOTIC: [8] Trying to get property of non-object D:\XAMPP\xampp\htdocs\Hospital\Application\User\Controller\UseController.class.php 第 24 行.
NOTIC: [8] Undefined variable: page D:\XAMPP\xampp\htdocs\Hospital\Application\User\Controller\UseController.class.php 第 24 行.
NOTIC: [8] Trying to get property of non-object D:\XAMPP\xampp\htdocs\Hospital\Application\User\Controller\UseController.class.php 第 24 行.
SQL: SELECT COUNT(*) AS tp_count FROM `hospital` LIMIT 1   [ RunTime:0.0003s ]
SQL: SELECT * FROM `hospital` LIMIT 0,3   [ RunTime:0.0002s ]
INFO: [ view_parse ] --START--
INFO: [ template_filter ] --START--
INFO: Run Behavior\ContentReplaceBehavior [ RunTime:0.000074s ]
INFO: [ template_filter ] --END-- [ RunTime:0.000136s ]
INFO: Run Behavior\ParseTemplateBehavior [ RunTime:0.008833s ]
INFO: [ view_parse ] --END-- [ RunTime:0.008889s ]
INFO: [ view_filter ] --START--
INFO: Run Behavior\WriteHtmlCacheBehavior [ RunTime:0.000505s ]
INFO: [ view_filter ] --END-- [ RunTime:0.000539s ]
INFO: [ app_end ] --START--
INFO: Run Behavior\ShowPageTraceBehavior [ RunTime:0.000650s ]
INFO: [ app_end ] --END-- [ RunTime:0.000682s ]

[ 2018-01-20T16:05:14+08:00 ] ::1 /Hospital/index.php/User/Use/department/hos_name/%E9%9D%92%E5%B2%9B%E5%8C%BB%E9%99%A2
INFO: [ app_init ] --START--
INFO: Run Behavior\BuildLiteBehavior [ RunTime:0.000020s ]
INFO: [ app_init ] --END-- [ RunTime:0.000588s ]
INFO: [ app_begin ] --START--
INFO: Run Behavior\ReadHtmlCacheBehavior [ RunTime:0.000898s ]
INFO: [ app_begin ] --END-- [ RunTime:0.000976s ]
SQL: SHOW COLUMNS FROM `hospital` [ RunTime:0.0316s ]
SQL: SELECT * FROM `hospital` WHERE ( hos_name="青岛医院" ) LIMIT 1   [ RunTime:0.0004s ]
SQL: SHOW COLUMNS FROM `department` [ RunTime:0.0043s ]
SQL: SELECT * FROM `department` WHERE ( hos_code="13" and department_sort='内科' )  [ RunTime:0.0004s ]
SQL: SELECT * FROM `department` WHERE ( hos_code="13" and department_sort='外科' )  [ RunTime:0.0002s ]
SQL: SELECT * FROM `department` WHERE ( hos_code="13" and department_sort='急诊科' )  [ RunTime:0.0002s ]
SQL: SELECT * FROM `department` WHERE ( hos_code="13" and department_sort='中医科' )  [ RunTime:0.0002s ]
SQL: SELECT * FROM `department` WHERE ( hos_code="13" and department_sort='妇产科' )  [ RunTime:0.0002s ]
INFO: [ view_parse ] --START--
INFO: [ template_filter ] --START--
INFO: Run Behavior\ContentReplaceBehavior [ RunTime:0.000116s ]
INFO: [ template_filter ] --END-- [ RunTime:0.000192s ]
INFO: Run Behavior\ParseTemplateBehavior [ RunTime:0.013893s ]
INFO: [ view_parse ] --END-- [ RunTime:0.013980s ]
INFO: [ view_filter ] --START--
INFO: Run Behavior\WriteHtmlCacheBehavior [ RunTime:0.000675s ]
INFO: [ view_filter ] --END-- [ RunTime:0.000735s ]
INFO: [ app_end ] --START--
INFO: Run Behavior\ShowPageTraceBehavior [ RunTime:0.000920s ]
INFO: [ app_end ] --END-- [ RunTime:0.000986s ]

[ 2018-01-20T16:05:15+08:00 ] ::1 /Hospital/index.php/User/Use/expert/hos_code/13/department_name/%E6%B6%88%E5%8C%96
INFO: [ app_init ] --START--
INFO: Run Behavior\BuildLiteBehavior [ RunTime:0.000016s ]
INFO: [ app_init ] --END-- [ RunTime:0.000568s ]
INFO: [ app_begin ] --START--
INFO: Run Behavior\ReadHtmlCacheBehavior [ RunTime:0.000784s ]
INFO: [ app_begin ] --END-- [ RunTime:0.000842s ]
SQL: SHOW COLUMNS FROM `arrange` [ RunTime:0.0121s ]
SQL: SELECT * FROM `arrange` WHERE ( hos_code="13" and department_name="消化" )  [ RunTime:0.0005s ]
SQL: SHOW COLUMNS FROM `appointment` [ RunTime:0.0044s ]
NOTIC: [8] Array to string conversion D:\XAMPP\xampp\htdocs\Hospital\Application\User\Controller\UseController.class.php 第 118 行.
SQL: SELECT COUNT(*) AS tp_count FROM `appointment` WHERE ( expert_code="10000" and appointment_date="2018-01-22" and info="monday" ) LIMIT 1   [ RunTime:0.0006s ]
NOTIC: [8] Array to string conversion D:\XAMPP\xampp\htdocs\Hospital\Application\User\Controller\UseController.class.php 第 132 行.
NOTIC: [8] Array to string conversion D:\XAMPP\xampp\htdocs\Hospital\Application\User\Controller\UseController.class.php 第 137 行.
NOTIC: [8] Array to string conversion D:\XAMPP\xampp\htdocs\Hospital\Application\User\Controller\UseController.class.php 第 137 行.
NOTIC: [8] Array to string conversion D:\XAMPP\xampp\htdocs\Hospital\Application\User\Controller\UseController.class.php 第 137 行.
NOTIC: [8] Array to string conversion D:\XAMPP\xampp\htdocs\Hospital\Application\User\Controller\UseController.class.php 第 118 行.
SQL: SELECT COUNT(*) AS tp_count FROM `appointment` WHERE ( expert_code="10000" and appointment_date="2018-01-26" and info="friday" ) LIMIT 1   [ RunTime:0.0003s ]
NOTIC: [8] Array to string conversion D:\XAMPP\xampp\htdocs\Hospital\Application\User\Controller\UseController.class.php 第 132 行.
NOTIC: [8] Array to string conversion D:\XAMPP\xampp\htdocs\Hospital\Application\User\Controller\UseController.class.php 第 118 行.
SQL: SELECT COUNT(*) AS tp_count FROM `appointment` WHERE ( expert_code="10000" and appointment_date="2018-01-27" and info="saturday" ) LIMIT 1   [ RunTime:0.0003s ]
NOTIC: [8] Array to string conversion D:\XAMPP\xampp\htdocs\Hospital\Application\User\Controller\UseController.class.php 第 132 行.
NOTIC: [8] Array to string conversion D:\XAMPP\xampp\htdocs\Hospital\Application\User\Controller\UseController.class.php 第 137 行.
NOTIC: [8] Array to string conversion D:\XAMPP\xampp\htdocs\Hospital\Application\User\Controller\UseController.class.php 第 137 行.
NOTIC: [8] Array to string conversion D:\XAMPP\xampp\htdocs\Hospital\Application\User\Controller\UseController.class.php 第 137 行.
NOTIC: [8] Array to string conversion D:\XAMPP\xampp\htdocs\Hospital\Application\User\Controller\UseController.class.php 第 137 行.
NOTIC: [8] Array to string conversion D:\XAMPP\xampp\htdocs\Hospital\Application\User\Controller\UseController.class.php 第 137 行.
NOTIC: [8] Array to string conversion D:\XAMPP\xampp\htdocs\Hospital\Application\User\Controller\UseController.class.php 第 137 行.
NOTIC: [8] Array to string conversion D:\XAMPP\xampp\htdocs\Hospital\Application\User\Controller\UseController.class.php 第 118 行.
SQL: SELECT COUNT(*) AS tp_count FROM `appointment` WHERE ( expert_code="10000" and appointment_date="2018-01-27" and info="saturday2" ) LIMIT 1   [ RunTime:0.0002s ]
NOTIC: [8] Array to string conversion D:\XAMPP\xampp\htdocs\Hospital\Application\User\Controller\UseController.class.php 第 132 行.
NOTIC: [8] Array to string conversion D:\XAMPP\xampp\htdocs\Hospital\Application\User\Controller\UseController.class.php 第 137 行.
INFO: [ view_parse ] --START--
INFO: [ template_filter ] --START--
INFO: Run Behavior\ContentReplaceBehavior [ RunTime:0.000074s ]
INFO: [ template_filter ] --END-- [ RunTime:0.000146s ]
NOTIC: [8] Undefined variable: department_describe D:\XAMPP\xampp\htdocs\Hospital\Application\Runtime\Cache\User\7cebcb81099af8776907c48ee4d59eac.php 第 34 行.
INFO: Run Behavior\ParseTemplateBehavior [ RunTime:0.010868s ]
INFO: [ view_parse ] --END-- [ RunTime:0.010932s ]
INFO: [ view_filter ] --START--
INFO: Run Behavior\WriteHtmlCacheBehavior [ RunTime:0.000628s ]
INFO: [ view_filter ] --END-- [ RunTime:0.000675s ]
INFO: [ app_end ] --START--
INFO: Run Behavior\ShowPageTraceBehavior [ RunTime:0.000856s ]
INFO: [ app_end ] --END-- [ RunTime:0.000908s ]

[ 2018-01-20T10:35:35+08:00 ] ::1 /Hospital/index.php/User/Use/index
INFO: [ app_init ] --START--
INFO: Run Behavior\BuildLiteBehavior [ RunTime:0.000022s ]
INFO: [ app_init ] --END-- [ RunTime:0.156566s ]
INFO: [ app_begin ] --START--
INFO: Run Behavior\ReadHtmlCacheBehavior [ RunTime:0.013780s ]
INFO: [ app_begin ] --END-- [ RunTime:0.013991s ]
SQL: SHOW COLUMNS FROM `hospital` [ RunTime:1.6612s ]
NOTIC: [8] Undefined variable: page D:\XAMPP\xampp\htdocs\Hospital\Application\User\Controller\UseController.class.php 第 24 行.
NOTIC: [8] Trying to get property of non-object D:\XAMPP\xampp\htdocs\Hospital\Application\User\Controller\UseController.class.php 第 24 行.
NOTIC: [8] Undefined variable: page D:\XAMPP\xampp\htdocs\Hospital\Application\User\Controller\UseController.class.php 第 24 行.
NOTIC: [8] Trying to get property of non-object D:\XAMPP\xampp\htdocs\Hospital\Application\User\Controller\UseController.class.php 第 24 行.
SQL: SELECT COUNT(*) AS tp_count FROM `hospital` LIMIT 1   [ RunTime:0.3567s ]
SQL: SELECT * FROM `hospital` LIMIT 0,3   [ RunTime:0.0007s ]
INFO: [ view_parse ] --START--
INFO: [ template_filter ] --START--
INFO: Run Behavior\ContentReplaceBehavior [ RunTime:0.145531s ]
INFO: [ template_filter ] --END-- [ RunTime:0.145603s ]
INFO: Run Behavior\ParseTemplateBehavior [ RunTime:0.967624s ]
INFO: [ view_parse ] --END-- [ RunTime:0.967708s ]
INFO: [ view_filter ] --START--
INFO: Run Behavior\WriteHtmlCacheBehavior [ RunTime:0.053343s ]
INFO: [ view_filter ] --END-- [ RunTime:0.053447s ]
INFO: [ app_end ] --START--
INFO: Run Behavior\ShowPageTraceBehavior [ RunTime:0.097276s ]
INFO: [ app_end ] --END-- [ RunTime:0.097359s ]

[ 2018-01-20T10:36:04+08:00 ] ::1 /Hospital/index.php/User/Use/department/hos_name/%E9%9D%92%E5%B2%9B%E5%8C%BB%E9%99%A2
INFO: [ app_init ] --START--
INFO: Run Behavior\BuildLiteBehavior [ RunTime:0.000013s ]
INFO: [ app_init ] --END-- [ RunTime:0.000514s ]
INFO: [ app_begin ] --START--
INFO: Run Behavior\ReadHtmlCacheBehavior [ RunTime:0.000564s ]
INFO: [ app_begin ] --END-- [ RunTime:0.000611s ]
SQL: SHOW COLUMNS FROM `hospital` [ RunTime:0.0050s ]
SQL: SELECT * FROM `hospital` WHERE ( hos_name="青岛医院" ) LIMIT 1   [ RunTime:0.2960s ]
SQL: SHOW COLUMNS FROM `department` [ RunTime:0.1959s ]
SQL: SELECT * FROM `department` WHERE ( hos_code="13" and department_sort='内科' )  [ RunTime:0.0803s ]
SQL: SELECT * FROM `department` WHERE ( hos_code="13" and department_sort='外科' )  [ RunTime:0.0003s ]
SQL: SELECT * FROM `department` WHERE ( hos_code="13" and department_sort='急诊科' )  [ RunTime:0.0003s ]
SQL: SELECT * FROM `department` WHERE ( hos_code="13" and department_sort='中医科' )  [ RunTime:0.0003s ]
SQL: SELECT * FROM `department` WHERE ( hos_code="13" and department_sort='妇产科' )  [ RunTime:0.0004s ]
INFO: [ view_parse ] --START--
INFO: [ template_filter ] --START--
INFO: Run Behavior\ContentReplaceBehavior [ RunTime:0.000079s ]
INFO: [ template_filter ] --END-- [ RunTime:0.000125s ]
INFO: Run Behavior\ParseTemplateBehavior [ RunTime:0.161214s ]
INFO: [ view_parse ] --END-- [ RunTime:0.161318s ]
INFO: [ view_filter ] --START--
INFO: Run Behavior\WriteHtmlCacheBehavior [ RunTime:0.000851s ]
INFO: [ view_filter ] --END-- [ RunTime:0.000953s ]
INFO: [ app_end ] --START--
INFO: Run Behavior\ShowPageTraceBehavior [ RunTime:0.000886s ]
INFO: [ app_end ] --END-- [ RunTime:0.000954s ]

[ 2018-01-20T10:36:09+08:00 ] ::1 /Hospital/index.php/User/Use/expert/hos_code/13/department_name/%E6%B6%88%E5%8C%96
INFO: [ app_init ] --START--
INFO: Run Behavior\BuildLiteBehavior [ RunTime:0.000011s ]
INFO: [ app_init ] --END-- [ RunTime:0.000430s ]
INFO: [ app_begin ] --START--
INFO: Run Behavior\ReadHtmlCacheBehavior [ RunTime:0.000490s ]
INFO: [ app_begin ] --END-- [ RunTime:0.000535s ]
SQL: SHOW COLUMNS FROM `arrange` [ RunTime:0.0332s ]
SQL: SELECT * FROM `arrange` WHERE ( hos_code="13" and department_name="消化" )  [ RunTime:0.0006s ]
SQL: SHOW COLUMNS FROM `appointment` [ RunTime:0.1408s ]
NOTIC: [8] Array to string conversion D:\XAMPP\xampp\htdocs\Hospital\Application\User\Controller\UseController.class.php 第 118 行.
SQL: SELECT COUNT(*) AS tp_count FROM `appointment` WHERE ( expert_code="10000" and appointment_date="2018-01-22" and info="monday" ) LIMIT 1   [ RunTime:0.4913s ]
NOTIC: [8] Array to string conversion D:\XAMPP\xampp\htdocs\Hospital\Application\User\Controller\UseController.class.php 第 132 行.
NOTIC: [8] Array to string conversion D:\XAMPP\xampp\htdocs\Hospital\Application\User\Controller\UseController.class.php 第 137 行.
NOTIC: [8] Array to string conversion D:\XAMPP\xampp\htdocs\Hospital\Application\User\Controller\UseController.class.php 第 137 行.
NOTIC: [8] Array to string conversion D:\XAMPP\xampp\htdocs\Hospital\Application\User\Controller\UseController.class.php 第 137 行.
NOTIC: [8] Array to string conversion D:\XAMPP\xampp\htdocs\Hospital\Application\User\Controller\UseController.class.php 第 118 行.
SQL: SELECT COUNT(*) AS tp_count FROM `appointment` WHERE ( expert_code="10000" and appointment_date="2018-01-26" and info="friday" ) LIMIT 1   [ RunTime:0.0004s ]
NOTIC: [8] Array to string conversion D:\XAMPP\xampp\htdocs\Hospital\Application\User\Controller\UseController.class.php 第 132 行.
NOTIC: [8] Array to string conversion D:\XAMPP\xampp\htdocs\Hospital\Application\User\Controller\UseController.class.php 第 118 行.
SQL: SELECT COUNT(*) AS tp_count FROM `appointment` WHERE ( expert_code="10000" and appointment_date="2018-01-27" and info="saturday" ) LIMIT 1   [ RunTime:0.0002s ]
NOTIC: [8] Array to string conversion D:\XAMPP\xampp\htdocs\Hospital\Application\User\Controller\UseController.class.php 第 132 行.
NOTIC: [8] Array to string conversion D:\XAMPP\xampp\htdocs\Hospital\Application\User\Controller\UseController.class.php 第 137 行.
NOTIC: [8] Array to string conversion D:\XAMPP\xampp\htdocs\Hospital\Application\User\Controller\UseController.class.php 第 137 行.
NOTIC: [8] Array to string conversion D:\XAMPP\xampp\htdocs\Hospital\Application\User\Controller\UseController.class.php 第 137 行.
NOTIC: [8] Array to string conversion D:\XAMPP\xampp\htdocs\Hospital\Application\User\Controller\UseController.class.php 第 137 行.
NOTIC: [8] Array to string conversion D:\XAMPP\xampp\htdocs\Hospital\Application\User\Controller\UseController.class.php 第 137 行.
NOTIC: [8] Array to string conversion D:\XAMPP\xampp\htdocs\Hospital\Application\User\Controller\UseController.class.php 第 137 行.
NOTIC: [8] Array to string conversion D:\XAMPP\xampp\htdocs\Hospital\Application\User\Controller\UseController.class.php 第 118 行.
SQL: SELECT COUNT(*) AS tp_count FROM `appointment` WHERE ( expert_code="10000" and appointment_date="2018-01-27" and info="saturday2" ) LIMIT 1   [ RunTime:0.0002s ]
NOTIC: [8] Array to string conversion D:\XAMPP\xampp\htdocs\Hospital\Application\User\Controller\UseController.class.php 第 132 行.
NOTIC: [8] Array to string conversion D:\XAMPP\xampp\htdocs\Hospital\Application\User\Controller\UseController.class.php 第 137 行.
INFO: [ view_parse ] --START--
INFO: [ template_filter ] --START--
INFO: Run Behavior\ContentReplaceBehavior [ RunTime:0.000040s ]
INFO: [ template_filter ] --END-- [ RunTime:0.000082s ]
NOTIC: [8] Undefined variable: department_describe D:\XAMPP\xampp\htdocs\Hospital\Application\Runtime\Cache\User\7cebcb81099af8776907c48ee4d59eac.php 第 34 行.
INFO: Run Behavior\ParseTemplateBehavior [ RunTime:0.045383s ]
INFO: [ view_parse ] --END-- [ RunTime:0.045431s ]
INFO: [ view_filter ] --START--
INFO: Run Behavior\WriteHtmlCacheBehavior [ RunTime:0.000413s ]
INFO: [ view_filter ] --END-- [ RunTime:0.000446s ]
INFO: [ app_end ] --START--
INFO: Run Behavior\ShowPageTraceBehavior [ RunTime:0.000530s ]
INFO: [ app_end ] --END-- [ RunTime:0.000566s ]

[ 2018-01-20T10:36:20+08:00 ] ::1 /Hospital/index.php/User/Use/appointment/expert_code/10000/info/saturday
INFO: [ app_init ] --START--
INFO: Run Behavior\BuildLiteBehavior [ RunTime:0.000017s ]
INFO: [ app_init ] --END-- [ RunTime:0.001738s ]
INFO: [ app_begin ] --START--
INFO: Run Behavior\ReadHtmlCacheBehavior [ RunTime:0.000499s ]
INFO: [ app_begin ] --END-- [ RunTime:0.000538s ]
SQL: SHOW COLUMNS FROM `expert` [ RunTime:0.1740s ]
SQL: SHOW COLUMNS FROM `hospital` [ RunTime:0.0032s ]
SQL: SELECT * FROM `expert` WHERE ( expert_code="10000" ) LIMIT 1   [ RunTime:0.0003s ]
SQL: SELECT * FROM `hospital` WHERE ( hos_code="13" ) LIMIT 1   [ RunTime:0.0003s ]
SQL: SHOW COLUMNS FROM `appointment` [ RunTime:0.0039s ]
SQL: SELECT COUNT(*) AS tp_count FROM `appointment` WHERE ( expert_code="10000" and appointment_date="2018-01-27" and info="saturday" ) LIMIT 1   [ RunTime:0.0003s ]
SQL: SELECT * FROM `appointment` WHERE ( expert_code="10000" and appointment_date="2018-01-27" and info="saturday" )  [ RunTime:0.0003s ]
INFO: [ view_parse ] --START--
INFO: [ template_filter ] --START--
INFO: Run Behavior\ContentReplaceBehavior [ RunTime:0.000092s ]
INFO: [ template_filter ] --END-- [ RunTime:0.000167s ]
INFO: Run Behavior\ParseTemplateBehavior [ RunTime:0.037101s ]
INFO: [ view_parse ] --END-- [ RunTime:0.037173s ]
INFO: [ view_filter ] --START--
INFO: Run Behavior\WriteHtmlCacheBehavior [ RunTime:0.000395s ]
INFO: [ view_filter ] --END-- [ RunTime:0.000438s ]
INFO: [ app_end ] --START--
INFO: Run Behavior\ShowPageTraceBehavior [ RunTime:0.000648s ]
INFO: [ app_end ] --END-- [ RunTime:0.000701s ]

[ 2018-01-20T10:36:34+08:00 ] ::1 /Hospital/index.php/User/Use/appointment
INFO: [ app_init ] --START--
INFO: Run Behavior\BuildLiteBehavior [ RunTime:0.000018s ]
INFO: [ app_init ] --END-- [ RunTime:0.000576s ]
INFO: [ app_begin ] --START--
INFO: Run Behavior\ReadHtmlCacheBehavior [ RunTime:0.000589s ]
INFO: [ app_begin ] --END-- [ RunTime:0.000672s ]
INFO: [ view_parse ] --START--
INFO: [ template_filter ] --START--
INFO: Run Behavior\ContentReplaceBehavior [ RunTime:0.000031s ]
INFO: [ template_filter ] --END-- [ RunTime:0.000081s ]
INFO: Run Behavior\ParseTemplateBehavior [ RunTime:0.079615s ]
INFO: [ view_parse ] --END-- [ RunTime:0.079694s ]
INFO: [ view_filter ] --START--
INFO: Run Behavior\WriteHtmlCacheBehavior [ RunTime:0.000340s ]
INFO: [ view_filter ] --END-- [ RunTime:0.000370s ]

[ 2018-01-20T10:36:51+08:00 ] ::1 /Hospital/index.php/User/Use/index.html
INFO: [ app_init ] --START--
INFO: Run Behavior\BuildLiteBehavior [ RunTime:0.000012s ]
INFO: [ app_init ] --END-- [ RunTime:0.000475s ]
INFO: [ app_begin ] --START--
INFO: Run Behavior\ReadHtmlCacheBehavior [ RunTime:0.000496s ]
INFO: [ app_begin ] --END-- [ RunTime:0.000535s ]
SQL: SHOW COLUMNS FROM `hospital` [ RunTime:0.0047s ]
NOTIC: [8] Undefined variable: page D:\XAMPP\xampp\htdocs\Hospital\Application\User\Controller\UseController.class.php 第 24 行.
NOTIC: [8] Trying to get property of non-object D:\XAMPP\xampp\htdocs\Hospital\Application\User\Controller\UseController.class.php 第 24 行.
NOTIC: [8] Undefined variable: page D:\XAMPP\xampp\htdocs\Hospital\Application\User\Controller\UseController.class.php 第 24 行.
NOTIC: [8] Trying to get property of non-object D:\XAMPP\xampp\htdocs\Hospital\Application\User\Controller\UseController.class.php 第 24 行.
SQL: SELECT COUNT(*) AS tp_count FROM `hospital` LIMIT 1   [ RunTime:0.0003s ]
SQL: SELECT * FROM `hospital` LIMIT 0,3   [ RunTime:0.0002s ]
INFO: [ view_parse ] --START--
INFO: [ template_filter ] --START--
INFO: Run Behavior\ContentReplaceBehavior [ RunTime:0.000049s ]
INFO: [ template_filter ] --END-- [ RunTime:0.000087s ]
INFO: Run Behavior\ParseTemplateBehavior [ RunTime:0.006332s ]
INFO: [ view_parse ] --END-- [ RunTime:0.006393s ]
INFO: [ view_filter ] --START--
INFO: Run Behavior\WriteHtmlCacheBehavior [ RunTime:0.000410s ]
INFO: [ view_filter ] --END-- [ RunTime:0.000444s ]
INFO: [ app_end ] --START--
INFO: Run Behavior\ShowPageTraceBehavior [ RunTime:0.000619s ]
INFO: [ app_end ] --END-- [ RunTime:0.000653s ]

[ 2018-01-20T10:36:53+08:00 ] ::1 /Hospital/index.php/User/Use/department/hos_name/%E9%9D%92%E5%B2%9B%E5%8C%BB%E9%99%A2
INFO: [ app_init ] --START--
INFO: Run Behavior\BuildLiteBehavior [ RunTime:0.000011s ]
INFO: [ app_init ] --END-- [ RunTime:0.000396s ]
INFO: [ app_begin ] --START--
INFO: Run Behavior\ReadHtmlCacheBehavior [ RunTime:0.000511s ]
INFO: [ app_begin ] --END-- [ RunTime:0.000548s ]
SQL: SHOW COLUMNS FROM `hospital` [ RunTime:0.0037s ]
SQL: SELECT * FROM `hospital` WHERE ( hos_name="青岛医院" ) LIMIT 1   [ RunTime:0.0004s ]
SQL: SHOW COLUMNS FROM `department` [ RunTime:0.0030s ]
SQL: SELECT * FROM `department` WHERE ( hos_code="13" and department_sort='内科' )  [ RunTime:0.0003s ]
SQL: SELECT * FROM `department` WHERE ( hos_code="13" and department_sort='外科' )  [ RunTime:0.0002s ]
SQL: SELECT * FROM `department` WHERE ( hos_code="13" and department_sort='急诊科' )  [ RunTime:0.0002s ]
SQL: SELECT * FROM `department` WHERE ( hos_code="13" and department_sort='中医科' )  [ RunTime:0.0002s ]
SQL: SELECT * FROM `department` WHERE ( hos_code="13" and department_sort='妇产科' )  [ RunTime:0.0002s ]
INFO: [ view_parse ] --START--
INFO: [ template_filter ] --START--
INFO: Run Behavior\ContentReplaceBehavior [ RunTime:0.000074s ]
INFO: [ template_filter ] --END-- [ RunTime:0.000118s ]
INFO: Run Behavior\ParseTemplateBehavior [ RunTime:0.011258s ]
INFO: [ view_parse ] --END-- [ RunTime:0.011341s ]
INFO: [ view_filter ] --START--
INFO: Run Behavior\WriteHtmlCacheBehavior [ RunTime:0.000316s ]
INFO: [ view_filter ] --END-- [ RunTime:0.000361s ]
INFO: [ app_end ] --START--
INFO: Run Behavior\ShowPageTraceBehavior [ RunTime:0.000879s ]
INFO: [ app_end ] --END-- [ RunTime:0.000941s ]

[ 2018-01-20T10:36:55+08:00 ] ::1 /Hospital/index.php/User/Use/expert/hos_code/13/department_name/%E6%B6%88%E5%8C%96
INFO: [ app_init ] --START--
INFO: Run Behavior\BuildLiteBehavior [ RunTime:0.000024s ]
INFO: [ app_init ] --END-- [ RunTime:0.000439s ]
INFO: [ app_begin ] --START--
INFO: Run Behavior\ReadHtmlCacheBehavior [ RunTime:0.001216s ]
INFO: [ app_begin ] --END-- [ RunTime:0.001442s ]
SQL: SHOW COLUMNS FROM `arrange` [ RunTime:0.0258s ]
SQL: SELECT * FROM `arrange` WHERE ( hos_code="13" and department_name="消化" )  [ RunTime:0.0006s ]
SQL: SHOW COLUMNS FROM `appointment` [ RunTime:0.1012s ]
NOTIC: [8] Array to string conversion D:\XAMPP\xampp\htdocs\Hospital\Application\User\Controller\UseController.class.php 第 118 行.
SQL: SELECT COUNT(*) AS tp_count FROM `appointment` WHERE ( expert_code="10000" and appointment_date="2018-01-22" and info="monday" ) LIMIT 1   [ RunTime:0.0003s ]
NOTIC: [8] Array to string conversion D:\XAMPP\xampp\htdocs\Hospital\Application\User\Controller\UseController.class.php 第 132 行.
NOTIC: [8] Array to string conversion D:\XAMPP\xampp\htdocs\Hospital\Application\User\Controller\UseController.class.php 第 137 行.
NOTIC: [8] Array to string conversion D:\XAMPP\xampp\htdocs\Hospital\Application\User\Controller\UseController.class.php 第 137 行.
NOTIC: [8] Array to string conversion D:\XAMPP\xampp\htdocs\Hospital\Application\User\Controller\UseController.class.php 第 137 行.
NOTIC: [8] Array to string conversion D:\XAMPP\xampp\htdocs\Hospital\Application\User\Controller\UseController.class.php 第 118 行.
SQL: SELECT COUNT(*) AS tp_count FROM `appointment` WHERE ( expert_code="10000" and appointment_date="2018-01-26" and info="friday" ) LIMIT 1   [ RunTime:0.0002s ]
NOTIC: [8] Array to string conversion D:\XAMPP\xampp\htdocs\Hospital\Application\User\Controller\UseController.class.php 第 132 行.
NOTIC: [8] Array to string conversion D:\XAMPP\xampp\htdocs\Hospital\Application\User\Controller\UseController.class.php 第 118 行.
SQL: SELECT COUNT(*) AS tp_count FROM `appointment` WHERE ( expert_code="10000" and appointment_date="2018-01-27" and info="saturday" ) LIMIT 1   [ RunTime:0.0002s ]
NOTIC: [8] Array to string conversion D:\XAMPP\xampp\htdocs\Hospital\Application\User\Controller\UseController.class.php 第 132 行.
NOTIC: [8] Array to string conversion D:\XAMPP\xampp\htdocs\Hospital\Application\User\Controller\UseController.class.php 第 137 行.
NOTIC: [8] Array to string conversion D:\XAMPP\xampp\htdocs\Hospital\Application\User\Controller\UseController.class.php 第 137 行.
NOTIC: [8] Array to string conversion D:\XAMPP\xampp\htdocs\Hospital\Application\User\Controller\UseController.class.php 第 137 行.
NOTIC: [8] Array to string conversion D:\XAMPP\xampp\htdocs\Hospital\Application\User\Controller\UseController.class.php 第 137 行.
NOTIC: [8] Array to string conversion D:\XAMPP\xampp\htdocs\Hospital\Application\User\Controller\UseController.class.php 第 137 行.
NOTIC: [8] Array to string conversion D:\XAMPP\xampp\htdocs\Hospital\Application\User\Controller\UseController.class.php 第 137 行.
NOTIC: [8] Array to string conversion D:\XAMPP\xampp\htdocs\Hospital\Application\User\Controller\UseController.class.php 第 118 行.
SQL: SELECT COUNT(*) AS tp_count FROM `appointment` WHERE ( expert_code="10000" and appointment_date="2018-01-27" and info="saturday2" ) LIMIT 1   [ RunTime:0.0002s ]
NOTIC: [8] Array to string conversion D:\XAMPP\xampp\htdocs\Hospital\Application\User\Controller\UseController.class.php 第 132 行.
NOTIC: [8] Array to string conversion D:\XAMPP\xampp\htdocs\Hospital\Application\User\Controller\UseController.class.php 第 137 行.
INFO: [ view_parse ] --START--
INFO: [ template_filter ] --START--
INFO: Run Behavior\ContentReplaceBehavior [ RunTime:0.000072s ]
INFO: [ template_filter ] --END-- [ RunTime:0.000163s ]
NOTIC: [8] Undefined variable: department_describe D:\XAMPP\xampp\htdocs\Hospital\Application\Runtime\Cache\User\7cebcb81099af8776907c48ee4d59eac.php 第 34 行.
INFO: Run Behavior\ParseTemplateBehavior [ RunTime:0.007382s ]
INFO: [ view_parse ] --END-- [ RunTime:0.007432s ]
INFO: [ view_filter ] --START--
INFO: Run Behavior\WriteHtmlCacheBehavior [ RunTime:0.000349s ]
INFO: [ view_filter ] --END-- [ RunTime:0.000379s ]
INFO: [ app_end ] --START--
INFO: Run Behavior\ShowPageTraceBehavior [ RunTime:0.000579s ]
INFO: [ app_end ] --END-- [ RunTime:0.000621s ]

[ 2018-01-20T10:36:57+08:00 ] ::1 /Hospital/index.php/User/Use/appointment/expert_code/10000/info/monday
INFO: [ app_init ] --START--
INFO: Run Behavior\BuildLiteBehavior [ RunTime:0.000099s ]
INFO: [ app_init ] --END-- [ RunTime:0.000596s ]
INFO: [ app_begin ] --START--
INFO: Run Behavior\ReadHtmlCacheBehavior [ RunTime:0.000568s ]
INFO: [ app_begin ] --END-- [ RunTime:0.000627s ]
SQL: SHOW COLUMNS FROM `expert` [ RunTime:0.0056s ]
SQL: SHOW COLUMNS FROM `hospital` [ RunTime:0.0036s ]
SQL: SELECT * FROM `expert` WHERE ( expert_code="10000" ) LIMIT 1   [ RunTime:0.0005s ]
SQL: SELECT * FROM `hospital` WHERE ( hos_code="13" ) LIMIT 1   [ RunTime:0.0004s ]
SQL: SHOW COLUMNS FROM `appointment` [ RunTime:0.0043s ]
SQL: SELECT COUNT(*) AS tp_count FROM `appointment` WHERE ( expert_code="10000" and appointment_date="2018-01-22" and info="monday" ) LIMIT 1   [ RunTime:0.0003s ]
SQL: SELECT * FROM `appointment` WHERE ( expert_code="10000" and appointment_date="2018-01-22" and info="monday" )  [ RunTime:0.0003s ]
INFO: [ view_parse ] --START--
INFO: [ template_filter ] --START--
INFO: Run Behavior\ContentReplaceBehavior [ RunTime:0.000055s ]
INFO: [ template_filter ] --END-- [ RunTime:0.000102s ]
INFO: Run Behavior\ParseTemplateBehavior [ RunTime:0.008928s ]
INFO: [ view_parse ] --END-- [ RunTime:0.008974s ]
INFO: [ view_filter ] --START--
INFO: Run Behavior\WriteHtmlCacheBehavior [ RunTime:0.000415s ]
INFO: [ view_filter ] --END-- [ RunTime:0.000449s ]
INFO: [ app_end ] --START--
INFO: Run Behavior\ShowPageTraceBehavior [ RunTime:0.000657s ]
INFO: [ app_end ] --END-- [ RunTime:0.000705s ]

[ 2018-01-20T10:37:02+08:00 ] ::1 /Hospital/index.php/User/Use/appointment
INFO: [ app_init ] --START--
INFO: Run Behavior\BuildLiteBehavior [ RunTime:0.000017s ]
INFO: [ app_init ] --END-- [ RunTime:0.000529s ]
INFO: [ app_begin ] --START--
INFO: Run Behavior\ReadHtmlCacheBehavior [ RunTime:0.000666s ]
INFO: [ app_begin ] --END-- [ RunTime:0.000719s ]
SQL: SHOW COLUMNS FROM `user` [ RunTime:0.0923s ]
SQL: SELECT * FROM `user` WHERE ( user_id="370902199603253311" ) LIMIT 1   [ RunTime:0.0003s ]
SQL: SHOW COLUMNS FROM `black` [ RunTime:0.1333s ]
SQL: SELECT COUNT(*) AS tp_count FROM `black` WHERE ( user_id="370902199603253311" ) LIMIT 1   [ RunTime:0.0003s ]
INFO: [ view_parse ] --START--
INFO: [ template_filter ] --START--
INFO: Run Behavior\ContentReplaceBehavior [ RunTime:0.000073s ]
INFO: [ template_filter ] --END-- [ RunTime:0.000162s ]
INFO: Run Behavior\ParseTemplateBehavior [ RunTime:0.006083s ]
INFO: [ view_parse ] --END-- [ RunTime:0.006136s ]
INFO: [ view_filter ] --START--
INFO: Run Behavior\WriteHtmlCacheBehavior [ RunTime:0.000548s ]
INFO: [ view_filter ] --END-- [ RunTime:0.000603s ]

[ 2018-01-20T10:37:09+08:00 ] ::1 /Hospital/index.php/User/Appointment/lst
INFO: [ app_init ] --START--
INFO: Run Behavior\BuildLiteBehavior [ RunTime:0.000012s ]
INFO: [ app_init ] --END-- [ RunTime:0.000477s ]
INFO: [ app_begin ] --START--
INFO: Run Behavior\ReadHtmlCacheBehavior [ RunTime:0.000665s ]
INFO: [ app_begin ] --END-- [ RunTime:0.000720s ]
SQL: SHOW COLUMNS FROM `appointment` [ RunTime:0.0039s ]
SQL: SELECT * FROM `appointment` WHERE ( user_id="370902199603253311" and appointment_date > curdate()  )  [ RunTime:0.0475s ]
INFO: [ view_parse ] --START--
INFO: [ template_filter ] --START--
INFO: Run Behavior\ContentReplaceBehavior [ RunTime:0.000077s ]
INFO: [ template_filter ] --END-- [ RunTime:0.000152s ]
INFO: Run Behavior\ParseTemplateBehavior [ RunTime:0.225515s ]
INFO: [ view_parse ] --END-- [ RunTime:0.225589s ]
INFO: [ view_filter ] --START--
INFO: Run Behavior\WriteHtmlCacheBehavior [ RunTime:0.000456s ]
INFO: [ view_filter ] --END-- [ RunTime:0.000502s ]
INFO: [ app_end ] --START--
INFO: Run Behavior\ShowPageTraceBehavior [ RunTime:0.000619s ]
INFO: [ app_end ] --END-- [ RunTime:0.000662s ]

[ 2018-01-20T10:37:11+08:00 ] ::1 /Hospital/index.php/User/User/update.html
INFO: [ app_init ] --START--
INFO: Run Behavior\BuildLiteBehavior [ RunTime:0.000011s ]
INFO: [ app_init ] --END-- [ RunTime:0.000465s ]
INFO: [ app_begin ] --START--
INFO: Run Behavior\ReadHtmlCacheBehavior [ RunTime:0.000520s ]
INFO: [ app_begin ] --END-- [ RunTime:0.000567s ]
SQL: SHOW COLUMNS FROM `user` [ RunTime:0.0954s ]
SQL: SELECT * FROM `user` WHERE ( user_id="370902199603253311" ) LIMIT 1   [ RunTime:0.0004s ]
INFO: [ view_parse ] --START--
INFO: [ template_filter ] --START--
INFO: Run Behavior\ContentReplaceBehavior [ RunTime:0.000042s ]
INFO: [ template_filter ] --END-- [ RunTime:0.000082s ]
INFO: Run Behavior\ParseTemplateBehavior [ RunTime:0.055633s ]
INFO: [ view_parse ] --END-- [ RunTime:0.055678s ]
INFO: [ view_filter ] --START--
INFO: Run Behavior\WriteHtmlCacheBehavior [ RunTime:0.000389s ]
INFO: [ view_filter ] --END-- [ RunTime:0.000418s ]
INFO: [ app_end ] --START--
INFO: Run Behavior\ShowPageTraceBehavior [ RunTime:0.000547s ]
INFO: [ app_end ] --END-- [ RunTime:0.000579s ]

[ 2018-01-20T10:37:13+08:00 ] ::1 /Hospital/index.php/User/Appointment/lst.html
INFO: [ app_init ] --START--
INFO: Run Behavior\BuildLiteBehavior [ RunTime:0.000011s ]
INFO: [ app_init ] --END-- [ RunTime:0.000491s ]
INFO: [ app_begin ] --START--
INFO: Run Behavior\ReadHtmlCacheBehavior [ RunTime:0.000458s ]
INFO: [ app_begin ] --END-- [ RunTime:0.000497s ]
SQL: SHOW COLUMNS FROM `appointment` [ RunTime:0.0804s ]
SQL: SELECT * FROM `appointment` WHERE ( user_id="370902199603253311" and appointment_date > curdate()  )  [ RunTime:0.0004s ]
INFO: [ view_parse ] --START--
INFO: [ template_filter ] --START--
INFO: Run Behavior\ContentReplaceBehavior [ RunTime:0.000057s ]
INFO: [ template_filter ] --END-- [ RunTime:0.000110s ]
INFO: Run Behavior\ParseTemplateBehavior [ RunTime:0.007786s ]
INFO: [ view_parse ] --END-- [ RunTime:0.007860s ]
INFO: [ view_filter ] --START--
INFO: Run Behavior\WriteHtmlCacheBehavior [ RunTime:0.000401s ]
INFO: [ view_filter ] --END-- [ RunTime:0.000440s ]
INFO: [ app_end ] --START--
INFO: Run Behavior\ShowPageTraceBehavior [ RunTime:0.000519s ]
INFO: [ app_end ] --END-- [ RunTime:0.000550s ]

[ 2018-01-20T10:37:17+08:00 ] ::1 /Hospital/index.php/User/Use/index.html
INFO: [ app_init ] --START--
INFO: Run Behavior\BuildLiteBehavior [ RunTime:0.000014s ]
INFO: [ app_init ] --END-- [ RunTime:0.000591s ]
INFO: [ app_begin ] --START--
INFO: Run Behavior\ReadHtmlCacheBehavior [ RunTime:0.000785s ]
INFO: [ app_begin ] --END-- [ RunTime:0.000871s ]
SQL: SHOW COLUMNS FROM `hospital` [ RunTime:0.0191s ]
NOTIC: [8] Undefined variable: page D:\XAMPP\xampp\htdocs\Hospital\Application\User\Controller\UseController.class.php 第 24 行.
NOTIC: [8] Trying to get property of non-object D:\XAMPP\xampp\htdocs\Hospital\Application\User\Controller\UseController.class.php 第 24 行.
NOTIC: [8] Undefined variable: page D:\XAMPP\xampp\htdocs\Hospital\Application\User\Controller\UseController.class.php 第 24 行.
NOTIC: [8] Trying to get property of non-object D:\XAMPP\xampp\htdocs\Hospital\Application\User\Controller\UseController.class.php 第 24 行.
SQL: SELECT COUNT(*) AS tp_count FROM `hospital` LIMIT 1   [ RunTime:0.0002s ]
SQL: SELECT * FROM `hospital` LIMIT 0,3   [ RunTime:0.0004s ]
INFO: [ view_parse ] --START--
INFO: [ template_filter ] --START--
INFO: Run Behavior\ContentReplaceBehavior [ RunTime:0.000072s ]
INFO: [ template_filter ] --END-- [ RunTime:0.000132s ]
INFO: Run Behavior\ParseTemplateBehavior [ RunTime:0.009107s ]
INFO: [ view_parse ] --END-- [ RunTime:0.009169s ]
INFO: [ view_filter ] --START--
INFO: Run Behavior\WriteHtmlCacheBehavior [ RunTime:0.000331s ]
INFO: [ view_filter ] --END-- [ RunTime:0.000360s ]
INFO: [ app_end ] --START--
INFO: Run Behavior\ShowPageTraceBehavior [ RunTime:0.000521s ]
INFO: [ app_end ] --END-- [ RunTime:0.000566s ]

[ 2018-01-20T10:37:39+08:00 ] ::1 /Hospital/index.php/User/Use/index.html
INFO: [ app_init ] --START--
INFO: Run Behavior\BuildLiteBehavior [ RunTime:0.000021s ]
INFO: [ app_init ] --END-- [ RunTime:0.000618s ]
INFO: [ app_begin ] --START--
INFO: Run Behavior\ReadHtmlCacheBehavior [ RunTime:0.001244s ]
INFO: [ app_begin ] --END-- [ RunTime:0.001437s ]
SQL: SHOW COLUMNS FROM `hospital` [ RunTime:0.0301s ]
NOTIC: [8] Undefined variable: page D:\XAMPP\xampp\htdocs\Hospital\Application\User\Controller\UseController.class.php 第 24 行.
NOTIC: [8] Trying to get property of non-object D:\XAMPP\xampp\htdocs\Hospital\Application\User\Controller\UseController.class.php 第 24 行.
NOTIC: [8] Undefined variable: page D:\XAMPP\xampp\htdocs\Hospital\Application\User\Controller\UseController.class.php 第 24 行.
NOTIC: [8] Trying to get property of non-object D:\XAMPP\xampp\htdocs\Hospital\Application\User\Controller\UseController.class.php 第 24 行.
SQL: SELECT COUNT(*) AS tp_count FROM `hospital` LIMIT 1   [ RunTime:0.0002s ]
SQL: SELECT * FROM `hospital` LIMIT 0,3   [ RunTime:0.0004s ]
INFO: [ view_parse ] --START--
INFO: [ template_filter ] --START--
INFO: Run Behavior\ContentReplaceBehavior [ RunTime:0.000063s ]
INFO: [ template_filter ] --END-- [ RunTime:0.000125s ]
INFO: Run Behavior\ParseTemplateBehavior [ RunTime:0.006717s ]
INFO: [ view_parse ] --END-- [ RunTime:0.006779s ]
INFO: [ view_filter ] --START--
INFO: Run Behavior\WriteHtmlCacheBehavior [ RunTime:0.000315s ]
INFO: [ view_filter ] --END-- [ RunTime:0.000359s ]
INFO: [ app_end ] --START--
INFO: Run Behavior\ShowPageTraceBehavior [ RunTime:0.000456s ]
INFO: [ app_end ] --END-- [ RunTime:0.000490s ]

[ 2018-01-20T10:37:41+08:00 ] ::1 /Hospital/index.php/User/Use/department/hos_name/%E9%9D%92%E5%B2%9B%E5%8C%BB%E9%99%A2
INFO: [ app_init ] --START--
INFO: Run Behavior\BuildLiteBehavior [ RunTime:0.000023s ]
INFO: [ app_init ] --END-- [ RunTime:0.000720s ]
INFO: [ app_begin ] --START--
INFO: Run Behavior\ReadHtmlCacheBehavior [ RunTime:0.000773s ]
INFO: [ app_begin ] --END-- [ RunTime:0.000855s ]
SQL: SHOW COLUMNS FROM `hospital` [ RunTime:0.0369s ]
SQL: SELECT * FROM `hospital` WHERE ( hos_name="青岛医院" ) LIMIT 1   [ RunTime:0.0003s ]
SQL: SHOW COLUMNS FROM `department` [ RunTime:0.0759s ]
SQL: SELECT * FROM `department` WHERE ( hos_code="13" and department_sort='内科' )  [ RunTime:0.0004s ]
SQL: SELECT * FROM `department` WHERE ( hos_code="13" and department_sort='外科' )  [ RunTime:0.0002s ]
SQL: SELECT * FROM `department` WHERE ( hos_code="13" and department_sort='急诊科' )  [ RunTime:0.0003s ]
SQL: SELECT * FROM `department` WHERE ( hos_code="13" and department_sort='中医科' )  [ RunTime:0.0003s ]
SQL: SELECT * FROM `department` WHERE ( hos_code="13" and department_sort='妇产科' )  [ RunTime:0.0002s ]
INFO: [ view_parse ] --START--
INFO: [ template_filter ] --START--
INFO: Run Behavior\ContentReplaceBehavior [ RunTime:0.000068s ]
INFO: [ template_filter ] --END-- [ RunTime:0.000111s ]
INFO: Run Behavior\ParseTemplateBehavior [ RunTime:0.009100s ]
INFO: [ view_parse ] --END-- [ RunTime:0.009148s ]
INFO: [ view_filter ] --START--
INFO: Run Behavior\WriteHtmlCacheBehavior [ RunTime:0.000291s ]
INFO: [ view_filter ] --END-- [ RunTime:0.000321s ]
INFO: [ app_end ] --START--
INFO: Run Behavior\ShowPageTraceBehavior [ RunTime:0.000525s ]
INFO: [ app_end ] --END-- [ RunTime:0.000557s ]

[ 2018-01-20T10:37:43+08:00 ] ::1 /Hospital/index.php/User/Use/expert/hos_code/13/department_name/%E6%B6%88%E5%8C%96
INFO: [ app_init ] --START--
INFO: Run Behavior\BuildLiteBehavior [ RunTime:0.000147s ]
INFO: [ app_init ] --END-- [ RunTime:0.001472s ]
INFO: [ app_begin ] --START--
INFO: Run Behavior\ReadHtmlCacheBehavior [ RunTime:0.000562s ]
INFO: [ app_begin ] --END-- [ RunTime:0.000607s ]
SQL: SHOW COLUMNS FROM `arrange` [ RunTime:0.0548s ]
SQL: SELECT * FROM `arrange` WHERE ( hos_code="13" and department_name="消化" )  [ RunTime:0.0011s ]
SQL: SHOW COLUMNS FROM `appointment` [ RunTime:0.0040s ]
NOTIC: [8] Array to string conversion D:\XAMPP\xampp\htdocs\Hospital\Application\User\Controller\UseController.class.php 第 118 行.
SQL: SELECT COUNT(*) AS tp_count FROM `appointment` WHERE ( expert_code="10000" and appointment_date="2018-01-22" and info="monday" ) LIMIT 1   [ RunTime:0.0003s ]
NOTIC: [8] Array to string conversion D:\XAMPP\xampp\htdocs\Hospital\Application\User\Controller\UseController.class.php 第 132 行.
NOTIC: [8] Array to string conversion D:\XAMPP\xampp\htdocs\Hospital\Application\User\Controller\UseController.class.php 第 137 行.
NOTIC: [8] Array to string conversion D:\XAMPP\xampp\htdocs\Hospital\Application\User\Controller\UseController.class.php 第 137 行.
NOTIC: [8] Array to string conversion D:\XAMPP\xampp\htdocs\Hospital\Application\User\Controller\UseController.class.php 第 137 行.
NOTIC: [8] Array to string conversion D:\XAMPP\xampp\htdocs\Hospital\Application\User\Controller\UseController.class.php 第 118 行.
SQL: SELECT COUNT(*) AS tp_count FROM `appointment` WHERE ( expert_code="10000" and appointment_date="2018-01-26" and info="friday" ) LIMIT 1   [ RunTime:0.0003s ]
NOTIC: [8] Array to string conversion D:\XAMPP\xampp\htdocs\Hospital\Application\User\Controller\UseController.class.php 第 132 行.
NOTIC: [8] Array to string conversion D:\XAMPP\xampp\htdocs\Hospital\Application\User\Controller\UseController.class.php 第 118 行.
SQL: SELECT COUNT(*) AS tp_count FROM `appointment` WHERE ( expert_code="10000" and appointment_date="2018-01-27" and info="saturday" ) LIMIT 1   [ RunTime:0.0003s ]
NOTIC: [8] Array to string conversion D:\XAMPP\xampp\htdocs\Hospital\Application\User\Controller\UseController.class.php 第 132 行.
NOTIC: [8] Array to string conversion D:\XAMPP\xampp\htdocs\Hospital\Application\User\Controller\UseController.class.php 第 137 行.
NOTIC: [8] Array to string conversion D:\XAMPP\xampp\htdocs\Hospital\Application\User\Controller\UseController.class.php 第 137 行.
NOTIC: [8] Array to string conversion D:\XAMPP\xampp\htdocs\Hospital\Application\User\Controller\UseController.class.php 第 137 行.
NOTIC: [8] Array to string conversion D:\XAMPP\xampp\htdocs\Hospital\Application\User\Controller\UseController.class.php 第 137 行.
NOTIC: [8] Array to string conversion D:\XAMPP\xampp\htdocs\Hospital\Application\User\Controller\UseController.class.php 第 137 行.
NOTIC: [8] Array to string conversion D:\XAMPP\xampp\htdocs\Hospital\Application\User\Controller\UseController.class.php 第 137 行.
NOTIC: [8] Array to string conversion D:\XAMPP\xampp\htdocs\Hospital\Application\User\Controller\UseController.class.php 第 118 行.
SQL: SELECT COUNT(*) AS tp_count FROM `appointment` WHERE ( expert_code="10000" and appointment_date="2018-01-27" and info="saturday2" ) LIMIT 1   [ RunTime:0.0003s ]
NOTIC: [8] Array to string conversion D:\XAMPP\xampp\htdocs\Hospital\Application\User\Controller\UseController.class.php 第 132 行.
NOTIC: [8] Array to string conversion D:\XAMPP\xampp\htdocs\Hospital\Application\User\Controller\UseController.class.php 第 137 行.
INFO: [ view_parse ] --START--
INFO: [ template_filter ] --START--
INFO: Run Behavior\ContentReplaceBehavior [ RunTime:0.000055s ]
INFO: [ template_filter ] --END-- [ RunTime:0.000118s ]
NOTIC: [8] Undefined variable: department_describe D:\XAMPP\xampp\htdocs\Hospital\Application\Runtime\Cache\User\7cebcb81099af8776907c48ee4d59eac.php 第 34 行.
INFO: Run Behavior\ParseTemplateBehavior [ RunTime:0.009326s ]
INFO: [ view_parse ] --END-- [ RunTime:0.009378s ]
INFO: [ view_filter ] --START--
INFO: Run Behavior\WriteHtmlCacheBehavior [ RunTime:0.000380s ]
INFO: [ view_filter ] --END-- [ RunTime:0.000415s ]
INFO: [ app_end ] --START--
INFO: Run Behavior\ShowPageTraceBehavior [ RunTime:0.000493s ]
INFO: [ app_end ] --END-- [ RunTime:0.000529s ]

[ 2018-01-20T10:37:46+08:00 ] ::1 /Hospital/index.php/User/Use/appointment/expert_code/10000/info/monday
INFO: [ app_init ] --START--
INFO: Run Behavior\BuildLiteBehavior [ RunTime:0.000028s ]
INFO: [ app_init ] --END-- [ RunTime:0.000756s ]
INFO: [ app_begin ] --START--
INFO: Run Behavior\ReadHtmlCacheBehavior [ RunTime:0.001077s ]
INFO: [ app_begin ] --END-- [ RunTime:0.001242s ]
SQL: SHOW COLUMNS FROM `expert` [ RunTime:0.0939s ]
SQL: SHOW COLUMNS FROM `hospital` [ RunTime:0.0718s ]
SQL: SELECT * FROM `expert` WHERE ( expert_code="10000" ) LIMIT 1   [ RunTime:0.0007s ]
SQL: SELECT * FROM `hospital` WHERE ( hos_code="13" ) LIMIT 1   [ RunTime:0.0005s ]
SQL: SHOW COLUMNS FROM `appointment` [ RunTime:0.0171s ]
SQL: SELECT COUNT(*) AS tp_count FROM `appointment` WHERE ( expert_code="10000" and appointment_date="2018-01-22" and info="monday" ) LIMIT 1   [ RunTime:0.0004s ]
SQL: SELECT * FROM `appointment` WHERE ( expert_code="10000" and appointment_date="2018-01-22" and info="monday" )  [ RunTime:0.0003s ]
INFO: [ view_parse ] --START--
INFO: [ template_filter ] --START--
INFO: Run Behavior\ContentReplaceBehavior [ RunTime:0.000050s ]
INFO: [ template_filter ] --END-- [ RunTime:0.000092s ]
INFO: Run Behavior\ParseTemplateBehavior [ RunTime:0.007493s ]
INFO: [ view_parse ] --END-- [ RunTime:0.007535s ]
INFO: [ view_filter ] --START--
INFO: Run Behavior\WriteHtmlCacheBehavior [ RunTime:0.000335s ]
INFO: [ view_filter ] --END-- [ RunTime:0.000364s ]
INFO: [ app_end ] --START--
INFO: Run Behavior\ShowPageTraceBehavior [ RunTime:0.000595s ]
INFO: [ app_end ] --END-- [ RunTime:0.000631s ]

[ 2018-01-20T10:37:49+08:00 ] ::1 /Hospital/index.php/User/Use/appointment
INFO: [ app_init ] --START--
INFO: Run Behavior\BuildLiteBehavior [ RunTime:0.000020s ]
INFO: [ app_init ] --END-- [ RunTime:0.000652s ]
INFO: [ app_begin ] --START--
INFO: Run Behavior\ReadHtmlCacheBehavior [ RunTime:0.000715s ]
INFO: [ app_begin ] --END-- [ RunTime:0.000786s ]
SQL: SHOW COLUMNS FROM `user` [ RunTime:0.1465s ]
SQL: SELECT * FROM `user` WHERE ( user_id="370902199603253313" ) LIMIT 1   [ RunTime:0.0004s ]
SQL: SHOW COLUMNS FROM `black` [ RunTime:0.0164s ]
SQL: SELECT COUNT(*) AS tp_count FROM `black` WHERE ( user_id="370902199603253313" ) LIMIT 1   [ RunTime:0.0003s ]
SQL: SHOW COLUMNS FROM `appointment` [ RunTime:0.0186s ]
SQL: SELECT COUNT(*) AS tp_count FROM `appointment` WHERE ( user_id="370902199603253313" and expert_code="10000" and appointment_date="2018-01-22" ) LIMIT 1   [ RunTime:0.1504s ]
SQL: SELECT COUNT(*) AS tp_count FROM `appointment` WHERE ( user_id="370902199603253313"  and appointment_date > curdate()  ) LIMIT 1   [ RunTime:0.0003s ]
NOTIC: [8] Undefined index: validate D:\XAMPP\xampp\htdocs\Hospital\ThinkPHP\Library\Think\Model.class.php 第 1185 行.
NOTIC: [8] Undefined index: auto D:\XAMPP\xampp\htdocs\Hospital\ThinkPHP\Library\Think\Model.class.php 第 1128 行.
SQL: INSERT INTO `appointment` (`user_id`,`user_name`,`hos_code`,`hos_name`,`expert_code`,`expert_name`,`department_name`,`appointment_date`,`time`,`info`) VALUES ('370902199603253313','杀杀杀','13','青岛医院','10000','石金升','消化','2018-01-22','10:00:00','monday') [ RunTime:0.6641s ]
INFO: [ view_parse ] --START--
INFO: [ template_filter ] --START--
INFO: Run Behavior\ContentReplaceBehavior [ RunTime:0.000042s ]
INFO: [ template_filter ] --END-- [ RunTime:0.000084s ]
INFO: Run Behavior\ParseTemplateBehavior [ RunTime:0.004613s ]
INFO: [ view_parse ] --END-- [ RunTime:0.004652s ]
INFO: [ view_filter ] --START--
INFO: Run Behavior\WriteHtmlCacheBehavior [ RunTime:0.000335s ]
INFO: [ view_filter ] --END-- [ RunTime:0.000364s ]
INFO: [ app_end ] --START--
INFO: Run Behavior\ShowPageTraceBehavior [ RunTime:0.000516s ]
INFO: [ app_end ] --END-- [ RunTime:0.000581s ]

[ 2018-01-20T10:37:50+08:00 ] ::1 /Hospital/index.php/User/Appointment/lst
INFO: [ app_init ] --START--
INFO: Run Behavior\BuildLiteBehavior [ RunTime:0.000020s ]
INFO: [ app_init ] --END-- [ RunTime:0.000453s ]
INFO: [ app_begin ] --START--
INFO: Run Behavior\ReadHtmlCacheBehavior [ RunTime:0.000478s ]
INFO: [ app_begin ] --END-- [ RunTime:0.000526s ]
SQL: SHOW COLUMNS FROM `appointment` [ RunTime:0.0192s ]
SQL: SELECT * FROM `appointment` WHERE ( user_id="370902199603253313" and appointment_date > curdate()  )  [ RunTime:0.0005s ]
INFO: [ view_parse ] --START--
INFO: [ template_filter ] --START--
INFO: Run Behavior\ContentReplaceBehavior [ RunTime:0.000067s ]
INFO: [ template_filter ] --END-- [ RunTime:0.000134s ]
INFO: Run Behavior\ParseTemplateBehavior [ RunTime:0.008445s ]
INFO: [ view_parse ] --END-- [ RunTime:0.008505s ]
INFO: [ view_filter ] --START--
INFO: Run Behavior\WriteHtmlCacheBehavior [ RunTime:0.000360s ]
INFO: [ view_filter ] --END-- [ RunTime:0.000392s ]
INFO: [ app_end ] --START--
INFO: Run Behavior\ShowPageTraceBehavior [ RunTime:0.000518s ]
INFO: [ app_end ] --END-- [ RunTime:0.000550s ]

[ 2018-01-20T10:37:54+08:00 ] ::1 /Hospital/index.php/User/User/update.html
INFO: [ app_init ] --START--
INFO: Run Behavior\BuildLiteBehavior [ RunTime:0.000011s ]
INFO: [ app_init ] --END-- [ RunTime:0.000475s ]
INFO: [ app_begin ] --START--
INFO: Run Behavior\ReadHtmlCacheBehavior [ RunTime:0.000521s ]
INFO: [ app_begin ] --END-- [ RunTime:0.000558s ]
SQL: SHOW COLUMNS FROM `user` [ RunTime:0.0290s ]
SQL: SELECT * FROM `user` WHERE ( user_id="370902199603253313" ) LIMIT 1   [ RunTime:0.0003s ]
INFO: [ view_parse ] --START--
INFO: [ template_filter ] --START--
INFO: Run Behavior\ContentReplaceBehavior [ RunTime:0.000041s ]
INFO: [ template_filter ] --END-- [ RunTime:0.000078s ]
INFO: Run Behavior\ParseTemplateBehavior [ RunTime:0.005130s ]
INFO: [ view_parse ] --END-- [ RunTime:0.005169s ]
INFO: [ view_filter ] --START--
INFO: Run Behavior\WriteHtmlCacheBehavior [ RunTime:0.000311s ]
INFO: [ view_filter ] --END-- [ RunTime:0.000344s ]
INFO: [ app_end ] --START--
INFO: Run Behavior\ShowPageTraceBehavior [ RunTime:0.001528s ]
INFO: [ app_end ] --END-- [ RunTime:0.001860s ]

[ 2018-01-20T10:37:56+08:00 ] ::1 /Hospital/index.php/User/Appointment/lst.html
INFO: [ app_init ] --START--
INFO: Run Behavior\BuildLiteBehavior [ RunTime:0.000011s ]
INFO: [ app_init ] --END-- [ RunTime:0.000376s ]
INFO: [ app_begin ] --START--
INFO: Run Behavior\ReadHtmlCacheBehavior [ RunTime:0.000485s ]
INFO: [ app_begin ] --END-- [ RunTime:0.000535s ]
SQL: SHOW COLUMNS FROM `appointment` [ RunTime:0.0032s ]
SQL: SELECT * FROM `appointment` WHERE ( user_id="370902199603253313" and appointment_date > curdate()  )  [ RunTime:0.0005s ]
INFO: [ view_parse ] --START--
INFO: [ template_filter ] --START--
INFO: Run Behavior\ContentReplaceBehavior [ RunTime:0.000050s ]
INFO: [ template_filter ] --END-- [ RunTime:0.000097s ]
INFO: Run Behavior\ParseTemplateBehavior [ RunTime:0.009960s ]
INFO: [ view_parse ] --END-- [ RunTime:0.010036s ]
INFO: [ view_filter ] --START--
INFO: Run Behavior\WriteHtmlCacheBehavior [ RunTime:0.000365s ]
INFO: [ view_filter ] --END-- [ RunTime:0.000402s ]
INFO: [ app_end ] --START--
INFO: Run Behavior\ShowPageTraceBehavior [ RunTime:0.000759s ]
INFO: [ app_end ] --END-- [ RunTime:0.000809s ]

[ 2018-01-20T10:38:06+08:00 ] ::1 /Hospital/index.php/User/Use/index.html
INFO: [ app_init ] --START--
INFO: Run Behavior\BuildLiteBehavior [ RunTime:0.000012s ]
INFO: [ app_init ] --END-- [ RunTime:0.000633s ]
INFO: [ app_begin ] --START--
INFO: Run Behavior\ReadHtmlCacheBehavior [ RunTime:0.000591s ]
INFO: [ app_begin ] --END-- [ RunTime:0.000645s ]
SQL: SHOW COLUMNS FROM `hospital` [ RunTime:0.0031s ]
NOTIC: [8] Undefined variable: page D:\XAMPP\xampp\htdocs\Hospital\Application\User\Controller\UseController.class.php 第 24 行.
NOTIC: [8] Trying to get property of non-object D:\XAMPP\xampp\htdocs\Hospital\Application\User\Controller\UseController.class.php 第 24 行.
NOTIC: [8] Undefined variable: page D:\XAMPP\xampp\htdocs\Hospital\Application\User\Controller\UseController.class.php 第 24 行.
NOTIC: [8] Trying to get property of non-object D:\XAMPP\xampp\htdocs\Hospital\Application\User\Controller\UseController.class.php 第 24 行.
SQL: SELECT COUNT(*) AS tp_count FROM `hospital` LIMIT 1   [ RunTime:0.0002s ]
SQL: SELECT * FROM `hospital` LIMIT 0,3   [ RunTime:0.0003s ]
INFO: [ view_parse ] --START--
INFO: [ template_filter ] --START--
INFO: Run Behavior\ContentReplaceBehavior [ RunTime:0.000077s ]
INFO: [ template_filter ] --END-- [ RunTime:0.000149s ]
INFO: Run Behavior\ParseTemplateBehavior [ RunTime:0.009163s ]
INFO: [ view_parse ] --END-- [ RunTime:0.009247s ]
INFO: [ view_filter ] --START--
INFO: Run Behavior\WriteHtmlCacheBehavior [ RunTime:0.000398s ]
INFO: [ view_filter ] --END-- [ RunTime:0.000448s ]
INFO: [ app_end ] --START--
INFO: Run Behavior\ShowPageTraceBehavior [ RunTime:0.000714s ]
INFO: [ app_end ] --END-- [ RunTime:0.000774s ]

