[ 2018-01-24T16:10:29+08:00 ] ::1 /Hospital/index.php/Expert/Appointment/lst.html
INFO: [ app_init ] --START--
INFO: Run Behavior\BuildLiteBehavior [ RunTime:0.000014s ]
INFO: [ app_init ] --END-- [ RunTime:0.000384s ]
INFO: [ app_begin ] --START--
INFO: Run Behavior\ReadHtmlCacheBehavior [ RunTime:0.000542s ]
INFO: [ app_begin ] --END-- [ RunTime:0.000615s ]
SQL: SHOW COLUMNS FROM `appointment` [ RunTime:0.0035s ]
SQL: SELECT COUNT(*) AS tp_count FROM `appointment` WHERE ( expert_code="10000" and  appointment_date = curdate()  and  state="没有值"  ) LIMIT 1   [ RunTime:0.0003s ]
SQL: SELECT * FROM `appointment` WHERE ( expert_code="10000" and  appointment_date = curdate()  and state="没有值"  ) LIMIT 0,3   [ RunTime:0.0003s ]
INFO: [ view_parse ] --START--
INFO: [ template_filter ] --START--
INFO: Run Behavior\ContentReplaceBehavior [ RunTime:0.000049s ]
INFO: [ template_filter ] --END-- [ RunTime:0.000121s ]
NOTIC: [8] Undefined variable: empty D:\XAMPP\xampp\htdocs\Hospital\Application\Runtime\Cache\Expert\a19981044fb3de7636cc537139b8bcfb.php 第 51 行.
INFO: Run Behavior\ParseTemplateBehavior [ RunTime:0.028297s ]
INFO: [ view_parse ] --END-- [ RunTime:0.028363s ]
INFO: [ view_filter ] --START--
INFO: Run Behavior\WriteHtmlCacheBehavior [ RunTime:0.000265s ]
INFO: [ view_filter ] --END-- [ RunTime:0.000295s ]
INFO: [ app_end ] --START--
INFO: Run Behavior\ShowPageTraceBehavior [ RunTime:0.000538s ]
INFO: [ app_end ] --END-- [ RunTime:0.000601s ]

