[ 2018-01-22T10:40:34+08:00 ] ::1 /Hospital/index.php/Hospital/Apply/lst.html
INFO: [ app_init ] --START--
INFO: Run Behavior\BuildLiteBehavior [ RunTime:0.000020s ]
INFO: [ app_init ] --END-- [ RunTime:0.000694s ]
INFO: [ app_begin ] --START--
INFO: Run Behavior\ReadHtmlCacheBehavior [ RunTime:0.000622s ]
INFO: [ app_begin ] --END-- [ RunTime:0.000684s ]
SQL: SHOW COLUMNS FROM `apply` [ RunTime:0.1677s ]
SQL: SELECT COUNT(*) AS tp_count FROM `apply` WHERE (  (hos_code="13" ) and ( stop_date > curdate() ) and ( state="没有值" ) ) LIMIT 1   [ RunTime:0.0003s ]
SQL: SELECT * FROM `apply` WHERE ( hos_code="13" and stop_date > curdate() and state="没有值"  ) LIMIT 0,3   [ RunTime:0.0003s ]
INFO: [ view_parse ] --START--
INFO: [ template_filter ] --START--
INFO: Run Behavior\ContentReplaceBehavior [ RunTime:0.000051s ]
INFO: [ template_filter ] --END-- [ RunTime:0.000097s ]
NOTIC: [8] Undefined variable: empty D:\XAMPP\xampp\htdocs\Hospital\Application\Runtime\Cache\Hospital\1a4380ab53cbe01ec8af64e0d2bd4cca.php 第 60 行.
INFO: Run Behavior\ParseTemplateBehavior [ RunTime:0.428323s ]
INFO: [ view_parse ] --END-- [ RunTime:0.428391s ]
INFO: [ view_filter ] --START--
INFO: Run Behavior\WriteHtmlCacheBehavior [ RunTime:0.000349s ]
INFO: [ view_filter ] --END-- [ RunTime:0.000396s ]
INFO: [ app_end ] --START--
INFO: Run Behavior\ShowPageTraceBehavior [ RunTime:0.000512s ]
INFO: [ app_end ] --END-- [ RunTime:0.000560s ]

[ 2018-01-22T10:40:38+08:00 ] ::1 /Hospital/index.php/Hospital/Arrange/lst.html
INFO: [ app_init ] --START--
INFO: Run Behavior\BuildLiteBehavior [ RunTime:0.000012s ]
INFO: [ app_init ] --END-- [ RunTime:0.000454s ]
INFO: [ app_begin ] --START--
INFO: Run Behavior\ReadHtmlCacheBehavior [ RunTime:0.000582s ]
INFO: [ app_begin ] --END-- [ RunTime:0.000628s ]
SQL: SHOW COLUMNS FROM `arrange` [ RunTime:0.1525s ]
SQL: SELECT COUNT(*) AS tp_count FROM `arrange` WHERE ( hos_code="13" ) LIMIT 1   [ RunTime:0.0003s ]
SQL: SELECT * FROM `arrange` WHERE ( hos_code="13" ) LIMIT 0,3   [ RunTime:0.0003s ]
NOTIC: [8] Array to string conversion D:\XAMPP\xampp\htdocs\Hospital\Application\Hospital\Controller\ArrangeController.class.php 第 46 行.
NOTIC: [8] Array to string conversion D:\XAMPP\xampp\htdocs\Hospital\Application\Hospital\Controller\ArrangeController.class.php 第 50 行.
NOTIC: [8] Array to string conversion D:\XAMPP\xampp\htdocs\Hospital\Application\Hospital\Controller\ArrangeController.class.php 第 50 行.
NOTIC: [8] Array to string conversion D:\XAMPP\xampp\htdocs\Hospital\Application\Hospital\Controller\ArrangeController.class.php 第 50 行.
NOTIC: [8] Array to string conversion D:\XAMPP\xampp\htdocs\Hospital\Application\Hospital\Controller\ArrangeController.class.php 第 46 行.
NOTIC: [8] Array to string conversion D:\XAMPP\xampp\htdocs\Hospital\Application\Hospital\Controller\ArrangeController.class.php 第 46 行.
NOTIC: [8] Array to string conversion D:\XAMPP\xampp\htdocs\Hospital\Application\Hospital\Controller\ArrangeController.class.php 第 50 行.
NOTIC: [8] Array to string conversion D:\XAMPP\xampp\htdocs\Hospital\Application\Hospital\Controller\ArrangeController.class.php 第 50 行.
NOTIC: [8] Array to string conversion D:\XAMPP\xampp\htdocs\Hospital\Application\Hospital\Controller\ArrangeController.class.php 第 50 行.
NOTIC: [8] Array to string conversion D:\XAMPP\xampp\htdocs\Hospital\Application\Hospital\Controller\ArrangeController.class.php 第 50 行.
NOTIC: [8] Array to string conversion D:\XAMPP\xampp\htdocs\Hospital\Application\Hospital\Controller\ArrangeController.class.php 第 50 行.
NOTIC: [8] Array to string conversion D:\XAMPP\xampp\htdocs\Hospital\Application\Hospital\Controller\ArrangeController.class.php 第 50 行.
NOTIC: [8] Array to string conversion D:\XAMPP\xampp\htdocs\Hospital\Application\Hospital\Controller\ArrangeController.class.php 第 46 行.
NOTIC: [8] Array to string conversion D:\XAMPP\xampp\htdocs\Hospital\Application\Hospital\Controller\ArrangeController.class.php 第 50 行.
INFO: [ view_parse ] --START--
INFO: [ template_filter ] --START--
INFO: Run Behavior\ContentReplaceBehavior [ RunTime:0.000091s ]
INFO: [ template_filter ] --END-- [ RunTime:0.000165s ]
INFO: Run Behavior\ParseTemplateBehavior [ RunTime:0.116536s ]
INFO: [ view_parse ] --END-- [ RunTime:0.116637s ]
INFO: [ view_filter ] --START--
INFO: Run Behavior\WriteHtmlCacheBehavior [ RunTime:0.001159s ]
INFO: [ view_filter ] --END-- [ RunTime:0.001230s ]
INFO: [ app_end ] --START--
INFO: Run Behavior\ShowPageTraceBehavior [ RunTime:0.001114s ]
INFO: [ app_end ] --END-- [ RunTime:0.001268s ]

[ 2018-01-22T10:40:50+08:00 ] ::1 /Hospital/index.php/Hospital/Arrange/add.html
INFO: [ app_init ] --START--
INFO: Run Behavior\BuildLiteBehavior [ RunTime:0.000010s ]
INFO: [ app_init ] --END-- [ RunTime:0.000355s ]
INFO: [ app_begin ] --START--
INFO: Run Behavior\ReadHtmlCacheBehavior [ RunTime:0.000441s ]
INFO: [ app_begin ] --END-- [ RunTime:0.000482s ]
INFO: [ view_parse ] --START--
INFO: [ template_filter ] --START--
INFO: Run Behavior\ContentReplaceBehavior [ RunTime:0.000049s ]
INFO: [ template_filter ] --END-- [ RunTime:0.000096s ]
INFO: Run Behavior\ParseTemplateBehavior [ RunTime:0.289931s ]
INFO: [ view_parse ] --END-- [ RunTime:0.290008s ]
INFO: [ view_filter ] --START--
INFO: Run Behavior\WriteHtmlCacheBehavior [ RunTime:0.000436s ]
INFO: [ view_filter ] --END-- [ RunTime:0.000477s ]
INFO: [ app_end ] --START--
INFO: Run Behavior\ShowPageTraceBehavior [ RunTime:0.000589s ]
INFO: [ app_end ] --END-- [ RunTime:0.000628s ]

[ 2018-01-22T10:40:57+08:00 ] ::1 /Hospital/index.php/Hospital/Department/lst.html
INFO: [ app_init ] --START--
INFO: Run Behavior\BuildLiteBehavior [ RunTime:0.000011s ]
INFO: [ app_init ] --END-- [ RunTime:0.000469s ]
INFO: [ app_begin ] --START--
INFO: Run Behavior\ReadHtmlCacheBehavior [ RunTime:0.000450s ]
INFO: [ app_begin ] --END-- [ RunTime:0.000497s ]
SQL: SHOW COLUMNS FROM `department` [ RunTime:0.1825s ]
SQL: SELECT COUNT(*) AS tp_count FROM `department` WHERE ( hos_code="13" ) LIMIT 1   [ RunTime:0.0003s ]
SQL: SELECT * FROM `department` WHERE ( hos_code="13" ) LIMIT 0,3   [ RunTime:0.0004s ]
INFO: [ view_parse ] --START--
INFO: [ template_filter ] --START--
INFO: Run Behavior\ContentReplaceBehavior [ RunTime:0.000074s ]
INFO: [ template_filter ] --END-- [ RunTime:0.000141s ]
INFO: Run Behavior\ParseTemplateBehavior [ RunTime:0.253573s ]
INFO: [ view_parse ] --END-- [ RunTime:0.253663s ]
INFO: [ view_filter ] --START--
INFO: Run Behavior\WriteHtmlCacheBehavior [ RunTime:0.000328s ]
INFO: [ view_filter ] --END-- [ RunTime:0.000358s ]
INFO: [ app_end ] --START--
INFO: Run Behavior\ShowPageTraceBehavior [ RunTime:0.000560s ]
INFO: [ app_end ] --END-- [ RunTime:0.000599s ]

[ 2018-01-22T10:41:10+08:00 ] ::1 /Hospital/index.php/Hospital/Expert/lst.html
INFO: [ app_init ] --START--
INFO: Run Behavior\BuildLiteBehavior [ RunTime:0.000011s ]
INFO: [ app_init ] --END-- [ RunTime:0.000485s ]
INFO: [ app_begin ] --START--
INFO: Run Behavior\ReadHtmlCacheBehavior [ RunTime:0.000456s ]
INFO: [ app_begin ] --END-- [ RunTime:0.000497s ]
SQL: SHOW COLUMNS FROM `expert` [ RunTime:0.0447s ]
SQL: SELECT COUNT(*) AS tp_count FROM `expert` WHERE ( hos_code="13" ) LIMIT 1   [ RunTime:0.0003s ]
SQL: SELECT * FROM `expert` WHERE ( hos_code="13" ) LIMIT 0,3   [ RunTime:0.0003s ]
INFO: [ view_parse ] --START--
INFO: [ template_filter ] --START--
INFO: Run Behavior\ContentReplaceBehavior [ RunTime:0.000083s ]
INFO: [ template_filter ] --END-- [ RunTime:0.000175s ]
INFO: Run Behavior\ParseTemplateBehavior [ RunTime:0.106245s ]
INFO: [ view_parse ] --END-- [ RunTime:0.106304s ]
INFO: [ view_filter ] --START--
INFO: Run Behavior\WriteHtmlCacheBehavior [ RunTime:0.000322s ]
INFO: [ view_filter ] --END-- [ RunTime:0.000357s ]
INFO: [ app_end ] --START--
INFO: Run Behavior\ShowPageTraceBehavior [ RunTime:0.000562s ]
INFO: [ app_end ] --END-- [ RunTime:0.000640s ]

[ 2018-01-22T10:41:16+08:00 ] ::1 /Hospital/index.php/Hospital/Change/lst.html
INFO: [ app_init ] --START--
INFO: Run Behavior\BuildLiteBehavior [ RunTime:0.000010s ]
INFO: [ app_init ] --END-- [ RunTime:0.000456s ]
INFO: [ app_begin ] --START--
INFO: Run Behavior\ReadHtmlCacheBehavior [ RunTime:0.000534s ]
INFO: [ app_begin ] --END-- [ RunTime:0.000578s ]
SQL: SHOW COLUMNS FROM `hospital` [ RunTime:0.1139s ]
SQL: SELECT * FROM `hospital` WHERE ( hos_code="13" ) LIMIT 1   [ RunTime:0.0002s ]
INFO: [ view_parse ] --START--
INFO: [ template_filter ] --START--
INFO: Run Behavior\ContentReplaceBehavior [ RunTime:0.000051s ]
INFO: [ template_filter ] --END-- [ RunTime:0.000095s ]
INFO: Run Behavior\ParseTemplateBehavior [ RunTime:0.191677s ]
INFO: [ view_parse ] --END-- [ RunTime:0.191767s ]
INFO: [ view_filter ] --START--
INFO: Run Behavior\WriteHtmlCacheBehavior [ RunTime:0.000415s ]
INFO: [ view_filter ] --END-- [ RunTime:0.000455s ]
INFO: [ app_end ] --START--
INFO: Run Behavior\ShowPageTraceBehavior [ RunTime:0.000961s ]
INFO: [ app_end ] --END-- [ RunTime:0.001004s ]

[ 2018-01-22T10:41:19+08:00 ] ::1 /Hospital/index.php/Hospital/Data/lst
INFO: [ app_init ] --START--
INFO: Run Behavior\BuildLiteBehavior [ RunTime:0.000013s ]
INFO: [ app_init ] --END-- [ RunTime:0.000554s ]
INFO: [ app_begin ] --START--
INFO: Run Behavior\ReadHtmlCacheBehavior [ RunTime:0.000566s ]
INFO: [ app_begin ] --END-- [ RunTime:0.000620s ]
SQL: SHOW COLUMNS FROM `appointment` [ RunTime:0.0590s ]
SQL: SHOW COLUMNS FROM `arrange` [ RunTime:0.0086s ]
SQL: SELECT COUNT(*) AS tp_count FROM `arrange` WHERE ( hos_code="13" ) LIMIT 1   [ RunTime:0.0006s ]
SQL: SELECT * FROM `arrange` WHERE ( hos_code="13" )  [ RunTime:0.0003s ]
SQL: SELECT COUNT(*) AS tp_count FROM `appointment` WHERE ( expert_code="10000" and appointment_date=curdate() and info="monday" ) LIMIT 1   [ RunTime:0.0005s ]
SQL: SELECT * FROM `appointment` WHERE ( expert_code="10000" and appointment_date=curdate() and info="monday" )  [ RunTime:0.0004s ]
SQL: SELECT COUNT(*) AS tp_count FROM `appointment` WHERE ( expert_code="10000" and appointment_date=curdate() and info="monday2" ) LIMIT 1   [ RunTime:0.0003s ]
SQL: SELECT * FROM `appointment` WHERE ( expert_code="10000" and appointment_date=curdate() and info="monday2" )  [ RunTime:0.0003s ]
INFO: [ view_parse ] --START--
INFO: [ template_filter ] --START--
INFO: Run Behavior\ContentReplaceBehavior [ RunTime:0.000089s ]
INFO: [ template_filter ] --END-- [ RunTime:0.000143s ]
NOTIC: [8] Undefined index: down D:\XAMPP\xampp\htdocs\Hospital\Application\Runtime\Cache\Hospital\cad0d7e405fd199ad54f7b246a433919.php 第 72 行.
NOTIC: [8] Undefined variable: page D:\XAMPP\xampp\htdocs\Hospital\Application\Runtime\Cache\Hospital\cad0d7e405fd199ad54f7b246a433919.php 第 79 行.
INFO: Run Behavior\ParseTemplateBehavior [ RunTime:0.071769s ]
INFO: [ view_parse ] --END-- [ RunTime:0.071841s ]
INFO: [ view_filter ] --START--
INFO: Run Behavior\WriteHtmlCacheBehavior [ RunTime:0.000459s ]
INFO: [ view_filter ] --END-- [ RunTime:0.000505s ]
INFO: [ app_end ] --START--
INFO: Run Behavior\ShowPageTraceBehavior [ RunTime:0.000911s ]
INFO: [ app_end ] --END-- [ RunTime:0.000991s ]

[ 2018-01-22T10:41:26+08:00 ] ::1 /Hospital/index.php/Hospital/Change/lst
INFO: [ app_init ] --START--
INFO: Run Behavior\BuildLiteBehavior [ RunTime:0.000016s ]
INFO: [ app_init ] --END-- [ RunTime:0.000457s ]
INFO: [ app_begin ] --START--
INFO: Run Behavior\ReadHtmlCacheBehavior [ RunTime:0.000537s ]
INFO: [ app_begin ] --END-- [ RunTime:0.000595s ]
SQL: SHOW COLUMNS FROM `hospital` [ RunTime:0.1368s ]
SQL: SELECT * FROM `hospital` WHERE ( hos_code="13" ) LIMIT 1   [ RunTime:0.0003s ]
INFO: [ view_parse ] --START--
INFO: [ template_filter ] --START--
INFO: Run Behavior\ContentReplaceBehavior [ RunTime:0.000089s ]
INFO: [ template_filter ] --END-- [ RunTime:0.000201s ]
INFO: Run Behavior\ParseTemplateBehavior [ RunTime:0.006817s ]
INFO: [ view_parse ] --END-- [ RunTime:0.006882s ]
INFO: [ view_filter ] --START--
INFO: Run Behavior\WriteHtmlCacheBehavior [ RunTime:0.000401s ]
INFO: [ view_filter ] --END-- [ RunTime:0.000431s ]
INFO: [ app_end ] --START--
INFO: Run Behavior\ShowPageTraceBehavior [ RunTime:0.000534s ]
INFO: [ app_end ] --END-- [ RunTime:0.000569s ]

[ 2018-01-22T10:41:27+08:00 ] ::1 /Hospital/index.php/Hospital/Arrange/lst.html
INFO: [ app_init ] --START--
INFO: Run Behavior\BuildLiteBehavior [ RunTime:0.000012s ]
INFO: [ app_init ] --END-- [ RunTime:0.000462s ]
INFO: [ app_begin ] --START--
INFO: Run Behavior\ReadHtmlCacheBehavior [ RunTime:0.000532s ]
INFO: [ app_begin ] --END-- [ RunTime:0.000574s ]
SQL: SHOW COLUMNS FROM `arrange` [ RunTime:0.0240s ]
SQL: SELECT COUNT(*) AS tp_count FROM `arrange` WHERE ( hos_code="13" ) LIMIT 1   [ RunTime:0.0002s ]
SQL: SELECT * FROM `arrange` WHERE ( hos_code="13" ) LIMIT 0,3   [ RunTime:0.0003s ]
NOTIC: [8] Array to string conversion D:\XAMPP\xampp\htdocs\Hospital\Application\Hospital\Controller\ArrangeController.class.php 第 46 行.
NOTIC: [8] Array to string conversion D:\XAMPP\xampp\htdocs\Hospital\Application\Hospital\Controller\ArrangeController.class.php 第 50 行.
NOTIC: [8] Array to string conversion D:\XAMPP\xampp\htdocs\Hospital\Application\Hospital\Controller\ArrangeController.class.php 第 50 行.
NOTIC: [8] Array to string conversion D:\XAMPP\xampp\htdocs\Hospital\Application\Hospital\Controller\ArrangeController.class.php 第 50 行.
NOTIC: [8] Array to string conversion D:\XAMPP\xampp\htdocs\Hospital\Application\Hospital\Controller\ArrangeController.class.php 第 46 行.
NOTIC: [8] Array to string conversion D:\XAMPP\xampp\htdocs\Hospital\Application\Hospital\Controller\ArrangeController.class.php 第 46 行.
NOTIC: [8] Array to string conversion D:\XAMPP\xampp\htdocs\Hospital\Application\Hospital\Controller\ArrangeController.class.php 第 50 行.
NOTIC: [8] Array to string conversion D:\XAMPP\xampp\htdocs\Hospital\Application\Hospital\Controller\ArrangeController.class.php 第 50 行.
NOTIC: [8] Array to string conversion D:\XAMPP\xampp\htdocs\Hospital\Application\Hospital\Controller\ArrangeController.class.php 第 50 行.
NOTIC: [8] Array to string conversion D:\XAMPP\xampp\htdocs\Hospital\Application\Hospital\Controller\ArrangeController.class.php 第 50 行.
NOTIC: [8] Array to string conversion D:\XAMPP\xampp\htdocs\Hospital\Application\Hospital\Controller\ArrangeController.class.php 第 50 行.
NOTIC: [8] Array to string conversion D:\XAMPP\xampp\htdocs\Hospital\Application\Hospital\Controller\ArrangeController.class.php 第 50 行.
NOTIC: [8] Array to string conversion D:\XAMPP\xampp\htdocs\Hospital\Application\Hospital\Controller\ArrangeController.class.php 第 46 行.
NOTIC: [8] Array to string conversion D:\XAMPP\xampp\htdocs\Hospital\Application\Hospital\Controller\ArrangeController.class.php 第 50 行.
INFO: [ view_parse ] --START--
INFO: [ template_filter ] --START--
INFO: Run Behavior\ContentReplaceBehavior [ RunTime:0.000063s ]
INFO: [ template_filter ] --END-- [ RunTime:0.000118s ]
INFO: Run Behavior\ParseTemplateBehavior [ RunTime:0.007502s ]
INFO: [ view_parse ] --END-- [ RunTime:0.007552s ]
INFO: [ view_filter ] --START--
INFO: Run Behavior\WriteHtmlCacheBehavior [ RunTime:0.000398s ]
INFO: [ view_filter ] --END-- [ RunTime:0.000435s ]
INFO: [ app_end ] --START--
INFO: Run Behavior\ShowPageTraceBehavior [ RunTime:0.000591s ]
INFO: [ app_end ] --END-- [ RunTime:0.000649s ]

[ 2018-01-22T10:41:29+08:00 ] ::1 /Hospital/index.php/Hospital/Apply/lst.html
INFO: [ app_init ] --START--
INFO: Run Behavior\BuildLiteBehavior [ RunTime:0.000012s ]
INFO: [ app_init ] --END-- [ RunTime:0.000383s ]
INFO: [ app_begin ] --START--
INFO: Run Behavior\ReadHtmlCacheBehavior [ RunTime:0.000454s ]
INFO: [ app_begin ] --END-- [ RunTime:0.000497s ]
SQL: SHOW COLUMNS FROM `apply` [ RunTime:0.1394s ]
SQL: SELECT COUNT(*) AS tp_count FROM `apply` WHERE (  (hos_code="13" ) and ( stop_date > curdate() ) and ( state="没有值" ) ) LIMIT 1   [ RunTime:0.0003s ]
SQL: SELECT * FROM `apply` WHERE ( hos_code="13" and stop_date > curdate() and state="没有值"  ) LIMIT 0,3   [ RunTime:0.0003s ]
INFO: [ view_parse ] --START--
INFO: [ template_filter ] --START--
INFO: Run Behavior\ContentReplaceBehavior [ RunTime:0.000069s ]
INFO: [ template_filter ] --END-- [ RunTime:0.000134s ]
NOTIC: [8] Undefined variable: empty D:\XAMPP\xampp\htdocs\Hospital\Application\Runtime\Cache\Hospital\1a4380ab53cbe01ec8af64e0d2bd4cca.php 第 60 行.
INFO: Run Behavior\ParseTemplateBehavior [ RunTime:0.007982s ]
INFO: [ view_parse ] --END-- [ RunTime:0.008027s ]
INFO: [ view_filter ] --START--
INFO: Run Behavior\WriteHtmlCacheBehavior [ RunTime:0.000316s ]
INFO: [ view_filter ] --END-- [ RunTime:0.000347s ]
INFO: [ app_end ] --START--
INFO: Run Behavior\ShowPageTraceBehavior [ RunTime:0.000558s ]
INFO: [ app_end ] --END-- [ RunTime:0.000597s ]

[ 2018-01-22T10:41:30+08:00 ] ::1 /Hospital/index.php/Hospital/Department/lst.html
INFO: [ app_init ] --START--
INFO: Run Behavior\BuildLiteBehavior [ RunTime:0.000011s ]
INFO: [ app_init ] --END-- [ RunTime:0.000468s ]
INFO: [ app_begin ] --START--
INFO: Run Behavior\ReadHtmlCacheBehavior [ RunTime:0.000513s ]
INFO: [ app_begin ] --END-- [ RunTime:0.000550s ]
SQL: SHOW COLUMNS FROM `department` [ RunTime:0.0094s ]
SQL: SELECT COUNT(*) AS tp_count FROM `department` WHERE ( hos_code="13" ) LIMIT 1   [ RunTime:0.0003s ]
SQL: SELECT * FROM `department` WHERE ( hos_code="13" ) LIMIT 0,3   [ RunTime:0.0003s ]
INFO: [ view_parse ] --START--
INFO: [ template_filter ] --START--
INFO: Run Behavior\ContentReplaceBehavior [ RunTime:0.000066s ]
INFO: [ template_filter ] --END-- [ RunTime:0.000134s ]
INFO: Run Behavior\ParseTemplateBehavior [ RunTime:0.009692s ]
INFO: [ view_parse ] --END-- [ RunTime:0.009746s ]
INFO: [ view_filter ] --START--
INFO: Run Behavior\WriteHtmlCacheBehavior [ RunTime:0.000422s ]
INFO: [ view_filter ] --END-- [ RunTime:0.000467s ]
INFO: [ app_end ] --START--
INFO: Run Behavior\ShowPageTraceBehavior [ RunTime:0.000529s ]
INFO: [ app_end ] --END-- [ RunTime:0.000572s ]

[ 2018-01-22T10:41:34+08:00 ] ::1 /Hospital/index.php/Hospital/Arrange/lst.html
INFO: [ app_init ] --START--
INFO: Run Behavior\BuildLiteBehavior [ RunTime:0.000011s ]
INFO: [ app_init ] --END-- [ RunTime:0.000429s ]
INFO: [ app_begin ] --START--
INFO: Run Behavior\ReadHtmlCacheBehavior [ RunTime:0.000671s ]
INFO: [ app_begin ] --END-- [ RunTime:0.000710s ]
SQL: SHOW COLUMNS FROM `arrange` [ RunTime:0.1910s ]
SQL: SELECT COUNT(*) AS tp_count FROM `arrange` WHERE ( hos_code="13" ) LIMIT 1   [ RunTime:0.0003s ]
SQL: SELECT * FROM `arrange` WHERE ( hos_code="13" ) LIMIT 0,3   [ RunTime:0.0003s ]
NOTIC: [8] Array to string conversion D:\XAMPP\xampp\htdocs\Hospital\Application\Hospital\Controller\ArrangeController.class.php 第 46 行.
NOTIC: [8] Array to string conversion D:\XAMPP\xampp\htdocs\Hospital\Application\Hospital\Controller\ArrangeController.class.php 第 50 行.
NOTIC: [8] Array to string conversion D:\XAMPP\xampp\htdocs\Hospital\Application\Hospital\Controller\ArrangeController.class.php 第 50 行.
NOTIC: [8] Array to string conversion D:\XAMPP\xampp\htdocs\Hospital\Application\Hospital\Controller\ArrangeController.class.php 第 50 行.
NOTIC: [8] Array to string conversion D:\XAMPP\xampp\htdocs\Hospital\Application\Hospital\Controller\ArrangeController.class.php 第 46 行.
NOTIC: [8] Array to string conversion D:\XAMPP\xampp\htdocs\Hospital\Application\Hospital\Controller\ArrangeController.class.php 第 46 行.
NOTIC: [8] Array to string conversion D:\XAMPP\xampp\htdocs\Hospital\Application\Hospital\Controller\ArrangeController.class.php 第 50 行.
NOTIC: [8] Array to string conversion D:\XAMPP\xampp\htdocs\Hospital\Application\Hospital\Controller\ArrangeController.class.php 第 50 行.
NOTIC: [8] Array to string conversion D:\XAMPP\xampp\htdocs\Hospital\Application\Hospital\Controller\ArrangeController.class.php 第 50 行.
NOTIC: [8] Array to string conversion D:\XAMPP\xampp\htdocs\Hospital\Application\Hospital\Controller\ArrangeController.class.php 第 50 行.
NOTIC: [8] Array to string conversion D:\XAMPP\xampp\htdocs\Hospital\Application\Hospital\Controller\ArrangeController.class.php 第 50 行.
NOTIC: [8] Array to string conversion D:\XAMPP\xampp\htdocs\Hospital\Application\Hospital\Controller\ArrangeController.class.php 第 50 行.
NOTIC: [8] Array to string conversion D:\XAMPP\xampp\htdocs\Hospital\Application\Hospital\Controller\ArrangeController.class.php 第 46 行.
NOTIC: [8] Array to string conversion D:\XAMPP\xampp\htdocs\Hospital\Application\Hospital\Controller\ArrangeController.class.php 第 50 行.
INFO: [ view_parse ] --START--
INFO: [ template_filter ] --START--
INFO: Run Behavior\ContentReplaceBehavior [ RunTime:0.000083s ]
INFO: [ template_filter ] --END-- [ RunTime:0.000168s ]
INFO: Run Behavior\ParseTemplateBehavior [ RunTime:0.008825s ]
INFO: [ view_parse ] --END-- [ RunTime:0.008882s ]
INFO: [ view_filter ] --START--
INFO: Run Behavior\WriteHtmlCacheBehavior [ RunTime:0.000560s ]
INFO: [ view_filter ] --END-- [ RunTime:0.000605s ]
INFO: [ app_end ] --START--
INFO: Run Behavior\ShowPageTraceBehavior [ RunTime:0.000670s ]
INFO: [ app_end ] --END-- [ RunTime:0.000716s ]

[ 2018-01-22T10:41:41+08:00 ] ::1 /Hospital/index.php/Hospital/Arrange/changeup/expert_code/10000/info/wednesday
INFO: [ app_init ] --START--
INFO: Run Behavior\BuildLiteBehavior [ RunTime:0.000021s ]
INFO: [ app_init ] --END-- [ RunTime:0.000788s ]
INFO: [ app_begin ] --START--
INFO: Run Behavior\ReadHtmlCacheBehavior [ RunTime:0.000847s ]
INFO: [ app_begin ] --END-- [ RunTime:0.000973s ]
SQL: SHOW COLUMNS FROM `arrange` [ RunTime:0.0172s ]
SQL: UPDATE `arrange` SET `wednesday`='√' WHERE ( expert_code="10000" ) [ RunTime:1.0647s ]
INFO: [ view_parse ] --START--
INFO: [ template_filter ] --START--
INFO: Run Behavior\ContentReplaceBehavior [ RunTime:0.000051s ]
INFO: [ template_filter ] --END-- [ RunTime:0.000116s ]
INFO: Run Behavior\ParseTemplateBehavior [ RunTime:0.217672s ]
INFO: [ view_parse ] --END-- [ RunTime:0.217766s ]
INFO: [ view_filter ] --START--
INFO: Run Behavior\WriteHtmlCacheBehavior [ RunTime:0.000422s ]
INFO: [ view_filter ] --END-- [ RunTime:0.000466s ]
INFO: [ app_end ] --START--
INFO: Run Behavior\ShowPageTraceBehavior [ RunTime:0.000449s ]
INFO: [ app_end ] --END-- [ RunTime:0.000484s ]

[ 2018-01-22T10:41:42+08:00 ] ::1 /Hospital/index.php/Hospital/Arrange/lst.html
INFO: [ app_init ] --START--
INFO: Run Behavior\BuildLiteBehavior [ RunTime:0.000010s ]
INFO: [ app_init ] --END-- [ RunTime:0.000358s ]
INFO: [ app_begin ] --START--
INFO: Run Behavior\ReadHtmlCacheBehavior [ RunTime:0.000431s ]
INFO: [ app_begin ] --END-- [ RunTime:0.000472s ]
SQL: SHOW COLUMNS FROM `arrange` [ RunTime:0.1218s ]
SQL: SELECT COUNT(*) AS tp_count FROM `arrange` WHERE ( hos_code="13" ) LIMIT 1   [ RunTime:0.0003s ]
SQL: SELECT * FROM `arrange` WHERE ( hos_code="13" ) LIMIT 0,3   [ RunTime:0.0002s ]
NOTIC: [8] Array to string conversion D:\XAMPP\xampp\htdocs\Hospital\Application\Hospital\Controller\ArrangeController.class.php 第 46 行.
NOTIC: [8] Array to string conversion D:\XAMPP\xampp\htdocs\Hospital\Application\Hospital\Controller\ArrangeController.class.php 第 50 行.
NOTIC: [8] Array to string conversion D:\XAMPP\xampp\htdocs\Hospital\Application\Hospital\Controller\ArrangeController.class.php 第 46 行.
NOTIC: [8] Array to string conversion D:\XAMPP\xampp\htdocs\Hospital\Application\Hospital\Controller\ArrangeController.class.php 第 50 行.
NOTIC: [8] Array to string conversion D:\XAMPP\xampp\htdocs\Hospital\Application\Hospital\Controller\ArrangeController.class.php 第 46 行.
NOTIC: [8] Array to string conversion D:\XAMPP\xampp\htdocs\Hospital\Application\Hospital\Controller\ArrangeController.class.php 第 46 行.
NOTIC: [8] Array to string conversion D:\XAMPP\xampp\htdocs\Hospital\Application\Hospital\Controller\ArrangeController.class.php 第 50 行.
NOTIC: [8] Array to string conversion D:\XAMPP\xampp\htdocs\Hospital\Application\Hospital\Controller\ArrangeController.class.php 第 50 行.
NOTIC: [8] Array to string conversion D:\XAMPP\xampp\htdocs\Hospital\Application\Hospital\Controller\ArrangeController.class.php 第 50 行.
NOTIC: [8] Array to string conversion D:\XAMPP\xampp\htdocs\Hospital\Application\Hospital\Controller\ArrangeController.class.php 第 50 行.
NOTIC: [8] Array to string conversion D:\XAMPP\xampp\htdocs\Hospital\Application\Hospital\Controller\ArrangeController.class.php 第 50 行.
NOTIC: [8] Array to string conversion D:\XAMPP\xampp\htdocs\Hospital\Application\Hospital\Controller\ArrangeController.class.php 第 50 行.
NOTIC: [8] Array to string conversion D:\XAMPP\xampp\htdocs\Hospital\Application\Hospital\Controller\ArrangeController.class.php 第 46 行.
NOTIC: [8] Array to string conversion D:\XAMPP\xampp\htdocs\Hospital\Application\Hospital\Controller\ArrangeController.class.php 第 50 行.
INFO: [ view_parse ] --START--
INFO: [ template_filter ] --START--
INFO: Run Behavior\ContentReplaceBehavior [ RunTime:0.000051s ]
INFO: [ template_filter ] --END-- [ RunTime:0.000097s ]
INFO: Run Behavior\ParseTemplateBehavior [ RunTime:0.008124s ]
INFO: [ view_parse ] --END-- [ RunTime:0.008176s ]
INFO: [ view_filter ] --START--
INFO: Run Behavior\WriteHtmlCacheBehavior [ RunTime:0.000368s ]
INFO: [ view_filter ] --END-- [ RunTime:0.000404s ]
INFO: [ app_end ] --START--
INFO: Run Behavior\ShowPageTraceBehavior [ RunTime:0.000437s ]
INFO: [ app_end ] --END-- [ RunTime:0.000470s ]

[ 2018-01-22T10:43:21+08:00 ] ::1 /Hospital/index.php/Hospital/Apply/lst.html
INFO: [ app_init ] --START--
INFO: Run Behavior\BuildLiteBehavior [ RunTime:0.000011s ]
INFO: [ app_init ] --END-- [ RunTime:0.000553s ]
INFO: [ app_begin ] --START--
INFO: Run Behavior\ReadHtmlCacheBehavior [ RunTime:0.000529s ]
INFO: [ app_begin ] --END-- [ RunTime:0.000574s ]
SQL: SHOW COLUMNS FROM `apply` [ RunTime:0.0502s ]
SQL: SELECT COUNT(*) AS tp_count FROM `apply` WHERE (  (hos_code="14" ) and ( stop_date > curdate() ) and ( state="没有值" ) ) LIMIT 1   [ RunTime:0.0003s ]
SQL: SELECT * FROM `apply` WHERE ( hos_code="14" and stop_date > curdate() and state="没有值"  ) LIMIT 0,3   [ RunTime:0.0004s ]
INFO: [ view_parse ] --START--
INFO: [ template_filter ] --START--
INFO: Run Behavior\ContentReplaceBehavior [ RunTime:0.000082s ]
INFO: [ template_filter ] --END-- [ RunTime:0.000158s ]
NOTIC: [8] Undefined variable: empty D:\XAMPP\xampp\htdocs\Hospital\Application\Runtime\Cache\Hospital\1a4380ab53cbe01ec8af64e0d2bd4cca.php 第 60 行.
INFO: Run Behavior\ParseTemplateBehavior [ RunTime:0.010790s ]
INFO: [ view_parse ] --END-- [ RunTime:0.010860s ]
INFO: [ view_filter ] --START--
INFO: Run Behavior\WriteHtmlCacheBehavior [ RunTime:0.000435s ]
INFO: [ view_filter ] --END-- [ RunTime:0.000486s ]
INFO: [ app_end ] --START--
INFO: Run Behavior\ShowPageTraceBehavior [ RunTime:0.000698s ]
INFO: [ app_end ] --END-- [ RunTime:0.000758s ]

[ 2018-01-22T10:43:23+08:00 ] ::1 /Hospital/index.php/Hospital/Arrange/lst.html
INFO: [ app_init ] --START--
INFO: Run Behavior\BuildLiteBehavior [ RunTime:0.000013s ]
INFO: [ app_init ] --END-- [ RunTime:0.000441s ]
INFO: [ app_begin ] --START--
INFO: Run Behavior\ReadHtmlCacheBehavior [ RunTime:0.000487s ]
INFO: [ app_begin ] --END-- [ RunTime:0.000526s ]
SQL: SHOW COLUMNS FROM `arrange` [ RunTime:0.0283s ]
SQL: SELECT COUNT(*) AS tp_count FROM `arrange` WHERE ( hos_code="14" ) LIMIT 1   [ RunTime:0.0003s ]
SQL: SELECT * FROM `arrange` WHERE ( hos_code="14" ) LIMIT 0,3   [ RunTime:0.0003s ]
INFO: [ view_parse ] --START--
INFO: [ template_filter ] --START--
INFO: Run Behavior\ContentReplaceBehavior [ RunTime:0.000094s ]
INFO: [ template_filter ] --END-- [ RunTime:0.000172s ]
NOTIC: [8] Undefined variable: empty D:\XAMPP\xampp\htdocs\Hospital\Application\Runtime\Cache\Hospital\aff01c5a3c6be8c962e5cbcf7ba5f23f.php 第 88 行.
INFO: Run Behavior\ParseTemplateBehavior [ RunTime:0.010050s ]
INFO: [ view_parse ] --END-- [ RunTime:0.010110s ]
INFO: [ view_filter ] --START--
INFO: Run Behavior\WriteHtmlCacheBehavior [ RunTime:0.000476s ]
INFO: [ view_filter ] --END-- [ RunTime:0.000535s ]
INFO: [ app_end ] --START--
INFO: Run Behavior\ShowPageTraceBehavior [ RunTime:0.000822s ]
INFO: [ app_end ] --END-- [ RunTime:0.000915s ]

[ 2018-01-22T10:43:24+08:00 ] ::1 /Hospital/index.php/Hospital/Department/lst.html
INFO: [ app_init ] --START--
INFO: Run Behavior\BuildLiteBehavior [ RunTime:0.000018s ]
INFO: [ app_init ] --END-- [ RunTime:0.000592s ]
INFO: [ app_begin ] --START--
INFO: Run Behavior\ReadHtmlCacheBehavior [ RunTime:0.000588s ]
INFO: [ app_begin ] --END-- [ RunTime:0.000651s ]
SQL: SHOW COLUMNS FROM `department` [ RunTime:0.1203s ]
SQL: SELECT COUNT(*) AS tp_count FROM `department` WHERE ( hos_code="14" ) LIMIT 1   [ RunTime:0.0005s ]
SQL: SELECT * FROM `department` WHERE ( hos_code="14" ) LIMIT 0,3   [ RunTime:0.0003s ]
INFO: [ view_parse ] --START--
INFO: [ template_filter ] --START--
INFO: Run Behavior\ContentReplaceBehavior [ RunTime:0.000047s ]
INFO: [ template_filter ] --END-- [ RunTime:0.000106s ]
NOTIC: [8] Undefined variable: empty D:\XAMPP\xampp\htdocs\Hospital\Application\Runtime\Cache\Hospital\d0ae692cdced9f490e69523262ce16c9.php 第 66 行.
INFO: Run Behavior\ParseTemplateBehavior [ RunTime:0.008227s ]
INFO: [ view_parse ] --END-- [ RunTime:0.008274s ]
INFO: [ view_filter ] --START--
INFO: Run Behavior\WriteHtmlCacheBehavior [ RunTime:0.000352s ]
INFO: [ view_filter ] --END-- [ RunTime:0.000392s ]
INFO: [ app_end ] --START--
INFO: Run Behavior\ShowPageTraceBehavior [ RunTime:0.000502s ]
INFO: [ app_end ] --END-- [ RunTime:0.000555s ]

[ 2018-01-22T10:43:27+08:00 ] ::1 /Hospital/index.php/Hospital/Department/add.html
INFO: [ app_init ] --START--
INFO: Run Behavior\BuildLiteBehavior [ RunTime:0.000011s ]
INFO: [ app_init ] --END-- [ RunTime:0.000471s ]
INFO: [ app_begin ] --START--
INFO: Run Behavior\ReadHtmlCacheBehavior [ RunTime:0.000530s ]
INFO: [ app_begin ] --END-- [ RunTime:0.000567s ]
INFO: [ view_parse ] --START--
INFO: [ template_filter ] --START--
INFO: Run Behavior\ContentReplaceBehavior [ RunTime:0.000045s ]
INFO: [ template_filter ] --END-- [ RunTime:0.000090s ]
INFO: Run Behavior\ParseTemplateBehavior [ RunTime:0.053220s ]
INFO: [ view_parse ] --END-- [ RunTime:0.053288s ]
INFO: [ view_filter ] --START--
INFO: Run Behavior\WriteHtmlCacheBehavior [ RunTime:0.000376s ]
INFO: [ view_filter ] --END-- [ RunTime:0.000409s ]
INFO: [ app_end ] --START--
INFO: Run Behavior\ShowPageTraceBehavior [ RunTime:0.000437s ]
INFO: [ app_end ] --END-- [ RunTime:0.000474s ]

[ 2018-01-22T10:43:37+08:00 ] ::1 /Hospital/index.php/Hospital/Department/add
INFO: [ app_init ] --START--
INFO: Run Behavior\BuildLiteBehavior [ RunTime:0.000013s ]
INFO: [ app_init ] --END-- [ RunTime:0.000444s ]
INFO: [ app_begin ] --START--
INFO: Run Behavior\ReadHtmlCacheBehavior [ RunTime:0.000427s ]
INFO: [ app_begin ] --END-- [ RunTime:0.000466s ]
SQL: SHOW COLUMNS FROM `department` [ RunTime:0.0281s ]
SQL: SELECT COUNT(*) AS tp_count FROM `department` WHERE ( hos_code="14" and department_name="消化科" ) LIMIT 1   [ RunTime:0.0003s ]
NOTIC: [8] Undefined index: validate D:\XAMPP\xampp\htdocs\Hospital\ThinkPHP\Library\Think\Model.class.php 第 1185 行.
NOTIC: [8] Undefined index: auto D:\XAMPP\xampp\htdocs\Hospital\ThinkPHP\Library\Think\Model.class.php 第 1128 行.
SQL: INSERT INTO `department` (`department_describe`,`department_name`,`department_sort`,`hos_code`) VALUES ('很好','消化科','内科','14') [ RunTime:0.3397s ]
INFO: [ view_parse ] --START--
INFO: [ template_filter ] --START--
INFO: Run Behavior\ContentReplaceBehavior [ RunTime:0.000029s ]
INFO: [ template_filter ] --END-- [ RunTime:0.000068s ]
INFO: Run Behavior\ParseTemplateBehavior [ RunTime:0.005689s ]
INFO: [ view_parse ] --END-- [ RunTime:0.005732s ]
INFO: [ view_filter ] --START--
INFO: Run Behavior\WriteHtmlCacheBehavior [ RunTime:0.000357s ]
INFO: [ view_filter ] --END-- [ RunTime:0.000403s ]
INFO: [ app_end ] --START--
INFO: Run Behavior\ShowPageTraceBehavior [ RunTime:0.000550s ]
INFO: [ app_end ] --END-- [ RunTime:0.000585s ]

[ 2018-01-22T10:43:38+08:00 ] ::1 /Hospital/index.php/Hospital/Department/add.html
INFO: [ app_init ] --START--
INFO: Run Behavior\BuildLiteBehavior [ RunTime:0.000013s ]
INFO: [ app_init ] --END-- [ RunTime:0.000489s ]
INFO: [ app_begin ] --START--
INFO: Run Behavior\ReadHtmlCacheBehavior [ RunTime:0.000474s ]
INFO: [ app_begin ] --END-- [ RunTime:0.000521s ]
INFO: [ view_parse ] --START--
INFO: [ template_filter ] --START--
INFO: Run Behavior\ContentReplaceBehavior [ RunTime:0.000050s ]
INFO: [ template_filter ] --END-- [ RunTime:0.000096s ]
INFO: Run Behavior\ParseTemplateBehavior [ RunTime:0.005697s ]
INFO: [ view_parse ] --END-- [ RunTime:0.005767s ]
INFO: [ view_filter ] --START--
INFO: Run Behavior\WriteHtmlCacheBehavior [ RunTime:0.000505s ]
INFO: [ view_filter ] --END-- [ RunTime:0.000563s ]
INFO: [ app_end ] --START--
INFO: Run Behavior\ShowPageTraceBehavior [ RunTime:0.001455s ]
INFO: [ app_end ] --END-- [ RunTime:0.001694s ]

[ 2018-01-22T10:43:39+08:00 ] ::1 /Hospital/index.php/Hospital/Expert/lst.html
INFO: [ app_init ] --START--
INFO: Run Behavior\BuildLiteBehavior [ RunTime:0.000031s ]
INFO: [ app_init ] --END-- [ RunTime:0.000588s ]
INFO: [ app_begin ] --START--
INFO: Run Behavior\ReadHtmlCacheBehavior [ RunTime:0.000511s ]
INFO: [ app_begin ] --END-- [ RunTime:0.000575s ]
SQL: SHOW COLUMNS FROM `expert` [ RunTime:0.0571s ]
SQL: SELECT COUNT(*) AS tp_count FROM `expert` WHERE ( hos_code="14" ) LIMIT 1   [ RunTime:0.0003s ]
SQL: SELECT * FROM `expert` WHERE ( hos_code="14" ) LIMIT 0,3   [ RunTime:0.0003s ]
INFO: [ view_parse ] --START--
INFO: [ template_filter ] --START--
INFO: Run Behavior\ContentReplaceBehavior [ RunTime:0.000095s ]
INFO: [ template_filter ] --END-- [ RunTime:0.000190s ]
NOTIC: [8] Undefined variable: empty D:\XAMPP\xampp\htdocs\Hospital\Application\Runtime\Cache\Hospital\21d62111e0ccf1f048212aafac123da1.php 第 69 行.
INFO: Run Behavior\ParseTemplateBehavior [ RunTime:0.008643s ]
INFO: [ view_parse ] --END-- [ RunTime:0.008693s ]
INFO: [ view_filter ] --START--
INFO: Run Behavior\WriteHtmlCacheBehavior [ RunTime:0.000452s ]
INFO: [ view_filter ] --END-- [ RunTime:0.000500s ]
INFO: [ app_end ] --START--
INFO: Run Behavior\ShowPageTraceBehavior [ RunTime:0.000645s ]
INFO: [ app_end ] --END-- [ RunTime:0.000705s ]

[ 2018-01-22T10:43:42+08:00 ] ::1 /Hospital/index.php/Hospital/Expert/add.html
INFO: [ app_init ] --START--
INFO: Run Behavior\BuildLiteBehavior [ RunTime:0.000011s ]
INFO: [ app_init ] --END-- [ RunTime:0.000375s ]
INFO: [ app_begin ] --START--
INFO: Run Behavior\ReadHtmlCacheBehavior [ RunTime:0.000569s ]
INFO: [ app_begin ] --END-- [ RunTime:0.000650s ]
SQL: SHOW COLUMNS FROM `department` [ RunTime:0.0725s ]
SQL: SELECT * FROM `department` WHERE ( hos_code="14" )  [ RunTime:0.0004s ]
INFO: [ view_parse ] --START--
INFO: [ template_filter ] --START--
INFO: Run Behavior\ContentReplaceBehavior [ RunTime:0.000118s ]
INFO: [ template_filter ] --END-- [ RunTime:0.000281s ]
NOTIC: [8] Use of undefined constant department_name - assumed 'department_name' D:\XAMPP\xampp\htdocs\Hospital\Application\Runtime\Cache\Hospital\6d937affe0906cc546f21a245ed1db95.php 第 55 行.
NOTIC: [8] Use of undefined constant department_name - assumed 'department_name' D:\XAMPP\xampp\htdocs\Hospital\Application\Runtime\Cache\Hospital\6d937affe0906cc546f21a245ed1db95.php 第 56 行.
INFO: Run Behavior\ParseTemplateBehavior [ RunTime:0.194233s ]
INFO: [ view_parse ] --END-- [ RunTime:0.194315s ]
INFO: [ view_filter ] --START--
INFO: Run Behavior\WriteHtmlCacheBehavior [ RunTime:0.000580s ]
INFO: [ view_filter ] --END-- [ RunTime:0.000681s ]
INFO: [ app_end ] --START--
INFO: Run Behavior\ShowPageTraceBehavior [ RunTime:0.000689s ]
INFO: [ app_end ] --END-- [ RunTime:0.000762s ]

[ 2018-01-22T10:43:51+08:00 ] ::1 /Hospital/index.php/Hospital/Expert/add
INFO: [ app_init ] --START--
INFO: Run Behavior\BuildLiteBehavior [ RunTime:0.000016s ]
INFO: [ app_init ] --END-- [ RunTime:0.000666s ]
INFO: [ app_begin ] --START--
INFO: Run Behavior\ReadHtmlCacheBehavior [ RunTime:0.000572s ]
INFO: [ app_begin ] --END-- [ RunTime:0.000629s ]
SQL: SHOW COLUMNS FROM `expert` [ RunTime:0.1005s ]
NOTIC: [8] Undefined index: validate D:\XAMPP\xampp\htdocs\Hospital\ThinkPHP\Library\Think\Model.class.php 第 1185 行.
NOTIC: [8] Undefined index: auto D:\XAMPP\xampp\htdocs\Hospital\ThinkPHP\Library\Think\Model.class.php 第 1128 行.
SQL: INSERT INTO `expert` (`expert_name`,`department_name`,`hos_code`) VALUES ('曲奇','消化科','14') [ RunTime:0.6210s ]
INFO: [ view_parse ] --START--
INFO: [ template_filter ] --START--
INFO: Run Behavior\ContentReplaceBehavior [ RunTime:0.000033s ]
INFO: [ template_filter ] --END-- [ RunTime:0.000072s ]
INFO: Run Behavior\ParseTemplateBehavior [ RunTime:0.143239s ]
INFO: [ view_parse ] --END-- [ RunTime:0.143312s ]
INFO: [ view_filter ] --START--
INFO: Run Behavior\WriteHtmlCacheBehavior [ RunTime:0.000456s ]
INFO: [ view_filter ] --END-- [ RunTime:0.000498s ]
INFO: [ app_end ] --START--
INFO: Run Behavior\ShowPageTraceBehavior [ RunTime:0.000787s ]
INFO: [ app_end ] --END-- [ RunTime:0.000837s ]

[ 2018-01-22T10:43:52+08:00 ] ::1 /Hospital/index.php/Hospital/Expert/add.html
INFO: [ app_init ] --START--
INFO: Run Behavior\BuildLiteBehavior [ RunTime:0.000014s ]
INFO: [ app_init ] --END-- [ RunTime:0.000626s ]
INFO: [ app_begin ] --START--
INFO: Run Behavior\ReadHtmlCacheBehavior [ RunTime:0.001705s ]
INFO: [ app_begin ] --END-- [ RunTime:0.001917s ]
SQL: SHOW COLUMNS FROM `department` [ RunTime:0.0939s ]
SQL: SELECT * FROM `department` WHERE ( hos_code="14" )  [ RunTime:0.0003s ]
INFO: [ view_parse ] --START--
INFO: [ template_filter ] --START--
INFO: Run Behavior\ContentReplaceBehavior [ RunTime:0.000045s ]
INFO: [ template_filter ] --END-- [ RunTime:0.000090s ]
NOTIC: [8] Use of undefined constant department_name - assumed 'department_name' D:\XAMPP\xampp\htdocs\Hospital\Application\Runtime\Cache\Hospital\6d937affe0906cc546f21a245ed1db95.php 第 55 行.
NOTIC: [8] Use of undefined constant department_name - assumed 'department_name' D:\XAMPP\xampp\htdocs\Hospital\Application\Runtime\Cache\Hospital\6d937affe0906cc546f21a245ed1db95.php 第 56 行.
INFO: Run Behavior\ParseTemplateBehavior [ RunTime:0.006073s ]
INFO: [ view_parse ] --END-- [ RunTime:0.006113s ]
INFO: [ view_filter ] --START--
INFO: Run Behavior\WriteHtmlCacheBehavior [ RunTime:0.000304s ]
INFO: [ view_filter ] --END-- [ RunTime:0.000333s ]
INFO: [ app_end ] --START--
INFO: Run Behavior\ShowPageTraceBehavior [ RunTime:0.000590s ]
INFO: [ app_end ] --END-- [ RunTime:0.000631s ]

[ 2018-01-22T10:43:54+08:00 ] ::1 /Hospital/index.php/Hospital/Department/lst.html
INFO: [ app_init ] --START--
INFO: Run Behavior\BuildLiteBehavior [ RunTime:0.000011s ]
INFO: [ app_init ] --END-- [ RunTime:0.000443s ]
INFO: [ app_begin ] --START--
INFO: Run Behavior\ReadHtmlCacheBehavior [ RunTime:0.000545s ]
INFO: [ app_begin ] --END-- [ RunTime:0.000591s ]
SQL: SHOW COLUMNS FROM `department` [ RunTime:0.0407s ]
SQL: SELECT COUNT(*) AS tp_count FROM `department` WHERE ( hos_code="14" ) LIMIT 1   [ RunTime:0.0002s ]
SQL: SELECT * FROM `department` WHERE ( hos_code="14" ) LIMIT 0,3   [ RunTime:0.0003s ]
INFO: [ view_parse ] --START--
INFO: [ template_filter ] --START--
INFO: Run Behavior\ContentReplaceBehavior [ RunTime:0.000085s ]
INFO: [ template_filter ] --END-- [ RunTime:0.000162s ]
INFO: Run Behavior\ParseTemplateBehavior [ RunTime:0.008655s ]
INFO: [ view_parse ] --END-- [ RunTime:0.008733s ]
INFO: [ view_filter ] --START--
INFO: Run Behavior\WriteHtmlCacheBehavior [ RunTime:0.000437s ]
INFO: [ view_filter ] --END-- [ RunTime:0.000510s ]
INFO: [ app_end ] --START--
INFO: Run Behavior\ShowPageTraceBehavior [ RunTime:0.000865s ]
INFO: [ app_end ] --END-- [ RunTime:0.000939s ]

[ 2018-01-22T10:43:55+08:00 ] ::1 /Hospital/index.php/Hospital/Expert/lst.html
INFO: [ app_init ] --START--
INFO: Run Behavior\BuildLiteBehavior [ RunTime:0.000011s ]
INFO: [ app_init ] --END-- [ RunTime:0.000420s ]
INFO: [ app_begin ] --START--
INFO: Run Behavior\ReadHtmlCacheBehavior [ RunTime:0.000473s ]
INFO: [ app_begin ] --END-- [ RunTime:0.000523s ]
SQL: SHOW COLUMNS FROM `expert` [ RunTime:0.0211s ]
SQL: SELECT COUNT(*) AS tp_count FROM `expert` WHERE ( hos_code="14" ) LIMIT 1   [ RunTime:0.0003s ]
SQL: SELECT * FROM `expert` WHERE ( hos_code="14" ) LIMIT 0,3   [ RunTime:0.0003s ]
INFO: [ view_parse ] --START--
INFO: [ template_filter ] --START--
INFO: Run Behavior\ContentReplaceBehavior [ RunTime:0.000049s ]
INFO: [ template_filter ] --END-- [ RunTime:0.000090s ]
INFO: Run Behavior\ParseTemplateBehavior [ RunTime:0.006845s ]
INFO: [ view_parse ] --END-- [ RunTime:0.006918s ]
INFO: [ view_filter ] --START--
INFO: Run Behavior\WriteHtmlCacheBehavior [ RunTime:0.000382s ]
INFO: [ view_filter ] --END-- [ RunTime:0.000421s ]
INFO: [ app_end ] --START--
INFO: Run Behavior\ShowPageTraceBehavior [ RunTime:0.000553s ]
INFO: [ app_end ] --END-- [ RunTime:0.000587s ]

[ 2018-01-22T10:44:01+08:00 ] ::1 /Hospital/index.php/Hospital/Arrange/lst.html
INFO: [ app_init ] --START--
INFO: Run Behavior\BuildLiteBehavior [ RunTime:0.000027s ]
INFO: [ app_init ] --END-- [ RunTime:0.001589s ]
INFO: [ app_begin ] --START--
INFO: Run Behavior\ReadHtmlCacheBehavior [ RunTime:0.000580s ]
INFO: [ app_begin ] --END-- [ RunTime:0.000628s ]
SQL: SHOW COLUMNS FROM `arrange` [ RunTime:0.0152s ]
SQL: SELECT COUNT(*) AS tp_count FROM `arrange` WHERE ( hos_code="14" ) LIMIT 1   [ RunTime:0.0003s ]
SQL: SELECT * FROM `arrange` WHERE ( hos_code="14" ) LIMIT 0,3   [ RunTime:0.0003s ]
INFO: [ view_parse ] --START--
INFO: [ template_filter ] --START--
INFO: Run Behavior\ContentReplaceBehavior [ RunTime:0.000046s ]
INFO: [ template_filter ] --END-- [ RunTime:0.000086s ]
NOTIC: [8] Undefined variable: empty D:\XAMPP\xampp\htdocs\Hospital\Application\Runtime\Cache\Hospital\aff01c5a3c6be8c962e5cbcf7ba5f23f.php 第 88 行.
INFO: Run Behavior\ParseTemplateBehavior [ RunTime:0.007999s ]
INFO: [ view_parse ] --END-- [ RunTime:0.008039s ]
INFO: [ view_filter ] --START--
INFO: Run Behavior\WriteHtmlCacheBehavior [ RunTime:0.000368s ]
INFO: [ view_filter ] --END-- [ RunTime:0.000415s ]
INFO: [ app_end ] --START--
INFO: Run Behavior\ShowPageTraceBehavior [ RunTime:0.000544s ]
INFO: [ app_end ] --END-- [ RunTime:0.000574s ]

[ 2018-01-22T10:44:03+08:00 ] ::1 /Hospital/index.php/Hospital/Arrange/add.html
INFO: [ app_init ] --START--
INFO: Run Behavior\BuildLiteBehavior [ RunTime:0.000027s ]
INFO: [ app_init ] --END-- [ RunTime:0.000509s ]
INFO: [ app_begin ] --START--
INFO: Run Behavior\ReadHtmlCacheBehavior [ RunTime:0.000716s ]
INFO: [ app_begin ] --END-- [ RunTime:0.000910s ]
INFO: [ view_parse ] --START--
INFO: [ template_filter ] --START--
INFO: Run Behavior\ContentReplaceBehavior [ RunTime:0.000046s ]
INFO: [ template_filter ] --END-- [ RunTime:0.000108s ]
INFO: Run Behavior\ParseTemplateBehavior [ RunTime:0.006394s ]
INFO: [ view_parse ] --END-- [ RunTime:0.006446s ]
INFO: [ view_filter ] --START--
INFO: Run Behavior\WriteHtmlCacheBehavior [ RunTime:0.000472s ]
INFO: [ view_filter ] --END-- [ RunTime:0.000509s ]
INFO: [ app_end ] --START--
INFO: Run Behavior\ShowPageTraceBehavior [ RunTime:0.000536s ]
INFO: [ app_end ] --END-- [ RunTime:0.000570s ]

[ 2018-01-22T10:44:25+08:00 ] ::1 /Hospital/index.php/Hospital/Arrange/add
INFO: [ app_init ] --START--
INFO: Run Behavior\BuildLiteBehavior [ RunTime:0.000018s ]
INFO: [ app_init ] --END-- [ RunTime:0.000572s ]
INFO: [ app_begin ] --START--
INFO: Run Behavior\ReadHtmlCacheBehavior [ RunTime:0.000693s ]
INFO: [ app_begin ] --END-- [ RunTime:0.000774s ]
SQL: SHOW COLUMNS FROM `expert` [ RunTime:0.0943s ]
SQL: SELECT * FROM `expert` WHERE ( expert_code="10003" ) LIMIT 1   [ RunTime:0.0004s ]
SQL: SHOW COLUMNS FROM `arrange` [ RunTime:0.0471s ]
SQL: SELECT COUNT(*) AS tp_count FROM `expert` WHERE ( expert_code="10003" and hos_code="14" ) LIMIT 1   [ RunTime:0.0002s ]
INFO: [ view_parse ] --START--
INFO: [ template_filter ] --START--
INFO: Run Behavior\ContentReplaceBehavior [ RunTime:0.000033s ]
INFO: [ template_filter ] --END-- [ RunTime:0.000090s ]
INFO: Run Behavior\ParseTemplateBehavior [ RunTime:0.005073s ]
INFO: [ view_parse ] --END-- [ RunTime:0.005122s ]
INFO: [ view_filter ] --START--
INFO: Run Behavior\WriteHtmlCacheBehavior [ RunTime:0.000281s ]
INFO: [ view_filter ] --END-- [ RunTime:0.000311s ]

[ 2018-01-22T10:44:37+08:00 ] ::1 /Hospital/index.php/Hospital/Arrange/add
INFO: [ app_init ] --START--
INFO: Run Behavior\BuildLiteBehavior [ RunTime:0.000014s ]
INFO: [ app_init ] --END-- [ RunTime:0.000557s ]
INFO: [ app_begin ] --START--
INFO: Run Behavior\ReadHtmlCacheBehavior [ RunTime:0.000948s ]
INFO: [ app_begin ] --END-- [ RunTime:0.001063s ]
SQL: SHOW COLUMNS FROM `expert` [ RunTime:0.0904s ]
SQL: SELECT * FROM `expert` WHERE ( expert_code="10002" ) LIMIT 1   [ RunTime:0.0004s ]
SQL: SHOW COLUMNS FROM `arrange` [ RunTime:0.0531s ]
SQL: SELECT COUNT(*) AS tp_count FROM `expert` WHERE ( expert_code="10002" and hos_code="14" ) LIMIT 1   [ RunTime:0.0002s ]
SQL: SELECT COUNT(*) AS tp_count FROM `arrange` WHERE ( expert_code="10002" ) LIMIT 1   [ RunTime:0.0001s ]
NOTIC: [8] Undefined index: validate D:\XAMPP\xampp\htdocs\Hospital\ThinkPHP\Library\Think\Model.class.php 第 1185 行.
NOTIC: [8] Undefined index: auto D:\XAMPP\xampp\htdocs\Hospital\ThinkPHP\Library\Think\Model.class.php 第 1128 行.
SQL: INSERT INTO `arrange` (`hos_code`,`expert_code`,`monday`,`tuesday`,`wednesday`,`thursday`,`friday`,`saturday`,`sunday`,`monday2`,`tuesday2`,`wednesday2`,`thursday2`,`friday2`,`saturday2`,`sunday2`,`department_name`) VALUES ('14','10002','√','√','√','√','√','√','√','×','×','×','×','×','×','×','消化科') [ RunTime:0.6739s ]
INFO: [ view_parse ] --START--
INFO: [ template_filter ] --START--
INFO: Run Behavior\ContentReplaceBehavior [ RunTime:0.000032s ]
INFO: [ template_filter ] --END-- [ RunTime:0.000084s ]
INFO: Run Behavior\ParseTemplateBehavior [ RunTime:0.006233s ]
INFO: [ view_parse ] --END-- [ RunTime:0.006318s ]
INFO: [ view_filter ] --START--
INFO: Run Behavior\WriteHtmlCacheBehavior [ RunTime:0.000451s ]
INFO: [ view_filter ] --END-- [ RunTime:0.000491s ]
INFO: [ app_end ] --START--
INFO: Run Behavior\ShowPageTraceBehavior [ RunTime:0.000527s ]
INFO: [ app_end ] --END-- [ RunTime:0.000560s ]

[ 2018-01-22T10:44:38+08:00 ] ::1 /Hospital/index.php/Hospital/Arrange/add.html
INFO: [ app_init ] --START--
INFO: Run Behavior\BuildLiteBehavior [ RunTime:0.000024s ]
INFO: [ app_init ] --END-- [ RunTime:0.001576s ]
INFO: [ app_begin ] --START--
INFO: Run Behavior\ReadHtmlCacheBehavior [ RunTime:0.000551s ]
INFO: [ app_begin ] --END-- [ RunTime:0.000618s ]
INFO: [ view_parse ] --START--
INFO: [ template_filter ] --START--
INFO: Run Behavior\ContentReplaceBehavior [ RunTime:0.000068s ]
INFO: [ template_filter ] --END-- [ RunTime:0.000124s ]
INFO: Run Behavior\ParseTemplateBehavior [ RunTime:0.065655s ]
INFO: [ view_parse ] --END-- [ RunTime:0.065737s ]
INFO: [ view_filter ] --START--
INFO: Run Behavior\WriteHtmlCacheBehavior [ RunTime:0.000433s ]
INFO: [ view_filter ] --END-- [ RunTime:0.000476s ]
INFO: [ app_end ] --START--
INFO: Run Behavior\ShowPageTraceBehavior [ RunTime:0.001189s ]
INFO: [ app_end ] --END-- [ RunTime:0.001271s ]

[ 2018-01-22T10:44:40+08:00 ] ::1 /Hospital/index.php/Hospital/Department/lst.html
INFO: [ app_init ] --START--
INFO: Run Behavior\BuildLiteBehavior [ RunTime:0.000011s ]
INFO: [ app_init ] --END-- [ RunTime:0.000483s ]
INFO: [ app_begin ] --START--
INFO: Run Behavior\ReadHtmlCacheBehavior [ RunTime:0.000548s ]
INFO: [ app_begin ] --END-- [ RunTime:0.000586s ]
SQL: SHOW COLUMNS FROM `department` [ RunTime:0.0429s ]
SQL: SELECT COUNT(*) AS tp_count FROM `department` WHERE ( hos_code="14" ) LIMIT 1   [ RunTime:0.0003s ]
SQL: SELECT * FROM `department` WHERE ( hos_code="14" ) LIMIT 0,3   [ RunTime:0.0003s ]
INFO: [ view_parse ] --START--
INFO: [ template_filter ] --START--
INFO: Run Behavior\ContentReplaceBehavior [ RunTime:0.000047s ]
INFO: [ template_filter ] --END-- [ RunTime:0.000088s ]
INFO: Run Behavior\ParseTemplateBehavior [ RunTime:0.008454s ]
INFO: [ view_parse ] --END-- [ RunTime:0.008507s ]
INFO: [ view_filter ] --START--
INFO: Run Behavior\WriteHtmlCacheBehavior [ RunTime:0.000373s ]
INFO: [ view_filter ] --END-- [ RunTime:0.000404s ]
INFO: [ app_end ] --START--
INFO: Run Behavior\ShowPageTraceBehavior [ RunTime:0.000533s ]
INFO: [ app_end ] --END-- [ RunTime:0.000565s ]

[ 2018-01-22T10:44:41+08:00 ] ::1 /Hospital/index.php/Hospital/Expert/lst.html
INFO: [ app_init ] --START--
INFO: Run Behavior\BuildLiteBehavior [ RunTime:0.000011s ]
INFO: [ app_init ] --END-- [ RunTime:0.000428s ]
INFO: [ app_begin ] --START--
INFO: Run Behavior\ReadHtmlCacheBehavior [ RunTime:0.000637s ]
INFO: [ app_begin ] --END-- [ RunTime:0.000684s ]
SQL: SHOW COLUMNS FROM `expert` [ RunTime:0.0355s ]
SQL: SELECT COUNT(*) AS tp_count FROM `expert` WHERE ( hos_code="14" ) LIMIT 1   [ RunTime:0.0003s ]
SQL: SELECT * FROM `expert` WHERE ( hos_code="14" ) LIMIT 0,3   [ RunTime:0.0002s ]
INFO: [ view_parse ] --START--
INFO: [ template_filter ] --START--
INFO: Run Behavior\ContentReplaceBehavior [ RunTime:0.000050s ]
INFO: [ template_filter ] --END-- [ RunTime:0.000095s ]
INFO: Run Behavior\ParseTemplateBehavior [ RunTime:0.009555s ]
INFO: [ view_parse ] --END-- [ RunTime:0.009631s ]
INFO: [ view_filter ] --START--
INFO: Run Behavior\WriteHtmlCacheBehavior [ RunTime:0.001384s ]
INFO: [ view_filter ] --END-- [ RunTime:0.001480s ]
INFO: [ app_end ] --START--
INFO: Run Behavior\ShowPageTraceBehavior [ RunTime:0.000970s ]
INFO: [ app_end ] --END-- [ RunTime:0.001065s ]

[ 2018-01-22T10:44:43+08:00 ] ::1 /Hospital/index.php/Hospital/Arrange/lst.html
INFO: [ app_init ] --START--
INFO: Run Behavior\BuildLiteBehavior [ RunTime:0.000016s ]
INFO: [ app_init ] --END-- [ RunTime:0.000429s ]
INFO: [ app_begin ] --START--
INFO: Run Behavior\ReadHtmlCacheBehavior [ RunTime:0.000694s ]
INFO: [ app_begin ] --END-- [ RunTime:0.000757s ]
SQL: SHOW COLUMNS FROM `arrange` [ RunTime:0.0833s ]
SQL: SELECT COUNT(*) AS tp_count FROM `arrange` WHERE ( hos_code="14" ) LIMIT 1   [ RunTime:0.0003s ]
SQL: SELECT * FROM `arrange` WHERE ( hos_code="14" ) LIMIT 0,3   [ RunTime:0.0003s ]
NOTIC: [8] Array to string conversion D:\XAMPP\xampp\htdocs\Hospital\Application\Hospital\Controller\ArrangeController.class.php 第 46 行.
NOTIC: [8] Array to string conversion D:\XAMPP\xampp\htdocs\Hospital\Application\Hospital\Controller\ArrangeController.class.php 第 46 行.
NOTIC: [8] Array to string conversion D:\XAMPP\xampp\htdocs\Hospital\Application\Hospital\Controller\ArrangeController.class.php 第 46 行.
NOTIC: [8] Array to string conversion D:\XAMPP\xampp\htdocs\Hospital\Application\Hospital\Controller\ArrangeController.class.php 第 46 行.
NOTIC: [8] Array to string conversion D:\XAMPP\xampp\htdocs\Hospital\Application\Hospital\Controller\ArrangeController.class.php 第 46 行.
NOTIC: [8] Array to string conversion D:\XAMPP\xampp\htdocs\Hospital\Application\Hospital\Controller\ArrangeController.class.php 第 46 行.
NOTIC: [8] Array to string conversion D:\XAMPP\xampp\htdocs\Hospital\Application\Hospital\Controller\ArrangeController.class.php 第 46 行.
NOTIC: [8] Array to string conversion D:\XAMPP\xampp\htdocs\Hospital\Application\Hospital\Controller\ArrangeController.class.php 第 50 行.
NOTIC: [8] Array to string conversion D:\XAMPP\xampp\htdocs\Hospital\Application\Hospital\Controller\ArrangeController.class.php 第 50 行.
NOTIC: [8] Array to string conversion D:\XAMPP\xampp\htdocs\Hospital\Application\Hospital\Controller\ArrangeController.class.php 第 50 行.
NOTIC: [8] Array to string conversion D:\XAMPP\xampp\htdocs\Hospital\Application\Hospital\Controller\ArrangeController.class.php 第 50 行.
NOTIC: [8] Array to string conversion D:\XAMPP\xampp\htdocs\Hospital\Application\Hospital\Controller\ArrangeController.class.php 第 50 行.
NOTIC: [8] Array to string conversion D:\XAMPP\xampp\htdocs\Hospital\Application\Hospital\Controller\ArrangeController.class.php 第 50 行.
NOTIC: [8] Array to string conversion D:\XAMPP\xampp\htdocs\Hospital\Application\Hospital\Controller\ArrangeController.class.php 第 50 行.
INFO: [ view_parse ] --START--
INFO: [ template_filter ] --START--
INFO: Run Behavior\ContentReplaceBehavior [ RunTime:0.000085s ]
INFO: [ template_filter ] --END-- [ RunTime:0.000168s ]
INFO: Run Behavior\ParseTemplateBehavior [ RunTime:0.010626s ]
INFO: [ view_parse ] --END-- [ RunTime:0.010709s ]
INFO: [ view_filter ] --START--
INFO: Run Behavior\WriteHtmlCacheBehavior [ RunTime:0.000498s ]
INFO: [ view_filter ] --END-- [ RunTime:0.000559s ]
INFO: [ app_end ] --START--
INFO: Run Behavior\ShowPageTraceBehavior [ RunTime:0.000667s ]
INFO: [ app_end ] --END-- [ RunTime:0.000725s ]

